[2024-08-17 13:27:10,216][__main__][INFO]: Welcome to AirLine!
[2024-08-17 13:27:10,216][reader.Mysql][INFO]: Connecting to database
[2024-08-17 13:27:10,245][reader.Mysql][INFO]: Connected!
[2024-08-17 13:27:10,246][__main__][WARNING]: Auto logged Admin: admin
[2024-08-17 13:27:10,426][ui.Manager][INFO]: Initialized Home
[2024-08-17 13:27:10,426][ui.Manager][INFO]: Showing Home
[2024-08-17 13:27:12,141][ui.Flights][INFO]: Refreshing Flights!
[2024-08-17 13:27:12,146][ui.Flights][INFO]: Extracted flights from Flights!
[2024-08-17 13:27:12,146][ui.Manager][INFO]: Initialized Flights
[2024-08-17 13:27:12,146][ui.Manager][INFO]: Showing Flights
[2024-08-17 13:27:24,971][ui.Flights][INFO]: Admin: admin booked Flight with id: 2
[2024-08-17 13:27:24,986][ui.Cart][INFO]: Refreshing Cart!
[2024-08-17 13:27:24,986][ui.Cart][INFO]: Extracted data from passengers
[2024-08-17 13:27:24,994][ui.Manager][INFO]: Initialized Cart
[2024-08-17 13:27:24,994][ui.Manager][INFO]: Showing Flights
[2024-08-17 13:27:28,696][ui.Flights][INFO]: Refreshing Flights!
[2024-08-17 13:27:28,696][ui.Flights][INFO]: Extracted flights from Flights!
[2024-08-17 13:27:29,692][ui.Manager][INFO]: Showing Home
[2024-08-17 13:27:31,216][ui.Manager][INFO]: Showing Cart
[2024-08-17 13:27:32,876][ui.Cart][INFO]: Refreshing Cart!
[2024-08-17 13:27:32,876][ui.Cart][INFO]: Extracted data from passengers
[2024-08-17 13:27:39,072][ui.Manager][INFO]: Showing Home
[2024-08-17 13:27:40,591][ui.Manager][INFO]: Showing Flights
[2024-08-17 13:27:48,256][ui.Flights][INFO]: Refreshing Flights!
[2024-08-17 13:27:48,256][ui.Flights][INFO]: Extracted available flights from flights
[2024-08-17 13:28:04,830][ui.Flights][INFO]: Refreshing Flights!
[2024-08-17 13:28:04,830][ui.Flights][INFO]: Extracted available flights from flights
[2024-08-17 13:28:06,190][ui.Manager][INFO]: Showing Home
[2024-08-17 13:28:07,446][ui.Manager][INFO]: Showing Cart
[2024-08-17 13:28:17,189][__main__][INFO]: Program terminated!
