[2024-08-06 23:19:55,971][__main__][INFO]: Welcome to AirLine!
[2024-08-06 23:19:55,971][reader.Mysql][INFO]: Connecting to database
[2024-08-06 23:19:56,033][reader.Mysql][INFO]: Connected!
[2024-08-06 23:19:56,392][ui.Flights][INFO]: Extracted data from flights
[2024-08-06 23:19:56,421][ui.Cart][INFO]: Refreshing Cart!
[2024-08-06 23:19:56,421][ui.Cart][INFO]: Extracted data from passengers
[2024-08-06 23:19:56,421][ui.Manager][INFO]: Showing FrontPage
[2024-08-06 23:19:58,492][ui.Manager][INFO]: Showing SignUp
[2024-08-06 23:20:12,783][ui.SignUp][INFO]: Admin: kevin signed up
[2024-08-06 23:20:12,846][ui.Manager][INFO]: Reinitialized Login
[2024-08-06 23:20:12,892][ui.Manager][INFO]: Reinitialized FrontPage
[2024-08-06 23:20:12,981][ui.Manager][INFO]: Reinitialized SignUp
[2024-08-06 23:20:13,012][ui.Manager][INFO]: Reinitialized Home
[2024-08-06 23:20:13,022][ui.Flights][INFO]: Extracted data from flights
[2024-08-06 23:20:13,036][ui.Manager][INFO]: Reinitialized Flights
[2024-08-06 23:20:13,058][ui.Cart][INFO]: Refreshing Cart!
[2024-08-06 23:20:13,058][ui.Cart][INFO]: Extracted data from passengers
[2024-08-06 23:20:13,061][ui.Manager][INFO]: Reinitialized Cart
[2024-08-06 23:20:13,061][ui.Manager][INFO]: Showing Home
[2024-08-06 23:20:14,744][ui.Manager][INFO]: Showing Cart
[2024-08-06 23:20:16,012][ui.Manager][INFO]: Showing Home
[2024-08-06 23:20:17,892][ui.Manager][INFO]: Showing Flights
[2024-08-06 23:20:45,312][ui.Flights][ERROR]: Failed to insert data to Flights!
[2024-08-06 23:20:45,318][ui.Flights][ERROR]: Could not process parameters: dict_values(dict_values(['1', '1', '1', '1', '01-01-2006', '12:00', '1000000'])), it must be of type list, tuple or dict
