[2024-08-06 17:11:41,411][__main__][INFO]: Welcome to AirLine!
[2024-08-06 17:11:41,411][reader.Mysql][INFO]: Connecting to database
[2024-08-06 17:11:41,451][reader.Mysql][INFO]: Connected!
[2024-08-06 17:11:41,796][ui.Flights][INFO]: Extracted data from flights
[2024-08-06 17:11:41,822][ui.Cart][INFO]: Refreshing Cart!
[2024-08-06 17:11:41,822][ui.Cart][ERROR]: Failed to extract data from Passengers
[2024-08-06 17:11:41,822][ui.Cart][ERROR]: Could not process parameters: str(kevin), it must be of type list, tuple or dict
[2024-08-06 17:11:41,822][ui.Manager][INFO]: Showing Home
[2024-08-06 17:11:44,621][ui.Manager][INFO]: Showing Cart
[2024-08-06 17:11:46,041][ui.Cart][INFO]: Refreshing Cart!
[2024-08-06 17:11:46,051][ui.Cart][ERROR]: Failed to extract data from Passengers
[2024-08-06 17:11:46,051][ui.Cart][ERROR]: Could not process parameters: str(kevin), it must be of type list, tuple or dict
[2024-08-06 17:11:46,501][ui.Cart][INFO]: Refreshing Cart!
[2024-08-06 17:11:46,501][ui.Cart][ERROR]: Failed to extract data from Passengers
[2024-08-06 17:11:46,501][ui.Cart][ERROR]: Could not process parameters: str(kevin), it must be of type list, tuple or dict
[2024-08-06 17:11:47,726][ui.Manager][INFO]: Showing Home
[2024-08-06 17:11:49,571][ui.Home][INFO]: Admin: kevin logged out
[2024-08-06 17:11:49,603][ui.Manager][INFO]: Showing FrontPage
[2024-08-06 17:11:50,452][ui.Manager][INFO]: Showing Login
[2024-08-06 17:11:56,577][ui.Login][INFO]: Admin: kevin logged in
[2024-08-06 17:11:56,648][ui.Manager][INFO]: Reinitialized Login
[2024-08-06 17:11:56,704][ui.Manager][INFO]: Reinitialized FrontPage
[2024-08-06 17:11:56,788][ui.Manager][INFO]: Reinitialized SignUp
[2024-08-06 17:11:56,812][ui.Manager][INFO]: Reinitialized Home
[2024-08-06 17:11:56,821][ui.Flights][INFO]: Extracted data from flights
[2024-08-06 17:11:56,844][ui.Manager][INFO]: Reinitialized Flights
[2024-08-06 17:11:56,861][ui.Cart][INFO]: Refreshing Cart!
[2024-08-06 17:11:56,866][ui.Cart][ERROR]: Failed to extract data from Passengers
[2024-08-06 17:11:56,867][ui.Cart][ERROR]: Could not process parameters: str(kevin), it must be of type list, tuple or dict
[2024-08-06 17:11:56,867][ui.Manager][INFO]: Reinitialized Cart
[2024-08-06 17:11:56,867][ui.Manager][INFO]: Showing Home
[2024-08-06 17:11:58,148][ui.Manager][INFO]: Showing Cart
[2024-08-06 17:11:59,265][ui.Cart][INFO]: Refreshing Cart!
[2024-08-06 17:11:59,265][ui.Cart][ERROR]: Failed to extract data from Passengers
[2024-08-06 17:11:59,265][ui.Cart][ERROR]: Could not process parameters: str(kevin), it must be of type list, tuple or dict
[2024-08-06 17:12:00,041][ui.Manager][INFO]: Showing Home
