[2024-09-12 22:35:01,505][__main__][INFO]: Welcome to AirLine!
[2024-09-12 22:35:01,541][reader.Mysql][INFO]: Connecting to database
[2024-09-12 22:35:01,934][reader.Mysql][WARNING]: Failed!
[2024-09-12 22:35:01,934][reader.Mysql][INFO]: Creating Database
[2024-09-12 22:35:01,965][__main__][INFO]: Inserting default flights...
[2024-09-12 22:35:02,986][__main__][INFO]: Inserted flight: {'name': 'Alliance Air', 'pod': 'Rajasthan', 'dest': 'Assam', 'class': 'First Class', 'date': '2024-09-12', 'time': '22:35:03', 'price': 132363}
[2024-09-12 22:35:02,986][__main__][INFO]: Inserted flight: {'name': 'Vistara', 'pod': 'Odisha', 'dest': 'Sikkim', 'class': 'First Class', 'date': '2024-09-12', 'time': '22:35:03', 'price': 412427}
[2024-09-12 22:35:03,002][__main__][INFO]: Inserted flight: {'name': 'Air India Express', 'pod': 'Kerala', 'dest': 'Tamil Nadu', 'class': 'Premium Economy Class', 'date': '2024-09-12', 'time': '22:35:04', 'price': 34995}
[2024-09-12 22:35:03,017][__main__][INFO]: Inserted flight: {'name': 'Star Air', 'pod': 'West Bengal', 'dest': 'Arunachal Pradesh', 'class': 'Premium Economy Class', 'date': '2024-09-12', 'time': '22:35:04', 'price': 250349}
[2024-09-12 22:35:03,017][__main__][INFO]: Inserted flight: {'name': 'AirAsia India', 'pod': 'Arunachal Pradesh', 'dest': 'Himachal Pradesh', 'class': 'Premium Economy Class', 'date': '2024-09-12', 'time': '22:35:04', 'price': 716536}
[2024-09-12 22:35:03,033][__main__][INFO]: Inserted flight: {'name': 'Akasa Air', 'pod': 'Madhya Pradesh', 'dest': 'Meghalaya', 'class': 'Premium Economy Class', 'date': '2024-09-12', 'time': '22:35:04', 'price': 56462}
[2024-09-12 22:35:03,033][__main__][INFO]: Inserted flight: {'name': 'GoAir', 'pod': 'Rajasthan', 'dest': 'Telangana', 'class': 'Economy Class', 'date': '2024-09-12', 'time': '22:35:04', 'price': 720419}
[2024-09-12 22:35:03,048][__main__][INFO]: Inserted flight: {'name': 'GoAir', 'pod': 'Arunachal Pradesh', 'dest': 'Rajasthan', 'class': 'Premium Economy Class', 'date': '2024-09-12', 'time': '22:35:04', 'price': 760102}
[2024-09-12 22:35:03,064][__main__][INFO]: Inserted flight: {'name': 'Vistara', 'pod': 'Uttarakhand', 'dest': 'Himachal Pradesh', 'class': 'Business Class', 'date': '2024-09-12', 'time': '22:35:04', 'price': 315746}
[2024-09-12 22:35:03,064][__main__][INFO]: Inserted flight: {'name': 'SpiceJet', 'pod': 'Uttarakhand', 'dest': 'Meghalaya', 'class': 'First Class', 'date': '2024-09-12', 'time': '22:35:04', 'price': 336366}
[2024-09-12 22:35:03,080][__main__][INFO]: Inserted flight: {'name': 'SpiceJet', 'pod': 'Meghalaya', 'dest': 'Assam', 'class': 'Economy Class', 'date': '2024-09-12', 'time': '22:35:04', 'price': 266236}
[2024-09-12 22:35:03,080][__main__][INFO]: Inserted flight: {'name': 'Star Air', 'pod': 'Jharkhand', 'dest': 'Uttar Pradesh', 'class': 'First Class', 'date': '2024-09-12', 'time': '22:35:04', 'price': 149971}
[2024-09-12 22:35:03,095][__main__][INFO]: Inserted flight: {'name': 'Alliance Air', 'pod': 'Uttar Pradesh', 'dest': 'Assam', 'class': 'Business Class', 'date': '2024-09-12', 'time': '22:35:04', 'price': 401398}
[2024-09-12 22:35:03,095][__main__][INFO]: Inserted flight: {'name': 'AirAsia India', 'pod': 'Punjab', 'dest': 'Uttarakhand', 'class': 'First Class', 'date': '2024-09-12', 'time': '22:35:04', 'price': 325295}
[2024-09-12 22:35:03,111][__main__][INFO]: Inserted flight: {'name': 'GoAir', 'pod': 'Andhra Pradesh', 'dest': 'Haryana', 'class': 'First Class', 'date': '2024-09-12', 'time': '22:35:04', 'price': 546300}
[2024-09-12 22:35:03,111][__main__][INFO]: Inserted flight: {'name': 'AirAsia India', 'pod': 'Madhya Pradesh', 'dest': 'Meghalaya', 'class': 'First Class', 'date': '2024-09-12', 'time': '22:35:04', 'price': 764732}
[2024-09-12 22:35:03,126][__main__][INFO]: Inserted flight: {'name': 'Vistara', 'pod': 'Telangana', 'dest': 'Bihar', 'class': 'Premium Economy Class', 'date': '2024-09-12', 'time': '22:35:04', 'price': 363399}
[2024-09-12 22:35:03,126][__main__][INFO]: Inserted flight: {'name': 'Air India', 'pod': 'Bihar', 'dest': 'Mizoram', 'class': 'Business Class', 'date': '2024-09-12', 'time': '22:35:04', 'price': 784353}
[2024-09-12 22:35:03,189][__main__][INFO]: Inserted flight: {'name': 'Akasa Air', 'pod': 'Kerala', 'dest': 'Mizoram', 'class': 'Premium Economy Class', 'date': '2024-09-12', 'time': '22:35:04', 'price': 215012}
[2024-09-12 22:35:03,189][__main__][INFO]: Inserted flight: {'name': 'Akasa Air', 'pod': 'Sikkim', 'dest': 'Gujarat', 'class': 'Economy Class', 'date': '2024-09-12', 'time': '22:35:04', 'price': 641745}
[2024-09-12 22:35:03,220][__main__][INFO]: Inserted flight: {'name': 'Vistara', 'pod': 'Odisha', 'dest': 'Mizoram', 'class': 'Economy Class', 'date': '2024-09-12', 'time': '22:35:04', 'price': 640858}
[2024-09-12 22:35:03,220][__main__][INFO]: Inserted flight: {'name': 'Akasa Air', 'pod': 'Arunachal Pradesh', 'dest': 'Tamil Nadu', 'class': 'Economy Class', 'date': '2024-09-12', 'time': '22:35:04', 'price': 778617}
[2024-09-12 22:35:03,236][__main__][INFO]: Inserted flight: {'name': 'SpiceJet', 'pod': 'Kerala', 'dest': 'West Bengal', 'class': 'Business Class', 'date': '2024-09-12', 'time': '22:35:04', 'price': 137663}
[2024-09-12 22:35:03,236][__main__][INFO]: Inserted flight: {'name': 'AirAsia India', 'pod': 'Andhra Pradesh', 'dest': 'Karnataka', 'class': 'First Class', 'date': '2024-09-12', 'time': '22:35:04', 'price': 100052}
[2024-09-12 22:35:03,251][__main__][INFO]: Inserted flight: {'name': 'Star Air', 'pod': 'Goa', 'dest': 'Mizoram', 'class': 'Premium Economy Class', 'date': '2024-09-12', 'time': '22:35:04', 'price': 122958}
[2024-09-12 22:35:03,251][__main__][INFO]: Inserted flight: {'name': 'Vistara', 'pod': 'Punjab', 'dest': 'Gujarat', 'class': 'Premium Economy Class', 'date': '2024-09-12', 'time': '22:35:04', 'price': 526298}
[2024-09-12 22:35:03,267][__main__][INFO]: Inserted flight: {'name': 'IndiGo', 'pod': 'Tamil Nadu', 'dest': 'Tripura', 'class': 'Premium Economy Class', 'date': '2024-09-12', 'time': '22:35:04', 'price': 573057}
[2024-09-12 22:35:03,267][__main__][INFO]: Inserted flight: {'name': 'IndiGo', 'pod': 'Rajasthan', 'dest': 'Karnataka', 'class': 'Economy Class', 'date': '2024-09-12', 'time': '22:35:04', 'price': 693860}
[2024-09-12 22:35:03,283][__main__][INFO]: Inserted flight: {'name': 'Vistara', 'pod': 'Manipur', 'dest': 'Maharashtra', 'class': 'Premium Economy Class', 'date': '2024-09-12', 'time': '22:35:04', 'price': 569322}
[2024-09-12 22:35:03,283][__main__][INFO]: Inserted flight: {'name': 'Star Air', 'pod': 'Uttar Pradesh', 'dest': 'Karnataka', 'class': 'Economy Class', 'date': '2024-09-12', 'time': '22:35:04', 'price': 719830}
[2024-09-12 22:35:03,298][__main__][INFO]: Inserted flight: {'name': 'Air India', 'pod': 'Assam', 'dest': 'Goa', 'class': 'Premium Economy Class', 'date': '2024-09-12', 'time': '22:35:04', 'price': 388050}
[2024-09-12 22:35:03,298][__main__][INFO]: Inserted flight: {'name': 'Alliance Air', 'pod': 'Punjab', 'dest': 'Goa', 'class': 'Premium Economy Class', 'date': '2024-09-12', 'time': '22:35:04', 'price': 482089}
[2024-09-12 22:35:03,314][__main__][INFO]: Inserted flight: {'name': 'Akasa Air', 'pod': 'Nagaland', 'dest': 'Arunachal Pradesh', 'class': 'Business Class', 'date': '2024-09-12', 'time': '22:35:04', 'price': 607709}
[2024-09-12 22:35:03,330][__main__][INFO]: Inserted flight: {'name': 'Star Air', 'pod': 'Andhra Pradesh', 'dest': 'Telangana', 'class': 'Economy Class', 'date': '2024-09-12', 'time': '22:35:04', 'price': 251992}
[2024-09-12 22:35:03,330][__main__][INFO]: Inserted flight: {'name': 'AirAsia India', 'pod': 'Goa', 'dest': 'Tamil Nadu', 'class': 'Premium Economy Class', 'date': '2024-09-12', 'time': '22:35:04', 'price': 648793}
[2024-09-12 22:35:03,345][__main__][INFO]: Inserted flight: {'name': 'AirAsia India', 'pod': 'Sikkim', 'dest': 'Kerala', 'class': 'Premium Economy Class', 'date': '2024-09-12', 'time': '22:35:04', 'price': 21376}
[2024-09-12 22:35:03,345][__main__][INFO]: Inserted flight: {'name': 'Vistara', 'pod': 'Nagaland', 'dest': 'Karnataka', 'class': 'First Class', 'date': '2024-09-12', 'time': '22:35:04', 'price': 39857}
[2024-09-12 22:35:03,361][__main__][INFO]: Inserted flight: {'name': 'Alliance Air', 'pod': 'West Bengal', 'dest': 'Odisha', 'class': 'Business Class', 'date': '2024-09-12', 'time': '22:35:04', 'price': 670854}
[2024-09-12 22:35:03,361][__main__][INFO]: Inserted flight: {'name': 'Air India Express', 'pod': 'Nagaland', 'dest': 'Jharkhand', 'class': 'First Class', 'date': '2024-09-12', 'time': '22:35:04', 'price': 232076}
[2024-09-12 22:35:03,377][__main__][INFO]: Inserted flight: {'name': 'Air India', 'pod': 'Haryana', 'dest': 'Punjab', 'class': 'First Class', 'date': '2024-09-12', 'time': '22:35:04', 'price': 436054}
[2024-09-12 22:35:03,377][__main__][INFO]: Inserted flight: {'name': 'Air India', 'pod': 'Chhattisgarh', 'dest': 'Himachal Pradesh', 'class': 'Premium Economy Class', 'date': '2024-09-12', 'time': '22:35:04', 'price': 234003}
[2024-09-12 22:35:03,393][__main__][INFO]: Inserted flight: {'name': 'Alliance Air', 'pod': 'Nagaland', 'dest': 'Odisha', 'class': 'Economy Class', 'date': '2024-09-12', 'time': '22:35:04', 'price': 451491}
[2024-09-12 22:35:03,393][__main__][INFO]: Inserted flight: {'name': 'Vistara', 'pod': 'Tripura', 'dest': 'Punjab', 'class': 'Economy Class', 'date': '2024-09-12', 'time': '22:35:04', 'price': 564538}
[2024-09-12 22:35:03,393][__main__][INFO]: Inserted flight: {'name': 'GoAir', 'pod': 'Manipur', 'dest': 'Kerala', 'class': 'Economy Class', 'date': '2024-09-12', 'time': '22:35:04', 'price': 625364}
[2024-09-12 22:35:03,533][__main__][INFO]: Inserted flight: {'name': 'GoAir', 'pod': 'Telangana', 'dest': 'Assam', 'class': 'Economy Class', 'date': '2024-09-12', 'time': '22:35:04', 'price': 284557}
[2024-09-12 22:35:03,549][__main__][INFO]: Inserted flight: {'name': 'Air India', 'pod': 'Haryana', 'dest': 'Karnataka', 'class': 'Economy Class', 'date': '2024-09-12', 'time': '22:35:04', 'price': 64704}
[2024-09-12 22:35:03,549][__main__][INFO]: Inserted flight: {'name': 'Star Air', 'pod': 'Sikkim', 'dest': 'Telangana', 'class': 'Business Class', 'date': '2024-09-12', 'time': '22:35:04', 'price': 166135}
[2024-09-12 22:35:03,564][__main__][INFO]: Inserted flight: {'name': 'Alliance Air', 'pod': 'Nagaland', 'dest': 'Odisha', 'class': 'First Class', 'date': '2024-09-12', 'time': '22:35:04', 'price': 181513}
[2024-09-12 22:35:03,564][__main__][INFO]: Inserted flight: {'name': 'Akasa Air', 'pod': 'Goa', 'dest': 'Karnataka', 'class': 'Business Class', 'date': '2024-09-12', 'time': '22:35:04', 'price': 233759}
[2024-09-12 22:35:03,580][__main__][INFO]: Inserted flight: {'name': 'SpiceJet', 'pod': 'Punjab', 'dest': 'Jharkhand', 'class': 'Economy Class', 'date': '2024-09-12', 'time': '22:35:04', 'price': 551134}
[2024-09-12 22:35:03,596][__main__][INFO]: Inserted flight: {'name': 'SpiceJet', 'pod': 'Kerala', 'dest': 'Haryana', 'class': 'First Class', 'date': '2024-09-12', 'time': '22:35:04', 'price': 672974}
[2024-09-12 22:35:03,596][__main__][INFO]: Inserted flight: {'name': 'SpiceJet', 'pod': 'Tripura', 'dest': 'Madhya Pradesh', 'class': 'Economy Class', 'date': '2024-09-12', 'time': '22:35:04', 'price': 667348}
[2024-09-12 22:35:03,611][__main__][INFO]: Inserted flight: {'name': 'Vistara', 'pod': 'Telangana', 'dest': 'Gujarat', 'class': 'First Class', 'date': '2024-09-12', 'time': '22:35:04', 'price': 44610}
[2024-09-12 22:35:03,611][__main__][INFO]: Inserted flight: {'name': 'Alliance Air', 'pod': 'Haryana', 'dest': 'Kerala', 'class': 'First Class', 'date': '2024-09-12', 'time': '22:35:04', 'price': 600718}
[2024-09-12 22:35:03,627][__main__][INFO]: Inserted flight: {'name': 'Akasa Air', 'pod': 'Odisha', 'dest': 'Nagaland', 'class': 'Business Class', 'date': '2024-09-12', 'time': '22:35:04', 'price': 619878}
[2024-09-12 22:35:03,630][__main__][INFO]: Inserted flight: {'name': 'Alliance Air', 'pod': 'Himachal Pradesh', 'dest': 'Tripura', 'class': 'Business Class', 'date': '2024-09-12', 'time': '22:35:04', 'price': 47160}
[2024-09-12 22:35:03,643][__main__][INFO]: Inserted flight: {'name': 'Star Air', 'pod': 'Uttarakhand', 'dest': 'Uttar Pradesh', 'class': 'First Class', 'date': '2024-09-12', 'time': '22:35:04', 'price': 586614}
[2024-09-12 22:35:03,643][__main__][INFO]: Inserted flight: {'name': 'SpiceJet', 'pod': 'Gujarat', 'dest': 'Assam', 'class': 'Premium Economy Class', 'date': '2024-09-12', 'time': '22:35:04', 'price': 750655}
[2024-09-12 22:35:03,659][__main__][INFO]: Inserted flight: {'name': 'Akasa Air', 'pod': 'Uttar Pradesh', 'dest': 'Mizoram', 'class': 'Business Class', 'date': '2024-09-12', 'time': '22:35:04', 'price': 303829}
[2024-09-12 22:35:03,659][__main__][INFO]: Inserted flight: {'name': 'Air India Express', 'pod': 'Telangana', 'dest': 'Madhya Pradesh', 'class': 'Business Class', 'date': '2024-09-12', 'time': '22:35:04', 'price': 469498}
[2024-09-12 22:35:03,674][__main__][INFO]: Inserted flight: {'name': 'Air India', 'pod': 'Rajasthan', 'dest': 'Manipur', 'class': 'Premium Economy Class', 'date': '2024-09-12', 'time': '22:35:04', 'price': 555713}
[2024-09-12 22:35:03,674][__main__][INFO]: Inserted flight: {'name': 'Star Air', 'pod': 'Tripura', 'dest': 'Goa', 'class': 'Premium Economy Class', 'date': '2024-09-12', 'time': '22:35:04', 'price': 565651}
[2024-09-12 22:35:03,690][__main__][INFO]: Inserted flight: {'name': 'Vistara', 'pod': 'Mizoram', 'dest': 'Telangana', 'class': 'Premium Economy Class', 'date': '2024-09-12', 'time': '22:35:04', 'price': 254684}
[2024-09-12 22:35:03,690][__main__][INFO]: Inserted flight: {'name': 'Air India Express', 'pod': 'Assam', 'dest': 'Uttar Pradesh', 'class': 'Premium Economy Class', 'date': '2024-09-12', 'time': '22:35:04', 'price': 545970}
[2024-09-12 22:35:03,705][__main__][INFO]: Inserted flight: {'name': 'Air India Express', 'pod': 'Himachal Pradesh', 'dest': 'Kerala', 'class': 'First Class', 'date': '2024-09-12', 'time': '22:35:04', 'price': 672233}
[2024-09-12 22:35:03,705][__main__][INFO]: Inserted flight: {'name': 'Air India Express', 'pod': 'Tripura', 'dest': 'Jharkhand', 'class': 'Premium Economy Class', 'date': '2024-09-12', 'time': '22:35:04', 'price': 326645}
[2024-09-12 22:35:03,721][__main__][INFO]: Inserted flight: {'name': 'Akasa Air', 'pod': 'Tamil Nadu', 'dest': 'Himachal Pradesh', 'class': 'Economy Class', 'date': '2024-09-12', 'time': '22:35:04', 'price': 561299}
[2024-09-12 22:35:03,721][__main__][INFO]: Inserted flight: {'name': 'GoAir', 'pod': 'Nagaland', 'dest': 'Haryana', 'class': 'Premium Economy Class', 'date': '2024-09-12', 'time': '22:35:04', 'price': 544939}
[2024-09-12 22:35:03,737][__main__][INFO]: Inserted flight: {'name': 'Alliance Air', 'pod': 'West Bengal', 'dest': 'Telangana', 'class': 'First Class', 'date': '2024-09-12', 'time': '22:35:04', 'price': 441068}
[2024-09-12 22:35:03,737][__main__][INFO]: Inserted flight: {'name': 'Alliance Air', 'pod': 'Jharkhand', 'dest': 'Arunachal Pradesh', 'class': 'First Class', 'date': '2024-09-12', 'time': '22:35:04', 'price': 628280}
[2024-09-12 22:35:03,752][__main__][INFO]: Inserted flight: {'name': 'Akasa Air', 'pod': 'Tripura', 'dest': 'Mizoram', 'class': 'First Class', 'date': '2024-09-12', 'time': '22:35:04', 'price': 588259}
[2024-09-12 22:35:03,752][__main__][INFO]: Inserted flight: {'name': 'Vistara', 'pod': 'Madhya Pradesh', 'dest': 'Arunachal Pradesh', 'class': 'Premium Economy Class', 'date': '2024-09-12', 'time': '22:35:04', 'price': 49766}
[2024-09-12 22:35:03,770][__main__][INFO]: Inserted flight: {'name': 'Alliance Air', 'pod': 'Rajasthan', 'dest': 'Gujarat', 'class': 'First Class', 'date': '2024-09-12', 'time': '22:35:04', 'price': 628488}
[2024-09-12 22:35:03,780][__main__][INFO]: Inserted flight: {'name': 'Air India', 'pod': 'Madhya Pradesh', 'dest': 'Rajasthan', 'class': 'Business Class', 'date': '2024-09-12', 'time': '22:35:04', 'price': 481899}
[2024-09-12 22:35:03,784][__main__][INFO]: Inserted flight: {'name': 'GoAir', 'pod': 'Punjab', 'dest': 'Karnataka', 'class': 'Economy Class', 'date': '2024-09-12', 'time': '22:35:04', 'price': 626492}
[2024-09-12 22:35:03,799][__main__][INFO]: Inserted flight: {'name': 'IndiGo', 'pod': 'Sikkim', 'dest': 'Chhattisgarh', 'class': 'First Class', 'date': '2024-09-12', 'time': '22:35:04', 'price': 385377}
[2024-09-12 22:35:03,799][__main__][INFO]: Inserted flight: {'name': 'Alliance Air', 'pod': 'Meghalaya', 'dest': 'Tamil Nadu', 'class': 'First Class', 'date': '2024-09-12', 'time': '22:35:04', 'price': 580633}
[2024-09-12 22:35:03,815][__main__][INFO]: Inserted flight: {'name': 'GoAir', 'pod': 'Jharkhand', 'dest': 'Tripura', 'class': 'Business Class', 'date': '2024-09-12', 'time': '22:35:04', 'price': 467988}
[2024-09-12 22:35:03,815][__main__][INFO]: Inserted flight: {'name': 'Air India Express', 'pod': 'Odisha', 'dest': 'Maharashtra', 'class': 'Premium Economy Class', 'date': '2024-09-12', 'time': '22:35:04', 'price': 68271}
[2024-09-12 22:35:03,831][__main__][INFO]: Inserted flight: {'name': 'IndiGo', 'pod': 'Chhattisgarh', 'dest': 'Meghalaya', 'class': 'First Class', 'date': '2024-09-12', 'time': '22:35:04', 'price': 683785}
[2024-09-12 22:35:03,862][__main__][INFO]: Inserted flight: {'name': 'Vistara', 'pod': 'Uttar Pradesh', 'dest': 'Telangana', 'class': 'Economy Class', 'date': '2024-09-12', 'time': '22:35:04', 'price': 615728}
[2024-09-12 22:35:03,878][__main__][INFO]: Inserted flight: {'name': 'SpiceJet', 'pod': 'Punjab', 'dest': 'Chhattisgarh', 'class': 'Business Class', 'date': '2024-09-12', 'time': '22:35:04', 'price': 626784}
[2024-09-12 22:35:03,893][__main__][INFO]: Inserted flight: {'name': 'Star Air', 'pod': 'Jharkhand', 'dest': 'Rajasthan', 'class': 'Economy Class', 'date': '2024-09-12', 'time': '22:35:04', 'price': 554005}
[2024-09-12 22:35:03,911][__main__][INFO]: Inserted flight: {'name': 'Star Air', 'pod': 'Jharkhand', 'dest': 'Manipur', 'class': 'Economy Class', 'date': '2024-09-12', 'time': '22:35:04', 'price': 702719}
[2024-09-12 22:35:03,922][__main__][INFO]: Inserted flight: {'name': 'IndiGo', 'pod': 'Rajasthan', 'dest': 'Goa', 'class': 'Premium Economy Class', 'date': '2024-09-12', 'time': '22:35:04', 'price': 170424}
[2024-09-12 22:35:03,930][__main__][INFO]: Inserted flight: {'name': 'Akasa Air', 'pod': 'Tamil Nadu', 'dest': 'Kerala', 'class': 'Business Class', 'date': '2024-09-12', 'time': '22:35:04', 'price': 595138}
[2024-09-12 22:35:03,942][__main__][INFO]: Inserted flight: {'name': 'Alliance Air', 'pod': 'Rajasthan', 'dest': 'Arunachal Pradesh', 'class': 'First Class', 'date': '2024-09-12', 'time': '22:35:04', 'price': 541835}
[2024-09-12 22:35:03,951][__main__][INFO]: Inserted flight: {'name': 'IndiGo', 'pod': 'Uttarakhand', 'dest': 'Arunachal Pradesh', 'class': 'First Class', 'date': '2024-09-12', 'time': '22:35:04', 'price': 207463}
[2024-09-12 22:35:03,964][__main__][INFO]: Inserted flight: {'name': 'Air India', 'pod': 'Uttar Pradesh', 'dest': 'Chhattisgarh', 'class': 'Business Class', 'date': '2024-09-12', 'time': '22:35:04', 'price': 521358}
[2024-09-12 22:35:03,974][__main__][INFO]: Inserted flight: {'name': 'Vistara', 'pod': 'Gujarat', 'dest': 'Rajasthan', 'class': 'Economy Class', 'date': '2024-09-12', 'time': '22:35:04', 'price': 604125}
[2024-09-12 22:35:03,983][__main__][INFO]: Inserted flight: {'name': 'Alliance Air', 'pod': 'Karnataka', 'dest': 'Sikkim', 'class': 'Economy Class', 'date': '2024-09-12', 'time': '22:35:04', 'price': 158884}
[2024-09-12 22:35:03,999][__main__][INFO]: Inserted flight: {'name': 'Vistara', 'pod': 'Kerala', 'dest': 'Telangana', 'class': 'Premium Economy Class', 'date': '2024-09-12', 'time': '22:35:04', 'price': 679321}
[2024-09-12 22:35:04,009][__main__][INFO]: Inserted flight: {'name': 'Vistara', 'pod': 'Nagaland', 'dest': 'Goa', 'class': 'Premium Economy Class', 'date': '2024-09-12', 'time': '22:35:04', 'price': 668881}
[2024-09-12 22:35:04,018][__main__][INFO]: Inserted flight: {'name': 'Vistara', 'pod': 'Uttar Pradesh', 'dest': 'Nagaland', 'class': 'First Class', 'date': '2024-09-12', 'time': '22:35:05', 'price': 734271}
[2024-09-12 22:35:04,027][__main__][INFO]: Inserted flight: {'name': 'Star Air', 'pod': 'Mizoram', 'dest': 'Madhya Pradesh', 'class': 'Business Class', 'date': '2024-09-12', 'time': '22:35:05', 'price': 309065}
[2024-09-12 22:35:04,035][__main__][INFO]: Inserted flight: {'name': 'Akasa Air', 'pod': 'Himachal Pradesh', 'dest': 'Uttarakhand', 'class': 'Economy Class', 'date': '2024-09-12', 'time': '22:35:05', 'price': 148355}
[2024-09-12 22:35:04,045][__main__][INFO]: Inserted flight: {'name': 'Air India', 'pod': 'Gujarat', 'dest': 'Odisha', 'class': 'Premium Economy Class', 'date': '2024-09-12', 'time': '22:35:05', 'price': 139256}
[2024-09-12 22:35:04,052][__main__][INFO]: Inserted flight: {'name': 'Akasa Air', 'pod': 'Tamil Nadu', 'dest': 'Chhattisgarh', 'class': 'Economy Class', 'date': '2024-09-12', 'time': '22:35:05', 'price': 682922}
[2024-09-12 22:35:04,062][__main__][INFO]: Inserted flight: {'name': 'AirAsia India', 'pod': 'Rajasthan', 'dest': 'Tripura', 'class': 'First Class', 'date': '2024-09-12', 'time': '22:35:05', 'price': 472447}
[2024-09-12 22:35:04,070][__main__][INFO]: Inserted flight: {'name': 'SpiceJet', 'pod': 'Bihar', 'dest': 'Meghalaya', 'class': 'Premium Economy Class', 'date': '2024-09-12', 'time': '22:35:05', 'price': 33171}
[2024-09-12 22:35:04,077][__main__][WARNING]: Failed to auto log Admin: k in
[2024-09-12 22:35:04,378][ui.Manager][INFO]: Initialized SignUp
[2024-09-12 22:35:04,451][ui.Manager][INFO]: Initialized Login
[2024-09-12 22:35:04,494][ui.Manager][INFO]: Initialized FrontPage
[2024-09-12 22:35:04,501][ui.Manager][INFO]: Showing FrontPage
[2024-09-12 22:35:06,282][ui.Manager][INFO]: Showing SignUp
[2024-09-12 22:35:15,443][ui.SignUp][INFO]: Admin: k signed up
[2024-09-12 22:35:15,459][ui.Manager][INFO]: Deleted Login
[2024-09-12 22:35:15,474][ui.Manager][INFO]: Deleted FrontPage
[2024-09-12 22:35:15,474][ui.Manager][INFO]: Deleted SignUp
[2024-09-12 22:35:15,505][ui.Manager][INFO]: Initialized Home
[2024-09-12 22:35:15,505][ui.Manager][INFO]: Showing Home
[2024-09-12 22:35:16,593][ui.Flights][INFO]: Refreshing Flights!
[2024-09-12 22:35:16,609][ui.Flights][INFO]: Extracted available flights from flights
[2024-09-12 22:35:16,609][ui.Manager][INFO]: Initialized Flights
[2024-09-12 22:35:16,609][ui.Manager][INFO]: Showing Flights
[2024-09-12 22:35:18,810][ui.Flights][INFO]: Refreshing Flights!
[2024-09-12 22:35:18,826][ui.Flights][INFO]: Extracted expired flights from Flights!
[2024-09-12 22:41:16,315][__main__][INFO]: Program terminated!
