[2024-07-23 22:08:44,593][__main__][INFO]: Welcome to AirLine!
[2024-07-23 22:08:44,594][reader.Mysql][INFO]: Connecting to database
[2024-07-23 22:08:44,624][reader.Mysql][INFO]: Connected!
[2024-07-23 22:08:45,073][ui.Manager][INFO]: Showing FrontPage
[2024-07-23 22:08:48,043][ui.Manager][INFO]: Showing Login
[2024-07-23 22:08:53,316][ui.Login][INFO]: User: kevin1 logged in
[2024-07-23 22:08:53,331][ui.Manager][INFO]: Reinitialized Home
[2024-07-23 22:08:53,331][ui.Manager][INFO]: Showing Home
[2024-07-23 22:08:55,769][ui.Manager][INFO]: Showing Flights
[2024-07-23 22:09:06,682][ui.Manager][INFO]: Showing Home
[2024-07-23 22:09:09,638][ui.Home][INFO]: User: kevin1 logged out
[2024-07-23 22:09:09,724][ui.Manager][INFO]: Reinitialized Login
[2024-07-23 22:09:09,781][ui.Manager][INFO]: Reinitialized FrontPage
[2024-07-23 22:09:09,868][ui.Manager][INFO]: Reinitialized SignUp
[2024-07-23 22:09:09,881][ui.Manager][INFO]: Reinitialized Home
[2024-07-23 22:09:09,896][ui.Manager][INFO]: Reinitialized Flights
[2024-07-23 22:09:09,897][ui.Manager][INFO]: Showing FrontPage
[2024-07-23 22:09:11,535][ui.Manager][INFO]: Showing Login
[2024-07-23 22:09:17,345][ui.Login][INFO]: Admin: admin logged in
[2024-07-23 22:09:17,360][ui.Manager][INFO]: Reinitialized Home
[2024-07-23 22:09:17,361][ui.Manager][INFO]: Showing Home
[2024-07-23 22:09:18,492][ui.Manager][INFO]: Showing Flights
[2024-07-23 22:09:19,975][ui.Manager][INFO]: Showing Home
[2024-07-23 22:09:21,129][ui.Home][INFO]: Admin: admin logged out
[2024-07-23 22:09:21,208][ui.Manager][INFO]: Reinitialized Login
[2024-07-23 22:09:21,267][ui.Manager][INFO]: Reinitialized FrontPage
[2024-07-23 22:09:21,350][ui.Manager][INFO]: Reinitialized SignUp
[2024-07-23 22:09:21,365][ui.Manager][INFO]: Reinitialized Home
[2024-07-23 22:09:21,382][ui.Manager][INFO]: Reinitialized Flights
[2024-07-23 22:09:21,383][ui.Manager][INFO]: Showing FrontPage
[2024-07-23 22:09:22,955][ui.Manager][INFO]: Showing Login
[2024-07-23 22:09:30,211][ui.Login][INFO]: User: kevin1 logged in
[2024-07-23 22:09:30,234][ui.Manager][INFO]: Reinitialized Home
[2024-07-23 22:09:30,235][ui.Manager][INFO]: Showing Home
[2024-07-23 22:09:31,952][ui.Manager][INFO]: Showing Flights
[2024-07-23 22:09:34,085][ui.Manager][INFO]: Showing Home
[2024-07-23 22:09:35,364][ui.Home][INFO]: User: kevin1 logged out
[2024-07-23 22:09:35,452][ui.Manager][INFO]: Reinitialized Login
[2024-07-23 22:09:35,509][ui.Manager][INFO]: Reinitialized FrontPage
[2024-07-23 22:09:35,609][ui.Manager][INFO]: Reinitialized SignUp
[2024-07-23 22:09:35,628][ui.Manager][INFO]: Reinitialized Home
[2024-07-23 22:09:35,647][ui.Manager][INFO]: Reinitialized Flights
[2024-07-23 22:09:35,648][ui.Manager][INFO]: Showing FrontPage
[2024-07-23 22:09:36,862][ui.Manager][INFO]: Showing Login
[2024-07-23 22:09:40,958][ui.Login][INFO]: Admin: admin logged in
[2024-07-23 22:09:40,980][ui.Manager][INFO]: Reinitialized Home
[2024-07-23 22:09:40,981][ui.Manager][INFO]: Showing Home
[2024-07-23 22:09:41,934][ui.Manager][INFO]: Showing Flights
[2024-07-23 22:09:43,059][ui.Manager][INFO]: Showing Home
[2024-07-23 22:09:43,960][ui.Home][INFO]: Admin: admin logged out
[2024-07-23 22:09:44,049][ui.Manager][INFO]: Reinitialized Login
[2024-07-23 22:09:44,115][ui.Manager][INFO]: Reinitialized FrontPage
[2024-07-23 22:09:44,230][ui.Manager][INFO]: Reinitialized SignUp
[2024-07-23 22:09:44,253][ui.Manager][INFO]: Reinitialized Home
[2024-07-23 22:09:44,279][ui.Manager][INFO]: Reinitialized Flights
[2024-07-23 22:09:44,280][ui.Manager][INFO]: Showing FrontPage
[2024-07-23 22:09:45,270][ui.Manager][INFO]: Showing Login
[2024-07-23 22:09:52,684][ui.Login][INFO]: Admin: admin logged in
[2024-07-23 22:09:52,705][ui.Manager][INFO]: Reinitialized Home
[2024-07-23 22:09:52,705][ui.Manager][INFO]: Showing Home
[2024-07-23 22:09:53,770][ui.Manager][INFO]: Showing Flights
[2024-07-23 22:09:55,323][ui.Manager][INFO]: Showing Home
[2024-07-23 22:09:56,692][ui.Home][INFO]: Admin: admin logged out
[2024-07-23 22:09:56,777][ui.Manager][INFO]: Reinitialized Login
[2024-07-23 22:09:56,838][ui.Manager][INFO]: Reinitialized FrontPage
[2024-07-23 22:09:56,923][ui.Manager][INFO]: Reinitialized SignUp
[2024-07-23 22:09:56,938][ui.Manager][INFO]: Reinitialized Home
[2024-07-23 22:09:56,956][ui.Manager][INFO]: Reinitialized Flights
[2024-07-23 22:09:56,956][ui.Manager][INFO]: Showing FrontPage
