[2024-09-09 18:59:57,815][__main__][INFO]: Welcome to AirLine!
[2024-09-09 18:59:57,815][reader.Mysql][INFO]: Connecting to database
[2024-09-09 18:59:57,835][reader.Mysql][WARNING]: Failed!
[2024-09-09 18:59:57,835][reader.Mysql][INFO]: Creating Database
[2024-09-09 18:59:57,858][__main__][INFO]: Inserting default flights...
[2024-09-09 18:59:58,859][__main__][INFO]: Inserted flight: {'name': 'Air India', 'pod': 'Mizoram', 'dest': 'Gujarat', 'class': 'Business Class', 'date': '2025-10-24', 'time': '19:12:40', 'price': 572268}
[2024-09-09 18:59:58,871][__main__][INFO]: Inserted flight: {'name': 'Alliance Air', 'pod': 'Manipur', 'dest': 'Nagaland', 'class': 'Premium Economy Class', 'date': '2026-04-26', 'time': '18:01:10', 'price': 253653}
[2024-09-09 18:59:58,871][__main__][INFO]: Inserted flight: {'name': 'Akasa Air', 'pod': 'Tamil Nadu', 'dest': 'Odisha', 'class': 'Business Class', 'date': '2025-10-22', 'time': '00:54:31', 'price': 326642}
[2024-09-09 18:59:58,871][__main__][INFO]: Inserted flight: {'name': 'SpiceJet', 'pod': 'Kerala', 'dest': 'Meghalaya', 'class': 'Economy Class', 'date': '2025-09-11', 'time': '03:46:12', 'price': 122896}
[2024-09-09 18:59:58,871][__main__][INFO]: Inserted flight: {'name': 'Air India', 'pod': 'Mizoram', 'dest': 'Odisha', 'class': 'Premium Economy Class', 'date': '2025-12-06', 'time': '11:21:18', 'price': 38125}
[2024-09-09 18:59:58,890][__main__][INFO]: Inserted flight: {'name': 'Air India', 'pod': 'Maharashtra', 'dest': 'Chhattisgarh', 'class': 'Premium Economy Class', 'date': '2024-12-28', 'time': '04:33:25', 'price': 264102}
[2024-09-09 18:59:58,895][__main__][INFO]: Inserted flight: {'name': 'AirAsia India', 'pod': 'Jharkhand', 'dest': 'Telangana', 'class': 'First Class', 'date': '2026-04-12', 'time': '22:48:16', 'price': 498080}
[2024-09-09 18:59:58,900][__main__][INFO]: Inserted flight: {'name': 'Vistara', 'pod': 'Tripura', 'dest': 'Arunachal Pradesh', 'class': 'First Class', 'date': '2025-05-11', 'time': '05:57:06', 'price': 716549}
[2024-09-09 18:59:58,907][__main__][INFO]: Inserted flight: {'name': 'Star Air', 'pod': 'West Bengal', 'dest': 'Sikkim', 'class': 'Business Class', 'date': '2026-06-23', 'time': '14:20:45', 'price': 751574}
[2024-09-09 18:59:58,909][__main__][INFO]: Inserted flight: {'name': 'Star Air', 'pod': 'Uttar Pradesh', 'dest': 'Chhattisgarh', 'class': 'Premium Economy Class', 'date': '2026-01-29', 'time': '14:04:19', 'price': 522771}
[2024-09-09 18:59:58,916][__main__][INFO]: Inserted flight: {'name': 'IndiGo', 'pod': 'Nagaland', 'dest': 'Uttarakhand', 'class': 'Premium Economy Class', 'date': '2025-03-20', 'time': '09:34:10', 'price': 592887}
[2024-09-09 18:59:58,921][__main__][INFO]: Inserted flight: {'name': 'Akasa Air', 'pod': 'Assam, Bihar', 'dest': 'Tamil Nadu', 'class': 'Business Class', 'date': '2025-11-14', 'time': '04:32:11', 'price': 69577}
[2024-09-09 18:59:58,925][__main__][INFO]: Inserted flight: {'name': 'Vistara', 'pod': 'Manipur', 'dest': 'Arunachal Pradesh', 'class': 'Business Class', 'date': '2025-02-28', 'time': '12:30:19', 'price': 144218}
[2024-09-09 18:59:58,931][__main__][INFO]: Inserted flight: {'name': 'Air India Express', 'pod': 'Assam, Bihar', 'dest': 'Telangana', 'class': 'First Class', 'date': '2025-04-06', 'time': '03:57:14', 'price': 425211}
[2024-09-09 18:59:58,936][__main__][INFO]: Inserted flight: {'name': 'Alliance Air', 'pod': 'West Bengal', 'dest': 'Mizoram', 'class': 'Premium Economy Class', 'date': '2026-06-08', 'time': '16:49:09', 'price': 171733}
[2024-09-09 18:59:58,942][__main__][INFO]: Inserted flight: {'name': 'Air India Express', 'pod': 'Tripura', 'dest': 'Gujarat', 'class': 'Business Class', 'date': '2025-01-23', 'time': '11:25:59', 'price': 260862}
[2024-09-09 18:59:58,947][__main__][INFO]: Inserted flight: {'name': 'Star Air', 'pod': 'Nagaland', 'dest': 'Kerala', 'class': 'Business Class', 'date': '2026-02-25', 'time': '14:53:48', 'price': 259024}
[2024-09-09 18:59:58,953][__main__][INFO]: Inserted flight: {'name': 'IndiGo', 'pod': 'Rajasthan', 'dest': 'Nagaland', 'class': 'First Class', 'date': '2025-02-11', 'time': '06:53:21', 'price': 722908}
[2024-09-09 18:59:58,958][__main__][INFO]: Inserted flight: {'name': 'Air India Express', 'pod': 'Goa', 'dest': 'Madhya Pradesh', 'class': 'Business Class', 'date': '2025-04-20', 'time': '13:43:11', 'price': 311602}
[2024-09-09 18:59:58,964][__main__][INFO]: Inserted flight: {'name': 'Alliance Air', 'pod': 'Odisha', 'dest': 'Manipur', 'class': 'Premium Economy Class', 'date': '2025-04-04', 'time': '10:30:45', 'price': 469796}
[2024-09-09 18:59:58,968][__main__][INFO]: Inserted flight: {'name': 'Air India Express', 'pod': 'Sikkim', 'dest': 'Himachal Pradesh', 'class': 'Premium Economy Class', 'date': '2026-05-04', 'time': '17:21:27', 'price': 342632}
[2024-09-09 18:59:58,974][__main__][INFO]: Inserted flight: {'name': 'Vistara', 'pod': 'Telangana', 'dest': 'Odisha', 'class': 'Economy Class', 'date': '2025-12-12', 'time': '03:53:48', 'price': 177528}
[2024-09-09 18:59:58,979][__main__][INFO]: Inserted flight: {'name': 'AirAsia India', 'pod': 'Mizoram', 'dest': 'Nagaland', 'class': 'Economy Class', 'date': '2024-09-16', 'time': '18:06:21', 'price': 630376}
[2024-09-09 18:59:58,983][__main__][INFO]: Inserted flight: {'name': 'Star Air', 'pod': 'Manipur', 'dest': 'West Bengal', 'class': 'First Class', 'date': '2026-04-15', 'time': '11:08:31', 'price': 66015}
[2024-09-09 18:59:58,989][__main__][INFO]: Inserted flight: {'name': 'Akasa Air', 'pod': 'Himachal Pradesh', 'dest': 'Madhya Pradesh', 'class': 'Economy Class', 'date': '2025-06-01', 'time': '22:55:19', 'price': 610318}
[2024-09-09 18:59:58,990][__main__][INFO]: Inserted flight: {'name': 'AirAsia India', 'pod': 'Jharkhand', 'dest': 'Meghalaya', 'class': 'Economy Class', 'date': '2025-10-02', 'time': '13:00:06', 'price': 335983}
[2024-09-09 18:59:58,998][__main__][INFO]: Inserted flight: {'name': 'Air India', 'pod': 'West Bengal', 'dest': 'Manipur', 'class': 'Premium Economy Class', 'date': '2026-07-26', 'time': '12:55:36', 'price': 785061}
[2024-09-09 18:59:59,003][__main__][INFO]: Inserted flight: {'name': 'AirAsia India', 'pod': 'Goa', 'dest': 'Tamil Nadu', 'class': 'First Class', 'date': '2025-07-20', 'time': '13:08:21', 'price': 94691}
[2024-09-09 18:59:59,008][__main__][INFO]: Inserted flight: {'name': 'Air India', 'pod': 'Haryana', 'dest': 'Maharashtra', 'class': 'First Class', 'date': '2025-12-23', 'time': '14:05:55', 'price': 436678}
[2024-09-09 18:59:59,012][__main__][INFO]: Inserted flight: {'name': 'AirAsia India', 'pod': 'Haryana', 'dest': 'Karnataka', 'class': 'Economy Class', 'date': '2026-06-27', 'time': '01:13:40', 'price': 623077}
[2024-09-09 18:59:59,018][__main__][INFO]: Inserted flight: {'name': 'GoAir', 'pod': 'Uttar Pradesh', 'dest': 'Gujarat', 'class': 'Premium Economy Class', 'date': '2025-06-11', 'time': '20:35:07', 'price': 524118}
[2024-09-09 18:59:59,024][__main__][INFO]: Inserted flight: {'name': 'SpiceJet', 'pod': 'Maharashtra', 'dest': 'Nagaland', 'class': 'First Class', 'date': '2025-12-23', 'time': '05:14:28', 'price': 735147}
[2024-09-09 18:59:59,029][__main__][INFO]: Inserted flight: {'name': 'Akasa Air', 'pod': 'Himachal Pradesh', 'dest': 'Karnataka', 'class': 'Premium Economy Class', 'date': '2025-10-09', 'time': '02:59:47', 'price': 761498}
[2024-09-09 18:59:59,034][__main__][INFO]: Inserted flight: {'name': 'Air India', 'pod': 'Uttar Pradesh', 'dest': 'Karnataka', 'class': 'Business Class', 'date': '2026-01-05', 'time': '22:41:38', 'price': 70154}
[2024-09-09 18:59:59,041][__main__][INFO]: Inserted flight: {'name': 'IndiGo', 'pod': 'West Bengal', 'dest': 'Manipur', 'class': 'First Class', 'date': '2025-11-15', 'time': '12:07:47', 'price': 246297}
[2024-09-09 18:59:59,045][__main__][INFO]: Inserted flight: {'name': 'IndiGo', 'pod': 'Karnataka', 'dest': 'Uttar Pradesh', 'class': 'First Class', 'date': '2026-03-29', 'time': '07:41:32', 'price': 666569}
[2024-09-09 18:59:59,051][__main__][INFO]: Inserted flight: {'name': 'Air India', 'pod': 'Tripura', 'dest': 'Goa', 'class': 'Premium Economy Class', 'date': '2025-11-29', 'time': '12:59:34', 'price': 465820}
[2024-09-09 18:59:59,059][__main__][INFO]: Inserted flight: {'name': 'Alliance Air', 'pod': 'Gujarat', 'dest': 'Maharashtra', 'class': 'Economy Class', 'date': '2025-04-01', 'time': '16:07:16', 'price': 345228}
[2024-09-09 18:59:59,065][__main__][INFO]: Inserted flight: {'name': 'Air India', 'pod': 'Telangana', 'dest': 'Kerala', 'class': 'Economy Class', 'date': '2026-09-06', 'time': '02:35:26', 'price': 794457}
[2024-09-09 18:59:59,070][__main__][INFO]: Inserted flight: {'name': 'Akasa Air', 'pod': 'Punjab', 'dest': 'Madhya Pradesh', 'class': 'Business Class', 'date': '2026-02-23', 'time': '18:49:25', 'price': 84046}
[2024-09-09 18:59:59,071][__main__][INFO]: Inserted flight: {'name': 'Air India Express', 'pod': 'Rajasthan', 'dest': 'Punjab', 'class': 'First Class', 'date': '2024-12-11', 'time': '20:33:20', 'price': 337966}
[2024-09-09 18:59:59,081][__main__][INFO]: Inserted flight: {'name': 'SpiceJet', 'pod': 'Odisha', 'dest': 'Rajasthan', 'class': 'Economy Class', 'date': '2024-09-17', 'time': '10:56:38', 'price': 567346}
[2024-09-09 18:59:59,086][__main__][INFO]: Inserted flight: {'name': 'SpiceJet', 'pod': 'Haryana', 'dest': 'Kerala', 'class': 'Economy Class', 'date': '2026-06-07', 'time': '01:05:53', 'price': 207185}
[2024-09-09 18:59:59,092][__main__][INFO]: Inserted flight: {'name': 'Air India Express', 'pod': 'Haryana', 'dest': 'Sikkim', 'class': 'Economy Class', 'date': '2026-06-30', 'time': '04:08:48', 'price': 779151}
[2024-09-09 18:59:59,097][__main__][INFO]: Inserted flight: {'name': 'GoAir', 'pod': 'Tripura', 'dest': 'Uttarakhand', 'class': 'Business Class', 'date': '2025-06-14', 'time': '13:58:45', 'price': 540518}
[2024-09-09 18:59:59,104][__main__][INFO]: Inserted flight: {'name': 'SpiceJet', 'pod': 'Kerala', 'dest': 'Haryana', 'class': 'Economy Class', 'date': '2025-02-10', 'time': '19:52:41', 'price': 509607}
[2024-09-09 18:59:59,110][__main__][INFO]: Inserted flight: {'name': 'GoAir', 'pod': 'Jharkhand', 'dest': 'Karnataka', 'class': 'First Class', 'date': '2026-06-06', 'time': '01:23:40', 'price': 284388}
[2024-09-09 18:59:59,116][__main__][INFO]: Inserted flight: {'name': 'Air India Express', 'pod': 'Chhattisgarh', 'dest': 'Telangana', 'class': 'First Class', 'date': '2025-09-05', 'time': '12:42:35', 'price': 610799}
[2024-09-09 18:59:59,120][__main__][INFO]: Inserted flight: {'name': 'IndiGo', 'pod': 'Goa', 'dest': 'Nagaland', 'class': 'First Class', 'date': '2026-06-12', 'time': '05:36:11', 'price': 412862}
[2024-09-09 18:59:59,128][__main__][INFO]: Inserted flight: {'name': 'IndiGo', 'pod': 'Uttarakhand', 'dest': 'Telangana', 'class': 'Economy Class', 'date': '2025-04-06', 'time': '02:53:36', 'price': 351097}
[2024-09-09 18:59:59,135][__main__][INFO]: Inserted flight: {'name': 'Air India', 'pod': 'Andhra Pradesh', 'dest': 'Kerala', 'class': 'Business Class', 'date': '2025-07-22', 'time': '00:51:28', 'price': 776357}
[2024-09-09 18:59:59,140][__main__][INFO]: Inserted flight: {'name': 'Vistara', 'pod': 'Arunachal Pradesh', 'dest': 'Himachal Pradesh', 'class': 'Business Class', 'date': '2025-12-27', 'time': '01:00:33', 'price': 584328}
[2024-09-09 18:59:59,144][__main__][INFO]: Inserted flight: {'name': 'AirAsia India', 'pod': 'Manipur', 'dest': 'Telangana', 'class': 'Business Class', 'date': '2024-09-19', 'time': '07:06:05', 'price': 20782}
[2024-09-09 18:59:59,150][__main__][INFO]: Inserted flight: {'name': 'AirAsia India', 'pod': 'Meghalaya', 'dest': 'West Bengal', 'class': 'Business Class', 'date': '2026-02-23', 'time': '08:55:42', 'price': 323007}
[2024-09-09 18:59:59,155][__main__][INFO]: Inserted flight: {'name': 'Vistara', 'pod': 'Andhra Pradesh', 'dest': 'Telangana', 'class': 'Economy Class', 'date': '2025-10-23', 'time': '21:02:35', 'price': 275626}
[2024-09-09 18:59:59,160][__main__][INFO]: Inserted flight: {'name': 'Star Air', 'pod': 'Meghalaya', 'dest': 'Gujarat', 'class': 'First Class', 'date': '2025-07-15', 'time': '02:45:45', 'price': 37054}
[2024-09-09 18:59:59,166][__main__][INFO]: Inserted flight: {'name': 'AirAsia India', 'pod': 'Odisha', 'dest': 'West Bengal', 'class': 'Business Class', 'date': '2025-08-05', 'time': '21:56:54', 'price': 523319}
[2024-09-09 18:59:59,171][__main__][INFO]: Inserted flight: {'name': 'Vistara', 'pod': 'Rajasthan', 'dest': 'West Bengal', 'class': 'Economy Class', 'date': '2025-07-07', 'time': '09:49:23', 'price': 735953}
[2024-09-09 18:59:59,176][__main__][INFO]: Inserted flight: {'name': 'SpiceJet', 'pod': 'Maharashtra', 'dest': 'Kerala', 'class': 'Premium Economy Class', 'date': '2025-08-19', 'time': '01:28:00', 'price': 399450}
[2024-09-09 18:59:59,183][__main__][INFO]: Inserted flight: {'name': 'IndiGo', 'pod': 'Uttarakhand', 'dest': 'Tripura', 'class': 'Economy Class', 'date': '2025-10-27', 'time': '23:02:20', 'price': 673143}
[2024-09-09 18:59:59,189][__main__][INFO]: Inserted flight: {'name': 'SpiceJet', 'pod': 'Assam, Bihar', 'dest': 'Uttarakhand', 'class': 'First Class', 'date': '2025-09-06', 'time': '23:04:41', 'price': 160429}
[2024-09-09 18:59:59,194][__main__][INFO]: Inserted flight: {'name': 'Air India', 'pod': 'Nagaland', 'dest': 'Jharkhand', 'class': 'First Class', 'date': '2026-02-20', 'time': '19:28:33', 'price': 782846}
[2024-09-09 18:59:59,200][__main__][INFO]: Inserted flight: {'name': 'AirAsia India', 'pod': 'Odisha', 'dest': 'Haryana', 'class': 'Economy Class', 'date': '2025-07-08', 'time': '14:53:25', 'price': 707521}
[2024-09-09 18:59:59,206][__main__][INFO]: Inserted flight: {'name': 'Vistara', 'pod': 'Tamil Nadu', 'dest': 'Odisha', 'class': 'Economy Class', 'date': '2026-02-03', 'time': '22:43:40', 'price': 495595}
[2024-09-09 18:59:59,208][__main__][INFO]: Inserted flight: {'name': 'SpiceJet', 'pod': 'Odisha', 'dest': 'Rajasthan', 'class': 'Economy Class', 'date': '2026-06-16', 'time': '14:24:42', 'price': 374432}
[2024-09-09 18:59:59,216][__main__][INFO]: Inserted flight: {'name': 'Air India', 'pod': 'Arunachal Pradesh', 'dest': 'Tamil Nadu', 'class': 'Business Class', 'date': '2024-09-14', 'time': '17:10:13', 'price': 111547}
[2024-09-09 18:59:59,222][__main__][INFO]: Inserted flight: {'name': 'IndiGo', 'pod': 'Uttar Pradesh', 'dest': 'West Bengal', 'class': 'Economy Class', 'date': '2026-01-03', 'time': '13:02:49', 'price': 593117}
[2024-09-09 18:59:59,266][__main__][INFO]: Inserted flight: {'name': 'Star Air', 'pod': 'Karnataka', 'dest': 'Kerala', 'class': 'Premium Economy Class', 'date': '2026-09-10', 'time': '04:10:28', 'price': 426788}
[2024-09-09 18:59:59,270][__main__][INFO]: Inserted flight: {'name': 'GoAir', 'pod': 'Madhya Pradesh', 'dest': 'Gujarat', 'class': 'Business Class', 'date': '2026-01-14', 'time': '15:40:52', 'price': 89327}
[2024-09-09 18:59:59,272][__main__][INFO]: Inserted flight: {'name': 'Star Air', 'pod': 'Tamil Nadu', 'dest': 'Kerala', 'class': 'Premium Economy Class', 'date': '2025-08-17', 'time': '23:00:56', 'price': 695993}
[2024-09-09 18:59:59,283][__main__][INFO]: Inserted flight: {'name': 'IndiGo', 'pod': 'Haryana', 'dest': 'Meghalaya', 'class': 'First Class', 'date': '2024-09-29', 'time': '01:31:12', 'price': 753082}
[2024-09-09 18:59:59,288][__main__][INFO]: Inserted flight: {'name': 'Akasa Air', 'pod': 'Andhra Pradesh', 'dest': 'Himachal Pradesh', 'class': 'First Class', 'date': '2024-12-07', 'time': '15:45:40', 'price': 541701}
[2024-09-09 18:59:59,288][__main__][INFO]: Inserted flight: {'name': 'Air India Express', 'pod': 'Kerala', 'dest': 'Assam, Bihar', 'class': 'Business Class', 'date': '2026-05-05', 'time': '04:52:03', 'price': 557383}
[2024-09-09 18:59:59,302][__main__][INFO]: Inserted flight: {'name': 'AirAsia India', 'pod': 'Assam, Bihar', 'dest': 'Maharashtra', 'class': 'Premium Economy Class', 'date': '2024-11-26', 'time': '10:24:13', 'price': 23380}
[2024-09-09 18:59:59,305][__main__][INFO]: Inserted flight: {'name': 'Air India', 'pod': 'Maharashtra', 'dest': 'Gujarat', 'class': 'Premium Economy Class', 'date': '2026-08-09', 'time': '13:09:23', 'price': 571896}
[2024-09-09 18:59:59,305][__main__][INFO]: Inserted flight: {'name': 'AirAsia India', 'pod': 'Mizoram', 'dest': 'Nagaland', 'class': 'Premium Economy Class', 'date': '2025-05-24', 'time': '08:44:17', 'price': 556455}
[2024-09-09 18:59:59,318][__main__][INFO]: Inserted flight: {'name': 'Alliance Air', 'pod': 'Odisha', 'dest': 'Uttar Pradesh', 'class': 'Business Class', 'date': '2025-07-02', 'time': '20:15:13', 'price': 111134}
[2024-09-09 18:59:59,321][__main__][INFO]: Inserted flight: {'name': 'Akasa Air', 'pod': 'Himachal Pradesh', 'dest': 'Meghalaya', 'class': 'Business Class', 'date': '2025-08-04', 'time': '05:50:22', 'price': 560952}
[2024-09-09 18:59:59,333][__main__][INFO]: Inserted flight: {'name': 'Air India Express', 'pod': 'Jharkhand', 'dest': 'Mizoram', 'class': 'Economy Class', 'date': '2026-02-10', 'time': '09:12:53', 'price': 292784}
[2024-09-09 18:59:59,337][__main__][INFO]: Inserted flight: {'name': 'Vistara', 'pod': 'Odisha', 'dest': 'Kerala', 'class': 'Economy Class', 'date': '2024-11-21', 'time': '19:35:57', 'price': 387705}
[2024-09-09 18:59:59,340][__main__][INFO]: Inserted flight: {'name': 'AirAsia India', 'pod': 'Arunachal Pradesh', 'dest': 'Haryana', 'class': 'Premium Economy Class', 'date': '2025-08-18', 'time': '01:37:00', 'price': 752781}
[2024-09-09 18:59:59,348][__main__][INFO]: Inserted flight: {'name': 'Vistara', 'pod': 'Himachal Pradesh', 'dest': 'Andhra Pradesh', 'class': 'Economy Class', 'date': '2026-07-08', 'time': '08:31:33', 'price': 249488}
[2024-09-09 18:59:59,354][__main__][INFO]: Inserted flight: {'name': 'Alliance Air', 'pod': 'Telangana', 'dest': 'Madhya Pradesh', 'class': 'First Class', 'date': '2025-08-12', 'time': '02:04:36', 'price': 524256}
[2024-09-09 18:59:59,373][__main__][INFO]: Inserted flight: {'name': 'Star Air', 'pod': 'Uttar Pradesh', 'dest': 'Maharashtra', 'class': 'Premium Economy Class', 'date': '2025-08-11', 'time': '19:40:57', 'price': 679344}
[2024-09-09 18:59:59,376][__main__][INFO]: Inserted flight: {'name': 'SpiceJet', 'pod': 'Rajasthan', 'dest': 'Uttar Pradesh', 'class': 'Economy Class', 'date': '2025-11-11', 'time': '08:26:02', 'price': 550289}
[2024-09-09 18:59:59,384][__main__][INFO]: Inserted flight: {'name': 'Vistara', 'pod': 'Andhra Pradesh', 'dest': 'Gujarat', 'class': 'Economy Class', 'date': '2024-12-10', 'time': '14:27:32', 'price': 223308}
[2024-09-09 18:59:59,390][__main__][INFO]: Inserted flight: {'name': 'Akasa Air', 'pod': 'Tamil Nadu', 'dest': 'Jharkhand', 'class': 'Premium Economy Class', 'date': '2026-06-19', 'time': '17:29:04', 'price': 76425}
[2024-09-09 18:59:59,393][__main__][INFO]: Inserted flight: {'name': 'Vistara', 'pod': 'Andhra Pradesh', 'dest': 'Arunachal Pradesh', 'class': 'Business Class', 'date': '2025-05-27', 'time': '17:00:01', 'price': 143250}
[2024-09-09 18:59:59,399][__main__][INFO]: Inserted flight: {'name': 'Vistara', 'pod': 'Jharkhand', 'dest': 'Mizoram', 'class': 'First Class', 'date': '2025-05-03', 'time': '10:37:20', 'price': 247948}
[2024-09-09 18:59:59,405][__main__][INFO]: Inserted flight: {'name': 'GoAir', 'pod': 'Kerala', 'dest': 'Karnataka', 'class': 'Business Class', 'date': '2025-09-24', 'time': '09:00:03', 'price': 494039}
[2024-09-09 18:59:59,410][__main__][INFO]: Inserted flight: {'name': 'Air India Express', 'pod': 'West Bengal', 'dest': 'Sikkim', 'class': 'Economy Class', 'date': '2024-12-27', 'time': '21:09:52', 'price': 568561}
[2024-09-09 18:59:59,415][__main__][INFO]: Inserted flight: {'name': 'Air India Express', 'pod': 'Assam, Bihar', 'dest': 'Uttar Pradesh', 'class': 'First Class', 'date': '2025-10-08', 'time': '12:45:35', 'price': 783970}
[2024-09-09 18:59:59,420][__main__][INFO]: Inserted flight: {'name': 'Air India', 'pod': 'Sikkim', 'dest': 'Meghalaya', 'class': 'First Class', 'date': '2024-12-03', 'time': '11:16:14', 'price': 176261}
[2024-09-09 18:59:59,426][__main__][INFO]: Inserted flight: {'name': 'Akasa Air', 'pod': 'Andhra Pradesh', 'dest': 'Arunachal Pradesh', 'class': 'First Class', 'date': '2025-04-22', 'time': '16:54:06', 'price': 273770}
[2024-09-09 18:59:59,431][__main__][INFO]: Inserted flight: {'name': 'Air India', 'pod': 'Uttar Pradesh', 'dest': 'Mizoram', 'class': 'Premium Economy Class', 'date': '2025-08-23', 'time': '00:25:17', 'price': 646623}
[2024-09-09 18:59:59,437][__main__][INFO]: Inserted flight: {'name': 'Akasa Air', 'pod': 'Tripura', 'dest': 'Uttar Pradesh', 'class': 'Premium Economy Class', 'date': '2025-12-05', 'time': '02:44:29', 'price': 459659}
[2024-09-09 18:59:59,441][__main__][INFO]: Inserted flight: {'name': 'SpiceJet', 'pod': 'Himachal Pradesh', 'dest': 'Maharashtra', 'class': 'Business Class', 'date': '2024-09-29', 'time': '10:31:14', 'price': 413509}
[2024-09-09 18:59:59,446][__main__][INFO]: Inserted flight: {'name': 'Air India', 'pod': 'Tripura', 'dest': 'Odisha', 'class': 'Premium Economy Class', 'date': '2026-05-21', 'time': '18:11:19', 'price': 29196}
[2024-09-09 18:59:59,451][__main__][INFO]: Inserted flight: {'name': 'Vistara', 'pod': 'Himachal Pradesh', 'dest': 'Rajasthan', 'class': 'Economy Class', 'date': '2025-10-19', 'time': '15:47:31', 'price': 94123}
[2024-09-09 18:59:59,455][__main__][INFO]: Inserted flight: {'name': 'Akasa Air', 'pod': 'West Bengal', 'dest': 'Haryana', 'class': 'Premium Economy Class', 'date': '2026-07-28', 'time': '12:28:57', 'price': 672898}
[2024-09-09 18:59:59,464][__main__][INFO]: Inserted flight: {'name': 'GoAir', 'pod': 'Arunachal Pradesh', 'dest': 'Gujarat', 'class': 'Premium Economy Class', 'date': '2023-10-30', 'time': '00:18:05', 'price': 151262}
[2024-09-09 18:59:59,470][__main__][INFO]: Inserted flight: {'name': 'SpiceJet', 'pod': 'Telangana', 'dest': 'Assam, Bihar', 'class': 'Business Class', 'date': '2023-10-08', 'time': '22:09:19', 'price': 571017}
[2024-09-09 18:59:59,476][__main__][INFO]: Inserted flight: {'name': 'Vistara', 'pod': 'Manipur', 'dest': 'Assam, Bihar', 'class': 'Business Class', 'date': '2024-09-01', 'time': '08:20:05', 'price': 551884}
[2024-09-09 18:59:59,481][__main__][INFO]: Inserted flight: {'name': 'Akasa Air', 'pod': 'Mizoram', 'dest': 'Odisha', 'class': 'Premium Economy Class', 'date': '2023-08-28', 'time': '05:57:20', 'price': 249156}
[2024-09-09 18:59:59,487][__main__][INFO]: Inserted flight: {'name': 'Alliance Air', 'pod': 'Himachal Pradesh', 'dest': 'Manipur', 'class': 'Business Class', 'date': '2024-01-11', 'time': '19:08:11', 'price': 294905}
[2024-09-09 18:59:59,492][__main__][INFO]: Inserted flight: {'name': 'IndiGo', 'pod': 'Telangana', 'dest': 'Arunachal Pradesh', 'class': 'Economy Class', 'date': '2024-05-27', 'time': '07:27:10', 'price': 63043}
[2024-09-09 18:59:59,497][__main__][INFO]: Inserted flight: {'name': 'SpiceJet', 'pod': 'Tripura', 'dest': 'Himachal Pradesh', 'class': 'First Class', 'date': '2024-06-20', 'time': '06:20:55', 'price': 627423}
[2024-09-09 18:59:59,503][__main__][INFO]: Inserted flight: {'name': 'AirAsia India', 'pod': 'Sikkim', 'dest': 'Karnataka', 'class': 'Premium Economy Class', 'date': '2023-06-29', 'time': '06:48:59', 'price': 67185}
[2024-09-09 18:59:59,509][__main__][INFO]: Inserted flight: {'name': 'Vistara', 'pod': 'Mizoram', 'dest': 'Andhra Pradesh', 'class': 'Economy Class', 'date': '2024-01-24', 'time': '20:49:11', 'price': 177818}
[2024-09-09 18:59:59,514][__main__][INFO]: Inserted flight: {'name': 'Alliance Air', 'pod': 'West Bengal', 'dest': 'Andhra Pradesh', 'class': 'Premium Economy Class', 'date': '2023-11-30', 'time': '22:57:52', 'price': 282078}
[2024-09-09 18:59:59,519][__main__][INFO]: Inserted flight: {'name': 'Vistara', 'pod': 'Kerala', 'dest': 'Jharkhand', 'class': 'First Class', 'date': '2024-06-05', 'time': '18:50:36', 'price': 168961}
[2024-09-09 18:59:59,525][__main__][INFO]: Inserted flight: {'name': 'Alliance Air', 'pod': 'Punjab', 'dest': 'Chhattisgarh', 'class': 'Business Class', 'date': '2024-08-15', 'time': '08:36:15', 'price': 35892}
[2024-09-09 18:59:59,530][__main__][INFO]: Inserted flight: {'name': 'IndiGo', 'pod': 'Uttar Pradesh', 'dest': 'Punjab', 'class': 'Economy Class', 'date': '2023-10-29', 'time': '17:01:23', 'price': 223869}
[2024-09-09 18:59:59,535][__main__][INFO]: Inserted flight: {'name': 'GoAir', 'pod': 'Manipur', 'dest': 'Telangana', 'class': 'Economy Class', 'date': '2023-11-15', 'time': '01:27:17', 'price': 109380}
[2024-09-09 18:59:59,541][__main__][INFO]: Inserted flight: {'name': 'IndiGo', 'pod': 'Punjab', 'dest': 'Manipur', 'class': 'Premium Economy Class', 'date': '2023-11-24', 'time': '01:13:39', 'price': 488306}
[2024-09-09 18:59:59,543][__main__][INFO]: Inserted flight: {'name': 'Star Air', 'pod': 'Telangana', 'dest': 'Nagaland', 'class': 'First Class', 'date': '2023-03-10', 'time': '08:16:10', 'price': 700968}
[2024-09-09 18:59:59,550][__main__][INFO]: Inserted flight: {'name': 'Alliance Air', 'pod': 'Madhya Pradesh', 'dest': 'Punjab', 'class': 'First Class', 'date': '2023-12-04', 'time': '18:39:50', 'price': 697061}
[2024-09-09 18:59:59,555][__main__][INFO]: Inserted flight: {'name': 'Vistara', 'pod': 'West Bengal', 'dest': 'Tripura', 'class': 'First Class', 'date': '2024-02-22', 'time': '18:58:15', 'price': 328701}
[2024-09-09 18:59:59,560][__main__][INFO]: Inserted flight: {'name': 'Star Air', 'pod': 'West Bengal', 'dest': 'Tripura', 'class': 'Business Class', 'date': '2024-06-09', 'time': '00:08:51', 'price': 433769}
[2024-09-09 18:59:59,567][__main__][INFO]: Inserted flight: {'name': 'Alliance Air', 'pod': 'Himachal Pradesh', 'dest': 'Tripura', 'class': 'Premium Economy Class', 'date': '2024-01-27', 'time': '01:00:53', 'price': 208795}
[2024-09-09 18:59:59,572][__main__][INFO]: Inserted flight: {'name': 'Star Air', 'pod': 'Himachal Pradesh', 'dest': 'Mizoram', 'class': 'Economy Class', 'date': '2024-02-21', 'time': '07:25:39', 'price': 418200}
[2024-09-09 18:59:59,577][__main__][INFO]: Inserted flight: {'name': 'Alliance Air', 'pod': 'Madhya Pradesh', 'dest': 'Karnataka', 'class': 'Economy Class', 'date': '2023-01-17', 'time': '12:31:37', 'price': 584836}
[2024-09-09 18:59:59,584][__main__][INFO]: Inserted flight: {'name': 'Akasa Air', 'pod': 'Maharashtra', 'dest': 'Himachal Pradesh', 'class': 'Premium Economy Class', 'date': '2023-04-17', 'time': '10:37:50', 'price': 97277}
[2024-09-09 18:59:59,592][__main__][INFO]: Inserted flight: {'name': 'SpiceJet', 'pod': 'Tripura', 'dest': 'Odisha', 'class': 'Business Class', 'date': '2022-11-14', 'time': '07:03:08', 'price': 420655}
[2024-09-09 18:59:59,595][__main__][INFO]: Inserted flight: {'name': 'Air India', 'pod': 'Andhra Pradesh', 'dest': 'Nagaland', 'class': 'Economy Class', 'date': '2022-09-17', 'time': '01:39:27', 'price': 484962}
[2024-09-09 18:59:59,601][__main__][INFO]: Inserted flight: {'name': 'SpiceJet', 'pod': 'Sikkim', 'dest': 'Kerala', 'class': 'Premium Economy Class', 'date': '2024-04-15', 'time': '05:04:18', 'price': 45883}
[2024-09-09 18:59:59,606][__main__][INFO]: Inserted flight: {'name': 'IndiGo', 'pod': 'Haryana', 'dest': 'Himachal Pradesh', 'class': 'Premium Economy Class', 'date': '2023-01-30', 'time': '05:44:41', 'price': 517410}
[2024-09-09 18:59:59,611][__main__][INFO]: Inserted flight: {'name': 'Air India Express', 'pod': 'Haryana', 'dest': 'Jharkhand', 'class': 'Economy Class', 'date': '2023-06-08', 'time': '16:22:08', 'price': 694534}
[2024-09-09 18:59:59,616][__main__][INFO]: Inserted flight: {'name': 'Air India', 'pod': 'Manipur', 'dest': 'Maharashtra', 'class': 'First Class', 'date': '2024-07-28', 'time': '17:20:41', 'price': 617479}
[2024-09-09 18:59:59,621][__main__][INFO]: Inserted flight: {'name': 'IndiGo', 'pod': 'Manipur', 'dest': 'Chhattisgarh', 'class': 'First Class', 'date': '2023-02-13', 'time': '06:31:11', 'price': 213973}
[2024-09-09 18:59:59,628][__main__][INFO]: Inserted flight: {'name': 'Star Air', 'pod': 'Meghalaya', 'dest': 'Tripura', 'class': 'Premium Economy Class', 'date': '2023-11-22', 'time': '20:38:04', 'price': 274622}
[2024-09-09 18:59:59,632][__main__][INFO]: Inserted flight: {'name': 'Air India', 'pod': 'Himachal Pradesh', 'dest': 'Assam, Bihar', 'class': 'Business Class', 'date': '2023-11-10', 'time': '17:29:57', 'price': 522818}
[2024-09-09 18:59:59,638][__main__][INFO]: Inserted flight: {'name': 'Vistara', 'pod': 'Manipur', 'dest': 'Himachal Pradesh', 'class': 'Premium Economy Class', 'date': '2023-01-26', 'time': '02:24:04', 'price': 527551}
[2024-09-09 18:59:59,643][__main__][INFO]: Inserted flight: {'name': 'SpiceJet', 'pod': 'Uttarakhand', 'dest': 'Himachal Pradesh', 'class': 'First Class', 'date': '2024-03-03', 'time': '18:44:39', 'price': 460542}
[2024-09-09 18:59:59,648][__main__][INFO]: Inserted flight: {'name': 'AirAsia India', 'pod': 'Andhra Pradesh', 'dest': 'Madhya Pradesh', 'class': 'Business Class', 'date': '2024-04-11', 'time': '22:22:00', 'price': 588913}
[2024-09-09 18:59:59,653][__main__][INFO]: Inserted flight: {'name': 'Vistara', 'pod': 'Punjab', 'dest': 'Odisha', 'class': 'Business Class', 'date': '2023-07-14', 'time': '19:56:51', 'price': 598114}
[2024-09-09 18:59:59,660][__main__][INFO]: Inserted flight: {'name': 'GoAir', 'pod': 'Chhattisgarh', 'dest': 'Maharashtra', 'class': 'First Class', 'date': '2023-11-30', 'time': '04:13:41', 'price': 765377}
[2024-09-09 18:59:59,664][__main__][INFO]: Inserted flight: {'name': 'Alliance Air', 'pod': 'Tamil Nadu', 'dest': 'Sikkim', 'class': 'Business Class', 'date': '2024-05-19', 'time': '03:16:49', 'price': 430753}
[2024-09-09 18:59:59,669][__main__][INFO]: Inserted flight: {'name': 'IndiGo', 'pod': 'Sikkim', 'dest': 'Karnataka', 'class': 'Business Class', 'date': '2024-03-05', 'time': '03:29:16', 'price': 739171}
[2024-09-09 18:59:59,674][__main__][INFO]: Inserted flight: {'name': 'Vistara', 'pod': 'Uttar Pradesh', 'dest': 'Tamil Nadu', 'class': 'Premium Economy Class', 'date': '2023-06-29', 'time': '22:08:13', 'price': 38685}
[2024-09-09 18:59:59,676][__main__][INFO]: Inserted flight: {'name': 'Alliance Air', 'pod': 'Sikkim', 'dest': 'Karnataka', 'class': 'Business Class', 'date': '2024-01-13', 'time': '21:06:44', 'price': 241617}
[2024-09-09 18:59:59,686][__main__][INFO]: Inserted flight: {'name': 'SpiceJet', 'pod': 'Manipur', 'dest': 'Mizoram', 'class': 'Business Class', 'date': '2024-08-14', 'time': '09:28:06', 'price': 562169}
[2024-09-09 18:59:59,691][__main__][INFO]: Inserted flight: {'name': 'Air India Express', 'pod': 'Arunachal Pradesh', 'dest': 'Kerala', 'class': 'Premium Economy Class', 'date': '2023-11-20', 'time': '19:31:11', 'price': 397779}
[2024-09-09 18:59:59,698][__main__][INFO]: Inserted flight: {'name': 'IndiGo', 'pod': 'Chhattisgarh', 'dest': 'Uttarakhand', 'class': 'Business Class', 'date': '2023-03-18', 'time': '10:15:35', 'price': 198958}
[2024-09-09 18:59:59,704][__main__][INFO]: Inserted flight: {'name': 'AirAsia India', 'pod': 'Sikkim', 'dest': 'Chhattisgarh', 'class': 'Business Class', 'date': '2023-08-26', 'time': '01:42:23', 'price': 567514}
[2024-09-09 18:59:59,709][__main__][INFO]: Inserted flight: {'name': 'IndiGo', 'pod': 'Jharkhand', 'dest': 'Odisha', 'class': 'Premium Economy Class', 'date': '2023-02-11', 'time': '00:18:31', 'price': 746570}
[2024-09-09 18:59:59,714][__main__][INFO]: Inserted flight: {'name': 'GoAir', 'pod': 'Jharkhand', 'dest': 'Karnataka', 'class': 'First Class', 'date': '2023-01-05', 'time': '14:33:21', 'price': 734332}
[2024-09-09 18:59:59,719][__main__][INFO]: Inserted flight: {'name': 'Alliance Air', 'pod': 'West Bengal', 'dest': 'Kerala', 'class': 'Economy Class', 'date': '2023-09-13', 'time': '03:06:00', 'price': 126973}
[2024-09-09 18:59:59,726][__main__][INFO]: Inserted flight: {'name': 'AirAsia India', 'pod': 'Karnataka', 'dest': 'Tripura', 'class': 'Premium Economy Class', 'date': '2023-03-28', 'time': '16:32:37', 'price': 521399}
[2024-09-09 18:59:59,727][__main__][INFO]: Inserted flight: {'name': 'Vistara', 'pod': 'Gujarat', 'dest': 'Karnataka', 'class': 'Economy Class', 'date': '2024-04-05', 'time': '09:21:12', 'price': 87817}
[2024-09-09 18:59:59,735][__main__][INFO]: Inserted flight: {'name': 'Akasa Air', 'pod': 'Jharkhand', 'dest': 'Assam, Bihar', 'class': 'Economy Class', 'date': '2024-01-24', 'time': '04:18:02', 'price': 497750}
[2024-09-09 18:59:59,742][__main__][INFO]: Inserted flight: {'name': 'IndiGo', 'pod': 'Goa', 'dest': 'Gujarat', 'class': 'Economy Class', 'date': '2023-01-20', 'time': '13:25:55', 'price': 138251}
[2024-09-09 18:59:59,742][__main__][INFO]: Inserted flight: {'name': 'SpiceJet', 'pod': 'Nagaland', 'dest': 'Kerala', 'class': 'First Class', 'date': '2024-04-25', 'time': '11:36:48', 'price': 294315}
[2024-09-09 18:59:59,754][__main__][INFO]: Inserted flight: {'name': 'Star Air', 'pod': 'Arunachal Pradesh', 'dest': 'Mizoram', 'class': 'Economy Class', 'date': '2023-07-24', 'time': '04:46:26', 'price': 250051}
[2024-09-09 18:59:59,760][__main__][INFO]: Inserted flight: {'name': 'GoAir', 'pod': 'Madhya Pradesh', 'dest': 'Chhattisgarh', 'class': 'Economy Class', 'date': '2023-10-23', 'time': '19:30:26', 'price': 483904}
[2024-09-09 18:59:59,765][__main__][INFO]: Inserted flight: {'name': 'GoAir', 'pod': 'Tripura', 'dest': 'Arunachal Pradesh', 'class': 'Business Class', 'date': '2024-05-27', 'time': '23:13:16', 'price': 698326}
[2024-09-09 18:59:59,770][__main__][INFO]: Inserted flight: {'name': 'SpiceJet', 'pod': 'Mizoram', 'dest': 'Maharashtra', 'class': 'Business Class', 'date': '2023-04-12', 'time': '18:29:00', 'price': 54671}
[2024-09-09 18:59:59,776][__main__][INFO]: Inserted flight: {'name': 'Star Air', 'pod': 'Tripura', 'dest': 'Jharkhand', 'class': 'First Class', 'date': '2024-03-02', 'time': '23:08:28', 'price': 701891}
[2024-09-09 18:59:59,781][__main__][INFO]: Inserted flight: {'name': 'IndiGo', 'pod': 'Odisha', 'dest': 'Telangana', 'class': 'Economy Class', 'date': '2023-05-29', 'time': '00:41:11', 'price': 379122}
[2024-09-09 18:59:59,787][__main__][INFO]: Inserted flight: {'name': 'Vistara', 'pod': 'Meghalaya', 'dest': 'Telangana', 'class': 'First Class', 'date': '2024-04-22', 'time': '00:43:04', 'price': 159164}
[2024-09-09 18:59:59,793][__main__][INFO]: Inserted flight: {'name': 'GoAir', 'pod': 'Assam, Bihar', 'dest': 'Rajasthan', 'class': 'Business Class', 'date': '2022-12-17', 'time': '19:42:54', 'price': 226467}
[2024-09-09 18:59:59,796][__main__][INFO]: Inserted flight: {'name': 'AirAsia India', 'pod': 'Tripura', 'dest': 'Himachal Pradesh', 'class': 'Economy Class', 'date': '2023-02-16', 'time': '22:30:21', 'price': 173206}
[2024-09-09 18:59:59,801][__main__][INFO]: Inserted flight: {'name': 'Star Air', 'pod': 'Himachal Pradesh', 'dest': 'Uttarakhand', 'class': 'Business Class', 'date': '2024-04-12', 'time': '14:43:15', 'price': 799433}
[2024-09-09 18:59:59,808][__main__][INFO]: Inserted flight: {'name': 'AirAsia India', 'pod': 'Manipur', 'dest': 'Tripura', 'class': 'Premium Economy Class', 'date': '2023-12-08', 'time': '06:57:20', 'price': 558722}
[2024-09-09 18:59:59,809][__main__][INFO]: Inserted flight: {'name': 'SpiceJet', 'pod': 'Jharkhand', 'dest': 'Odisha', 'class': 'Business Class', 'date': '2024-01-21', 'time': '11:36:10', 'price': 614661}
[2024-09-09 18:59:59,817][__main__][INFO]: Inserted flight: {'name': 'Air India', 'pod': 'Assam, Bihar', 'dest': 'Punjab', 'class': 'First Class', 'date': '2024-06-20', 'time': '14:47:07', 'price': 414573}
[2024-09-09 18:59:59,822][__main__][INFO]: Inserted flight: {'name': 'IndiGo', 'pod': 'Tripura', 'dest': 'Rajasthan', 'class': 'Premium Economy Class', 'date': '2022-09-27', 'time': '06:53:40', 'price': 782966}
[2024-09-09 18:59:59,826][__main__][INFO]: Inserted flight: {'name': 'Air India Express', 'pod': 'Arunachal Pradesh', 'dest': 'Uttarakhand', 'class': 'Economy Class', 'date': '2024-09-09', 'time': '09:59:11', 'price': 488168}
[2024-09-09 18:59:59,854][__main__][INFO]: Inserted flight: {'name': 'Akasa Air', 'pod': 'Tamil Nadu', 'dest': 'Sikkim', 'class': 'Economy Class', 'date': '2023-01-08', 'time': '04:38:25', 'price': 135871}
[2024-09-09 18:59:59,854][__main__][INFO]: Inserted flight: {'name': 'AirAsia India', 'pod': 'Madhya Pradesh', 'dest': 'Odisha', 'class': 'Premium Economy Class', 'date': '2024-07-17', 'time': '16:31:36', 'price': 511601}
[2024-09-09 18:59:59,854][__main__][INFO]: Inserted flight: {'name': 'Air India', 'pod': 'Manipur', 'dest': 'Maharashtra', 'class': 'Business Class', 'date': '2023-08-08', 'time': '07:22:34', 'price': 422787}
[2024-09-09 18:59:59,871][__main__][INFO]: Inserted flight: {'name': 'SpiceJet', 'pod': 'Uttarakhand', 'dest': 'Andhra Pradesh', 'class': 'First Class', 'date': '2024-01-20', 'time': '03:33:19', 'price': 192889}
[2024-09-09 18:59:59,874][__main__][INFO]: Inserted flight: {'name': 'SpiceJet', 'pod': 'Manipur', 'dest': 'Haryana', 'class': 'First Class', 'date': '2024-03-17', 'time': '15:21:44', 'price': 730954}
[2024-09-09 18:59:59,879][__main__][INFO]: Inserted flight: {'name': 'IndiGo', 'pod': 'Tripura', 'dest': 'Punjab', 'class': 'First Class', 'date': '2023-05-18', 'time': '05:37:44', 'price': 94911}
[2024-09-09 18:59:59,882][__main__][INFO]: Inserted flight: {'name': 'Air India', 'pod': 'Haryana', 'dest': 'Kerala', 'class': 'Business Class', 'date': '2023-04-23', 'time': '05:51:54', 'price': 695618}
[2024-09-09 18:59:59,887][__main__][INFO]: Inserted flight: {'name': 'Alliance Air', 'pod': 'Maharashtra', 'dest': 'Telangana', 'class': 'Economy Class', 'date': '2023-12-12', 'time': '21:27:40', 'price': 27139}
[2024-09-09 18:59:59,892][__main__][INFO]: Inserted flight: {'name': 'Star Air', 'pod': 'Odisha', 'dest': 'Gujarat', 'class': 'Economy Class', 'date': '2022-10-10', 'time': '07:03:41', 'price': 181301}
[2024-09-09 18:59:59,893][__main__][INFO]: Inserted flight: {'name': 'Air India', 'pod': 'Telangana', 'dest': 'Uttarakhand', 'class': 'Premium Economy Class', 'date': '2023-11-05', 'time': '02:22:54', 'price': 411897}
[2024-09-09 18:59:59,900][__main__][INFO]: Inserted flight: {'name': 'GoAir', 'pod': 'Manipur', 'dest': 'Andhra Pradesh', 'class': 'Economy Class', 'date': '2024-06-05', 'time': '13:08:39', 'price': 571738}
[2024-09-09 18:59:59,907][__main__][INFO]: Inserted flight: {'name': 'Star Air', 'pod': 'Tamil Nadu', 'dest': 'Sikkim', 'class': 'First Class', 'date': '2024-07-26', 'time': '22:56:00', 'price': 361329}
[2024-09-09 18:59:59,909][__main__][INFO]: Inserted flight: {'name': 'IndiGo', 'pod': 'Assam, Bihar', 'dest': 'Meghalaya', 'class': 'Premium Economy Class', 'date': '2023-10-17', 'time': '20:03:06', 'price': 568602}
[2024-09-09 18:59:59,915][__main__][INFO]: Inserted flight: {'name': 'Air India', 'pod': 'Meghalaya', 'dest': 'West Bengal', 'class': 'Economy Class', 'date': '2022-11-26', 'time': '00:17:10', 'price': 524975}
[2024-09-09 18:59:59,920][__main__][INFO]: Inserted flight: {'name': 'Alliance Air', 'pod': 'Himachal Pradesh', 'dest': 'Uttarakhand', 'class': 'First Class', 'date': '2023-12-15', 'time': '04:02:13', 'price': 177103}
[2024-09-09 18:59:59,926][__main__][INFO]: Inserted flight: {'name': 'Akasa Air', 'pod': 'Manipur', 'dest': 'Madhya Pradesh', 'class': 'Premium Economy Class', 'date': '2023-12-11', 'time': '05:44:02', 'price': 309545}
[2024-09-09 18:59:59,926][__main__][INFO]: Inserted flight: {'name': 'GoAir', 'pod': 'Manipur', 'dest': 'Madhya Pradesh', 'class': 'Premium Economy Class', 'date': '2023-04-10', 'time': '18:07:53', 'price': 328714}
[2024-09-09 18:59:59,934][__main__][INFO]: Inserted flight: {'name': 'IndiGo', 'pod': 'Telangana', 'dest': 'Nagaland', 'class': 'Business Class', 'date': '2023-08-28', 'time': '08:46:09', 'price': 60182}
[2024-09-09 18:59:59,939][__main__][INFO]: Inserted flight: {'name': 'Vistara', 'pod': 'Haryana', 'dest': 'Chhattisgarh', 'class': 'First Class', 'date': '2023-11-13', 'time': '12:59:25', 'price': 684927}
[2024-09-09 18:59:59,943][__main__][INFO]: Inserted flight: {'name': 'GoAir', 'pod': 'Gujarat', 'dest': 'Tripura', 'class': 'Premium Economy Class', 'date': '2024-06-26', 'time': '00:03:53', 'price': 769571}
[2024-09-09 18:59:59,946][__main__][INFO]: Inserted flight: {'name': 'Alliance Air', 'pod': 'Jharkhand', 'dest': 'Manipur', 'class': 'Business Class', 'date': '2023-09-17', 'time': '12:22:25', 'price': 568206}
[2024-09-09 18:59:59,950][__main__][INFO]: Inserted flight: {'name': 'IndiGo', 'pod': 'Nagaland', 'dest': 'Uttar Pradesh', 'class': 'Business Class', 'date': '2024-03-30', 'time': '09:05:46', 'price': 127237}
[2024-09-09 18:59:59,956][__main__][INFO]: Inserted flight: {'name': 'Star Air', 'pod': 'Assam, Bihar', 'dest': 'Tripura', 'class': 'Economy Class', 'date': '2023-05-14', 'time': '16:05:06', 'price': 354852}
[2024-09-09 18:59:59,960][__main__][INFO]: Inserted flight: {'name': 'Vistara', 'pod': 'Tripura', 'dest': 'Assam, Bihar', 'class': 'Economy Class', 'date': '2024-04-14', 'time': '03:04:25', 'price': 478100}
[2024-09-09 18:59:59,966][__main__][INFO]: Inserted flight: {'name': 'Air India Express', 'pod': 'Chhattisgarh', 'dest': 'Maharashtra', 'class': 'Economy Class', 'date': '2022-11-18', 'time': '17:10:58', 'price': 78288}
[2024-09-09 18:59:59,971][__main__][INFO]: Inserted flight: {'name': 'AirAsia India', 'pod': 'Chhattisgarh', 'dest': 'Madhya Pradesh', 'class': 'Premium Economy Class', 'date': '2022-10-19', 'time': '15:36:59', 'price': 482759}
[2024-09-09 18:59:59,975][__main__][INFO]: Inserted flight: {'name': 'Vistara', 'pod': 'Maharashtra', 'dest': 'Meghalaya', 'class': 'Business Class', 'date': '2024-06-10', 'time': '04:59:25', 'price': 651854}
[2024-09-09 18:59:59,975][__main__][INFO]: Inserted flight: {'name': 'Vistara', 'pod': 'Kerala', 'dest': 'Manipur', 'class': 'First Class', 'date': '2023-09-16', 'time': '13:20:29', 'price': 226257}
[2024-09-09 18:59:59,983][__main__][INFO]: Inserted flight: {'name': 'Akasa Air', 'pod': 'Punjab', 'dest': 'Tamil Nadu', 'class': 'Economy Class', 'date': '2024-02-10', 'time': '10:44:47', 'price': 579996}
[2024-09-09 18:59:59,989][__main__][INFO]: Inserted flight: {'name': 'GoAir', 'pod': 'Haryana', 'dest': 'Uttar Pradesh', 'class': 'First Class', 'date': '2023-09-04', 'time': '23:26:55', 'price': 268212}
[2024-09-09 18:59:59,993][__main__][INFO]: Inserted flight: {'name': 'Star Air', 'pod': 'Meghalaya', 'dest': 'Manipur', 'class': 'First Class', 'date': '2023-05-12', 'time': '19:34:08', 'price': 140896}
[2024-09-09 18:59:59,997][__main__][INFO]: Inserted flight: {'name': 'Star Air', 'pod': 'Gujarat', 'dest': 'Meghalaya', 'class': 'Business Class', 'date': '2024-03-03', 'time': '09:01:11', 'price': 518477}
[2024-09-09 19:00:00,244][ui.Manager][INFO]: Initialized SignUp
[2024-09-09 19:00:00,316][ui.Manager][INFO]: Initialized Login
[2024-09-09 19:00:00,317][ui.Manager][INFO]: Initialized FrontPage
[2024-09-09 19:00:00,317][ui.Manager][INFO]: Showing FrontPage
[2024-09-09 19:00:05,810][__main__][INFO]: Program terminated!
