[2024-09-11 10:37:46,129][__main__][INFO]: Welcome to AirLine!
[2024-09-11 10:37:46,129][reader.Mysql][INFO]: Connecting to database
[2024-09-11 10:37:46,149][reader.Mysql][WARNING]: Failed!
[2024-09-11 10:37:46,150][reader.Mysql][INFO]: Creating Database
[2024-09-11 10:37:46,174][__main__][INFO]: Inserting default flights...
[2024-09-11 10:37:47,195][__main__][INFO]: Inserted flight: {'name': 'Air India Express', 'pod': 'Bihar', 'dest': 'Manipur', 'class': 'Economy Class', 'date': '2024-11-23', 'time': '15:00:33', 'price': 449161}
[2024-09-11 10:37:47,200][__main__][INFO]: Inserted flight: {'name': 'SpiceJet', 'pod': 'Tamil Nadu', 'dest': 'Haryana', 'class': 'Economy Class', 'date': '2026-04-07', 'time': '20:15:56', 'price': 130613}
[2024-09-11 10:37:47,205][__main__][INFO]: Inserted flight: {'name': 'Vistara', 'pod': 'Odisha', 'dest': 'Maharashtra', 'class': 'Economy Class', 'date': '2026-08-29', 'time': '01:04:37', 'price': 671767}
[2024-09-11 10:37:47,212][__main__][INFO]: Inserted flight: {'name': 'Star Air', 'pod': 'Sikkim', 'dest': 'Arunachal Pradesh', 'class': 'Economy Class', 'date': '2026-01-02', 'time': '16:57:29', 'price': 665169}
[2024-09-11 10:37:47,217][__main__][INFO]: Inserted flight: {'name': 'GoAir', 'pod': 'Uttarakhand', 'dest': 'Uttar Pradesh', 'class': 'Business Class', 'date': '2026-02-03', 'time': '18:39:12', 'price': 439872}
[2024-09-11 10:37:47,221][__main__][INFO]: Inserted flight: {'name': 'Alliance Air', 'pod': 'Assam', 'dest': 'Rajasthan', 'class': 'Business Class', 'date': '2025-01-06', 'time': '23:27:23', 'price': 777326}
[2024-09-11 10:37:47,225][__main__][INFO]: Inserted flight: {'name': 'Alliance Air', 'pod': 'Kerala', 'dest': 'Chhattisgarh', 'class': 'Premium Economy Class', 'date': '2024-10-05', 'time': '18:23:21', 'price': 384835}
[2024-09-11 10:37:47,228][__main__][INFO]: Inserted flight: {'name': 'IndiGo', 'pod': 'Uttarakhand', 'dest': 'Himachal Pradesh', 'class': 'Business Class', 'date': '2025-04-30', 'time': '20:30:13', 'price': 376914}
[2024-09-11 10:37:47,232][__main__][INFO]: Inserted flight: {'name': 'Air India', 'pod': 'Odisha', 'dest': 'Tripura', 'class': 'Premium Economy Class', 'date': '2026-07-19', 'time': '04:02:53', 'price': 296311}
[2024-09-11 10:37:47,235][__main__][INFO]: Inserted flight: {'name': 'Akasa Air', 'pod': 'Chhattisgarh', 'dest': 'Himachal Pradesh', 'class': 'Premium Economy Class', 'date': '2025-01-10', 'time': '00:24:40', 'price': 148919}
[2024-09-11 10:37:47,239][__main__][INFO]: Inserted flight: {'name': 'Air India Express', 'pod': 'Meghalaya', 'dest': 'Uttar Pradesh', 'class': 'First Class', 'date': '2026-08-02', 'time': '13:31:49', 'price': 704852}
[2024-09-11 10:37:47,246][__main__][INFO]: Inserted flight: {'name': 'SpiceJet', 'pod': 'Himachal Pradesh', 'dest': 'Telangana', 'class': 'Premium Economy Class', 'date': '2025-07-07', 'time': '11:28:22', 'price': 181123}
[2024-09-11 10:37:47,250][__main__][INFO]: Inserted flight: {'name': 'Akasa Air', 'pod': 'Bihar', 'dest': 'Kerala', 'class': 'Premium Economy Class', 'date': '2024-12-01', 'time': '23:32:34', 'price': 688815}
[2024-09-11 10:37:47,253][__main__][INFO]: Inserted flight: {'name': 'Alliance Air', 'pod': 'Tripura', 'dest': 'Kerala', 'class': 'Premium Economy Class', 'date': '2026-06-10', 'time': '05:04:17', 'price': 356396}
[2024-09-11 10:37:47,259][__main__][INFO]: Inserted flight: {'name': 'Alliance Air', 'pod': 'Meghalaya', 'dest': 'Gujarat', 'class': 'First Class', 'date': '2025-11-21', 'time': '22:35:30', 'price': 475800}
[2024-09-11 10:37:47,263][__main__][INFO]: Inserted flight: {'name': 'Alliance Air', 'pod': 'Uttar Pradesh', 'dest': 'Uttarakhand', 'class': 'Premium Economy Class', 'date': '2025-09-18', 'time': '00:12:35', 'price': 499500}
[2024-09-11 10:37:47,267][__main__][INFO]: Inserted flight: {'name': 'SpiceJet', 'pod': 'Bihar', 'dest': 'West Bengal', 'class': 'Premium Economy Class', 'date': '2025-06-23', 'time': '12:53:13', 'price': 320173}
[2024-09-11 10:37:47,271][__main__][INFO]: Inserted flight: {'name': 'Star Air', 'pod': 'Sikkim', 'dest': 'Himachal Pradesh', 'class': 'Economy Class', 'date': '2025-10-28', 'time': '05:44:05', 'price': 208204}
[2024-09-11 10:37:47,276][__main__][INFO]: Inserted flight: {'name': 'Air India Express', 'pod': 'Telangana', 'dest': 'Tripura', 'class': 'Business Class', 'date': '2026-03-29', 'time': '00:01:46', 'price': 472026}
[2024-09-11 10:37:47,280][__main__][INFO]: Inserted flight: {'name': 'IndiGo', 'pod': 'Madhya Pradesh', 'dest': 'Gujarat', 'class': 'Premium Economy Class', 'date': '2025-03-22', 'time': '13:21:07', 'price': 676429}
[2024-09-11 10:37:47,283][__main__][INFO]: Inserted flight: {'name': 'Air India Express', 'pod': 'Odisha', 'dest': 'Tripura', 'class': 'Economy Class', 'date': '2024-11-15', 'time': '11:15:50', 'price': 247172}
[2024-09-11 10:37:47,286][__main__][INFO]: Inserted flight: {'name': 'Akasa Air', 'pod': 'Karnataka', 'dest': 'Nagaland', 'class': 'Premium Economy Class', 'date': '2025-12-22', 'time': '08:33:01', 'price': 720548}
[2024-09-11 10:37:47,292][__main__][INFO]: Inserted flight: {'name': 'IndiGo', 'pod': 'Telangana', 'dest': 'Mizoram', 'class': 'Premium Economy Class', 'date': '2026-08-22', 'time': '23:06:57', 'price': 740060}
[2024-09-11 10:37:47,295][__main__][INFO]: Inserted flight: {'name': 'Air India Express', 'pod': 'Chhattisgarh', 'dest': 'Sikkim', 'class': 'Economy Class', 'date': '2026-06-24', 'time': '20:33:23', 'price': 497055}
[2024-09-11 10:37:47,298][__main__][INFO]: Inserted flight: {'name': 'Akasa Air', 'pod': 'Tripura', 'dest': 'Gujarat', 'class': 'Premium Economy Class', 'date': '2025-01-24', 'time': '08:45:37', 'price': 196012}
[2024-09-11 10:37:47,301][__main__][INFO]: Inserted flight: {'name': 'Star Air', 'pod': 'Uttarakhand', 'dest': 'Bihar', 'class': 'First Class', 'date': '2024-12-25', 'time': '07:03:19', 'price': 433728}
[2024-09-11 10:37:47,304][__main__][INFO]: Inserted flight: {'name': 'Akasa Air', 'pod': 'Jharkhand', 'dest': 'Telangana', 'class': 'First Class', 'date': '2025-05-30', 'time': '22:18:38', 'price': 151151}
[2024-09-11 10:37:47,307][__main__][INFO]: Inserted flight: {'name': 'Akasa Air', 'pod': 'Haryana', 'dest': 'Chhattisgarh', 'class': 'Economy Class', 'date': '2025-12-13', 'time': '03:37:57', 'price': 673082}
[2024-09-11 10:37:47,310][__main__][INFO]: Inserted flight: {'name': 'Alliance Air', 'pod': 'Maharashtra', 'dest': 'Mizoram', 'class': 'Business Class', 'date': '2025-03-28', 'time': '23:46:47', 'price': 220720}
[2024-09-11 10:37:47,314][__main__][INFO]: Inserted flight: {'name': 'SpiceJet', 'pod': 'Telangana', 'dest': 'Madhya Pradesh', 'class': 'Premium Economy Class', 'date': '2025-11-22', 'time': '21:02:47', 'price': 237908}
[2024-09-11 10:37:47,317][__main__][INFO]: Inserted flight: {'name': 'GoAir', 'pod': 'Arunachal Pradesh', 'dest': 'Telangana', 'class': 'Economy Class', 'date': '2024-11-23', 'time': '06:04:21', 'price': 780259}
[2024-09-11 10:37:47,320][__main__][INFO]: Inserted flight: {'name': 'Air India', 'pod': 'Sikkim', 'dest': 'Chhattisgarh', 'class': 'Business Class', 'date': '2025-04-12', 'time': '16:14:37', 'price': 452174}
[2024-09-11 10:37:47,324][__main__][INFO]: Inserted flight: {'name': 'SpiceJet', 'pod': 'Kerala', 'dest': 'Manipur', 'class': 'Economy Class', 'date': '2026-08-24', 'time': '10:11:00', 'price': 662461}
[2024-09-11 10:37:47,327][__main__][INFO]: Inserted flight: {'name': 'SpiceJet', 'pod': 'Himachal Pradesh', 'dest': 'Nagaland', 'class': 'Premium Economy Class', 'date': '2024-11-20', 'time': '16:51:50', 'price': 46200}
[2024-09-11 10:37:47,330][__main__][INFO]: Inserted flight: {'name': 'AirAsia India', 'pod': 'Uttar Pradesh', 'dest': 'Mizoram', 'class': 'First Class', 'date': '2025-01-06', 'time': '08:30:48', 'price': 718076}
[2024-09-11 10:37:47,333][__main__][INFO]: Inserted flight: {'name': 'GoAir', 'pod': 'Karnataka', 'dest': 'Gujarat', 'class': 'Economy Class', 'date': '2024-11-27', 'time': '23:17:37', 'price': 451937}
[2024-09-11 10:37:47,336][__main__][INFO]: Inserted flight: {'name': 'AirAsia India', 'pod': 'Madhya Pradesh', 'dest': 'Haryana', 'class': 'Business Class', 'date': '2025-07-14', 'time': '15:01:33', 'price': 664226}
[2024-09-11 10:37:47,341][__main__][INFO]: Inserted flight: {'name': 'Star Air', 'pod': 'Himachal Pradesh', 'dest': 'Sikkim', 'class': 'Premium Economy Class', 'date': '2025-01-24', 'time': '10:11:57', 'price': 35243}
[2024-09-11 10:37:47,345][__main__][INFO]: Inserted flight: {'name': 'AirAsia India', 'pod': 'Kerala', 'dest': 'Arunachal Pradesh', 'class': 'Premium Economy Class', 'date': '2026-05-24', 'time': '08:22:08', 'price': 456394}
[2024-09-11 10:37:47,348][__main__][INFO]: Inserted flight: {'name': 'Air India Express', 'pod': 'Assam', 'dest': 'Chhattisgarh', 'class': 'Premium Economy Class', 'date': '2025-12-26', 'time': '08:00:56', 'price': 173842}
[2024-09-11 10:37:47,351][__main__][INFO]: Inserted flight: {'name': 'Air India Express', 'pod': 'Uttar Pradesh', 'dest': 'Punjab', 'class': 'Economy Class', 'date': '2026-04-28', 'time': '01:04:52', 'price': 593350}
[2024-09-11 10:37:47,354][__main__][INFO]: Inserted flight: {'name': 'Akasa Air', 'pod': 'Andhra Pradesh', 'dest': 'Karnataka', 'class': 'Economy Class', 'date': '2026-02-27', 'time': '04:30:13', 'price': 579276}
[2024-09-11 10:37:47,358][__main__][INFO]: Inserted flight: {'name': 'Air India', 'pod': 'Tamil Nadu', 'dest': 'Manipur', 'class': 'Economy Class', 'date': '2025-02-10', 'time': '02:22:00', 'price': 707950}
[2024-09-11 10:37:47,360][__main__][INFO]: Inserted flight: {'name': 'IndiGo', 'pod': 'Tripura', 'dest': 'Himachal Pradesh', 'class': 'Economy Class', 'date': '2025-07-08', 'time': '21:31:06', 'price': 44393}
[2024-09-11 10:37:47,363][__main__][INFO]: Inserted flight: {'name': 'Star Air', 'pod': 'Uttar Pradesh', 'dest': 'Chhattisgarh', 'class': 'Business Class', 'date': '2025-07-08', 'time': '13:44:22', 'price': 796922}
[2024-09-11 10:37:47,366][__main__][INFO]: Inserted flight: {'name': 'GoAir', 'pod': 'Mizoram', 'dest': 'Jharkhand', 'class': 'Premium Economy Class', 'date': '2024-10-25', 'time': '00:11:22', 'price': 216833}
[2024-09-11 10:37:47,368][__main__][INFO]: Inserted flight: {'name': 'IndiGo', 'pod': 'Jharkhand', 'dest': 'Gujarat', 'class': 'First Class', 'date': '2024-12-10', 'time': '08:24:04', 'price': 381538}
[2024-09-11 10:37:47,371][__main__][INFO]: Inserted flight: {'name': 'Star Air', 'pod': 'Assam', 'dest': 'Andhra Pradesh', 'class': 'First Class', 'date': '2025-03-28', 'time': '21:49:32', 'price': 34061}
[2024-09-11 10:37:47,374][__main__][INFO]: Inserted flight: {'name': 'IndiGo', 'pod': 'Bihar', 'dest': 'Meghalaya', 'class': 'Premium Economy Class', 'date': '2025-04-28', 'time': '03:14:30', 'price': 232394}
[2024-09-11 10:37:47,379][__main__][INFO]: Inserted flight: {'name': 'IndiGo', 'pod': 'Uttarakhand', 'dest': 'Himachal Pradesh', 'class': 'Business Class', 'date': '2025-12-12', 'time': '12:08:23', 'price': 768787}
[2024-09-11 10:37:47,382][__main__][INFO]: Inserted flight: {'name': 'Alliance Air', 'pod': 'Maharashtra', 'dest': 'West Bengal', 'class': 'Economy Class', 'date': '2025-04-05', 'time': '01:27:35', 'price': 440238}
[2024-09-11 10:37:47,385][__main__][INFO]: Inserted flight: {'name': 'IndiGo', 'pod': 'Goa', 'dest': 'Himachal Pradesh', 'class': 'Business Class', 'date': '2026-03-09', 'time': '08:45:00', 'price': 433692}
[2024-09-11 10:37:47,390][__main__][INFO]: Inserted flight: {'name': 'Air India Express', 'pod': 'Meghalaya', 'dest': 'Tripura', 'class': 'First Class', 'date': '2025-09-02', 'time': '08:24:52', 'price': 784216}
[2024-09-11 10:37:47,395][__main__][INFO]: Inserted flight: {'name': 'IndiGo', 'pod': 'Kerala', 'dest': 'Assam', 'class': 'Economy Class', 'date': '2026-05-23', 'time': '20:34:01', 'price': 202680}
[2024-09-11 10:37:47,398][__main__][INFO]: Inserted flight: {'name': 'Alliance Air', 'pod': 'Karnataka', 'dest': 'Mizoram', 'class': 'Economy Class', 'date': '2025-09-17', 'time': '08:02:08', 'price': 660221}
[2024-09-11 10:37:47,403][__main__][INFO]: Inserted flight: {'name': 'Akasa Air', 'pod': 'Tamil Nadu', 'dest': 'Sikkim', 'class': 'First Class', 'date': '2025-05-28', 'time': '06:28:44', 'price': 196848}
[2024-09-11 10:37:47,406][__main__][INFO]: Inserted flight: {'name': 'Air India Express', 'pod': 'Punjab', 'dest': 'Nagaland', 'class': 'First Class', 'date': '2025-04-14', 'time': '19:04:17', 'price': 105313}
[2024-09-11 10:37:47,411][__main__][INFO]: Inserted flight: {'name': 'AirAsia India', 'pod': 'Kerala', 'dest': 'Tripura', 'class': 'First Class', 'date': '2025-01-08', 'time': '07:11:54', 'price': 497581}
[2024-09-11 10:37:47,413][__main__][INFO]: Inserted flight: {'name': 'Air India', 'pod': 'Manipur', 'dest': 'Gujarat', 'class': 'First Class', 'date': '2026-08-06', 'time': '00:43:06', 'price': 126060}
[2024-09-11 10:37:47,415][__main__][INFO]: Inserted flight: {'name': 'Star Air', 'pod': 'Telangana', 'dest': 'Punjab', 'class': 'Business Class', 'date': '2026-06-17', 'time': '01:00:01', 'price': 712159}
[2024-09-11 10:37:47,418][__main__][INFO]: Inserted flight: {'name': 'GoAir', 'pod': 'Jharkhand', 'dest': 'Arunachal Pradesh', 'class': 'First Class', 'date': '2024-10-21', 'time': '21:44:22', 'price': 442656}
[2024-09-11 10:37:47,421][__main__][INFO]: Inserted flight: {'name': 'Vistara', 'pod': 'Tamil Nadu', 'dest': 'Rajasthan', 'class': 'Business Class', 'date': '2025-04-02', 'time': '19:04:16', 'price': 111939}
[2024-09-11 10:37:47,425][__main__][INFO]: Inserted flight: {'name': 'Air India Express', 'pod': 'Nagaland', 'dest': 'Haryana', 'class': 'Economy Class', 'date': '2024-12-08', 'time': '22:13:16', 'price': 728803}
[2024-09-11 10:37:47,428][__main__][INFO]: Inserted flight: {'name': 'Air India', 'pod': 'Maharashtra', 'dest': 'Uttar Pradesh', 'class': 'First Class', 'date': '2026-03-09', 'time': '08:18:08', 'price': 195907}
[2024-09-11 10:37:47,430][__main__][INFO]: Inserted flight: {'name': 'Alliance Air', 'pod': 'Assam', 'dest': 'Mizoram', 'class': 'First Class', 'date': '2026-05-28', 'time': '15:31:03', 'price': 51030}
[2024-09-11 10:37:47,432][__main__][INFO]: Inserted flight: {'name': 'Star Air', 'pod': 'Bihar', 'dest': 'Odisha', 'class': 'Economy Class', 'date': '2025-08-30', 'time': '11:39:05', 'price': 400505}
[2024-09-11 10:37:47,435][__main__][INFO]: Inserted flight: {'name': 'SpiceJet', 'pod': 'Goa', 'dest': 'Sikkim', 'class': 'First Class', 'date': '2025-12-17', 'time': '20:58:57', 'price': 609905}
[2024-09-11 10:37:47,437][__main__][INFO]: Inserted flight: {'name': 'Vistara', 'pod': 'Andhra Pradesh', 'dest': 'Goa', 'class': 'Business Class', 'date': '2026-07-29', 'time': '09:13:15', 'price': 70914}
[2024-09-11 10:37:47,441][__main__][INFO]: Inserted flight: {'name': 'Star Air', 'pod': 'Odisha', 'dest': 'Gujarat', 'class': 'Business Class', 'date': '2026-08-29', 'time': '21:29:43', 'price': 433064}
[2024-09-11 10:37:47,444][__main__][INFO]: Inserted flight: {'name': 'AirAsia India', 'pod': 'Manipur', 'dest': 'West Bengal', 'class': 'First Class', 'date': '2026-01-15', 'time': '20:03:07', 'price': 138092}
[2024-09-11 10:37:47,446][__main__][INFO]: Inserted flight: {'name': 'AirAsia India', 'pod': 'Andhra Pradesh', 'dest': 'Sikkim', 'class': 'Economy Class', 'date': '2025-08-09', 'time': '13:12:13', 'price': 114641}
[2024-09-11 10:37:47,448][__main__][INFO]: Inserted flight: {'name': 'Alliance Air', 'pod': 'Maharashtra', 'dest': 'Himachal Pradesh', 'class': 'First Class', 'date': '2026-03-21', 'time': '14:48:48', 'price': 592670}
[2024-09-11 10:37:47,451][__main__][INFO]: Inserted flight: {'name': 'GoAir', 'pod': 'Karnataka', 'dest': 'Sikkim', 'class': 'Premium Economy Class', 'date': '2024-11-21', 'time': '08:22:50', 'price': 377127}
[2024-09-11 10:37:47,458][__main__][INFO]: Inserted flight: {'name': 'Air India Express', 'pod': 'Kerala', 'dest': 'Andhra Pradesh', 'class': 'Economy Class', 'date': '2025-09-07', 'time': '18:00:17', 'price': 352103}
[2024-09-11 10:37:47,463][__main__][INFO]: Inserted flight: {'name': 'SpiceJet', 'pod': 'Telangana', 'dest': 'Odisha', 'class': 'First Class', 'date': '2026-05-19', 'time': '15:34:43', 'price': 796196}
[2024-09-11 10:37:47,467][__main__][INFO]: Inserted flight: {'name': 'Vistara', 'pod': 'Meghalaya', 'dest': 'Andhra Pradesh', 'class': 'Economy Class', 'date': '2025-02-28', 'time': '23:46:16', 'price': 195518}
[2024-09-11 10:37:47,471][__main__][INFO]: Inserted flight: {'name': 'Akasa Air', 'pod': 'Punjab', 'dest': 'Andhra Pradesh', 'class': 'Premium Economy Class', 'date': '2024-12-28', 'time': '07:35:17', 'price': 273018}
[2024-09-11 10:37:47,503][__main__][INFO]: Inserted flight: {'name': 'AirAsia India', 'pod': 'West Bengal', 'dest': 'Madhya Pradesh', 'class': 'Economy Class', 'date': '2024-10-12', 'time': '00:53:15', 'price': 602156}
[2024-09-11 10:37:47,510][__main__][INFO]: Inserted flight: {'name': 'SpiceJet', 'pod': 'Uttar Pradesh', 'dest': 'Nagaland', 'class': 'Premium Economy Class', 'date': '2026-07-29', 'time': '03:40:03', 'price': 205592}
[2024-09-11 10:37:47,515][__main__][INFO]: Inserted flight: {'name': 'Akasa Air', 'pod': 'West Bengal', 'dest': 'Telangana', 'class': 'Premium Economy Class', 'date': '2025-02-08', 'time': '11:01:07', 'price': 631714}
[2024-09-11 10:37:47,521][__main__][INFO]: Inserted flight: {'name': 'IndiGo', 'pod': 'Nagaland', 'dest': 'Meghalaya', 'class': 'First Class', 'date': '2025-07-03', 'time': '16:18:08', 'price': 510449}
[2024-09-11 10:37:47,527][__main__][INFO]: Inserted flight: {'name': 'Air India', 'pod': 'Tripura', 'dest': 'Sikkim', 'class': 'First Class', 'date': '2025-04-15', 'time': '23:50:30', 'price': 764835}
[2024-09-11 10:37:47,532][__main__][INFO]: Inserted flight: {'name': 'IndiGo', 'pod': 'Jharkhand', 'dest': 'Tripura', 'class': 'Economy Class', 'date': '2025-03-01', 'time': '18:03:56', 'price': 445708}
[2024-09-11 10:37:47,536][__main__][INFO]: Inserted flight: {'name': 'Alliance Air', 'pod': 'Gujarat', 'dest': 'Kerala', 'class': 'Premium Economy Class', 'date': '2026-06-02', 'time': '04:18:15', 'price': 317313}
[2024-09-11 10:37:47,540][__main__][INFO]: Inserted flight: {'name': 'Air India', 'pod': 'West Bengal', 'dest': 'Arunachal Pradesh', 'class': 'Economy Class', 'date': '2025-11-04', 'time': '17:41:27', 'price': 135819}
[2024-09-11 10:37:47,543][__main__][INFO]: Inserted flight: {'name': 'Air India', 'pod': 'Uttarakhand', 'dest': 'Arunachal Pradesh', 'class': 'First Class', 'date': '2025-03-17', 'time': '20:10:30', 'price': 606684}
[2024-09-11 10:37:47,547][__main__][INFO]: Inserted flight: {'name': 'Air India Express', 'pod': 'Bihar', 'dest': 'Karnataka', 'class': 'Economy Class', 'date': '2025-04-16', 'time': '15:49:11', 'price': 159284}
[2024-09-11 10:37:47,549][__main__][INFO]: Inserted flight: {'name': 'Air India', 'pod': 'Andhra Pradesh', 'dest': 'Mizoram', 'class': 'Economy Class', 'date': '2025-09-01', 'time': '21:11:59', 'price': 259303}
[2024-09-11 10:37:47,551][__main__][INFO]: Inserted flight: {'name': 'Star Air', 'pod': 'Himachal Pradesh', 'dest': 'Madhya Pradesh', 'class': 'Business Class', 'date': '2025-05-30', 'time': '09:34:21', 'price': 446745}
[2024-09-11 10:37:47,556][__main__][INFO]: Inserted flight: {'name': 'Air India', 'pod': 'Odisha', 'dest': 'Tripura', 'class': 'Premium Economy Class', 'date': '2026-08-26', 'time': '22:01:14', 'price': 305700}
[2024-09-11 10:37:47,560][__main__][INFO]: Inserted flight: {'name': 'Alliance Air', 'pod': 'Punjab', 'dest': 'Chhattisgarh', 'class': 'Premium Economy Class', 'date': '2025-03-17', 'time': '03:48:26', 'price': 62294}
[2024-09-11 10:37:47,563][__main__][INFO]: Inserted flight: {'name': 'Star Air', 'pod': 'Tamil Nadu', 'dest': 'Haryana', 'class': 'Business Class', 'date': '2026-02-06', 'time': '22:34:32', 'price': 422143}
[2024-09-11 10:37:47,565][__main__][INFO]: Inserted flight: {'name': 'Alliance Air', 'pod': 'Gujarat', 'dest': 'Tripura', 'class': 'First Class', 'date': '2025-11-09', 'time': '04:25:29', 'price': 539954}
[2024-09-11 10:37:47,567][__main__][INFO]: Inserted flight: {'name': 'Vistara', 'pod': 'Andhra Pradesh', 'dest': 'Gujarat', 'class': 'Premium Economy Class', 'date': '2024-12-17', 'time': '02:19:19', 'price': 268535}
[2024-09-11 10:37:47,569][__main__][INFO]: Inserted flight: {'name': 'Air India Express', 'pod': 'Rajasthan', 'dest': 'Uttar Pradesh', 'class': 'First Class', 'date': '2024-11-16', 'time': '12:13:05', 'price': 126958}
[2024-09-11 10:37:47,573][__main__][INFO]: Inserted flight: {'name': 'AirAsia India', 'pod': 'Punjab', 'dest': 'Karnataka', 'class': 'Business Class', 'date': '2026-05-30', 'time': '13:49:59', 'price': 483567}
[2024-09-11 10:37:47,576][__main__][INFO]: Inserted flight: {'name': 'GoAir', 'pod': 'Bihar', 'dest': 'Tripura', 'class': 'Economy Class', 'date': '2024-10-03', 'time': '11:15:51', 'price': 199053}
[2024-09-11 10:37:47,581][__main__][INFO]: Inserted flight: {'name': 'Star Air', 'pod': 'Sikkim', 'dest': 'Madhya Pradesh', 'class': 'First Class', 'date': '2025-11-15', 'time': '13:07:46', 'price': 445338}
[2024-09-11 10:37:47,586][__main__][INFO]: Inserted flight: {'name': 'Air India Express', 'pod': 'Manipur', 'dest': 'Goa', 'class': 'Economy Class', 'date': '2024-10-02', 'time': '15:14:03', 'price': 523275}
[2024-09-11 10:37:47,594][__main__][INFO]: Inserted flight: {'name': 'Alliance Air', 'pod': 'Maharashtra', 'dest': 'Uttarakhand', 'class': 'First Class', 'date': '2025-06-30', 'time': '01:13:43', 'price': 704909}
[2024-09-11 10:37:47,600][__main__][INFO]: Inserted flight: {'name': 'GoAir', 'pod': 'Uttarakhand', 'dest': 'Rajasthan', 'class': 'Business Class', 'date': '2022-10-15', 'time': '11:35:51', 'price': 351922}
[2024-09-11 10:37:47,609][__main__][INFO]: Inserted flight: {'name': 'GoAir', 'pod': 'Haryana', 'dest': 'Goa', 'class': 'Premium Economy Class', 'date': '2022-12-05', 'time': '13:45:36', 'price': 739529}
[2024-09-11 10:37:47,615][__main__][INFO]: Inserted flight: {'name': 'GoAir', 'pod': 'Goa', 'dest': 'Himachal Pradesh', 'class': 'Business Class', 'date': '2024-01-13', 'time': '23:42:50', 'price': 715848}
[2024-09-11 10:37:47,621][__main__][INFO]: Inserted flight: {'name': 'Vistara', 'pod': 'Telangana', 'dest': 'Uttarakhand', 'class': 'Premium Economy Class', 'date': '2024-04-07', 'time': '21:34:53', 'price': 473713}
[2024-09-11 10:37:47,628][__main__][INFO]: Inserted flight: {'name': 'IndiGo', 'pod': 'Odisha', 'dest': 'Gujarat', 'class': 'Business Class', 'date': '2022-11-18', 'time': '15:42:36', 'price': 765329}
[2024-09-11 10:37:47,633][__main__][INFO]: Inserted flight: {'name': 'AirAsia India', 'pod': 'Uttarakhand', 'dest': 'Tripura', 'class': 'Business Class', 'date': '2023-08-07', 'time': '15:27:37', 'price': 581115}
[2024-09-11 10:37:47,639][__main__][INFO]: Inserted flight: {'name': 'Star Air', 'pod': 'Assam', 'dest': 'Nagaland', 'class': 'Business Class', 'date': '2024-01-29', 'time': '08:15:51', 'price': 662371}
[2024-09-11 10:37:47,645][__main__][INFO]: Inserted flight: {'name': 'SpiceJet', 'pod': 'Punjab', 'dest': 'Haryana', 'class': 'Economy Class', 'date': '2024-03-31', 'time': '20:08:44', 'price': 763901}
[2024-09-11 10:37:47,650][__main__][INFO]: Inserted flight: {'name': 'IndiGo', 'pod': 'Karnataka', 'dest': 'Haryana', 'class': 'Economy Class', 'date': '2023-04-13', 'time': '22:38:55', 'price': 147867}
[2024-09-11 10:37:47,655][__main__][INFO]: Inserted flight: {'name': 'SpiceJet', 'pod': 'West Bengal', 'dest': 'Chhattisgarh', 'class': 'Business Class', 'date': '2022-11-23', 'time': '15:58:28', 'price': 321021}
[2024-09-11 10:37:47,663][__main__][INFO]: Inserted flight: {'name': 'GoAir', 'pod': 'Karnataka', 'dest': 'Punjab', 'class': 'Business Class', 'date': '2023-01-16', 'time': '16:34:55', 'price': 785468}
[2024-09-11 10:37:47,667][__main__][INFO]: Inserted flight: {'name': 'Akasa Air', 'pod': 'Goa', 'dest': 'Nagaland', 'class': 'Business Class', 'date': '2024-06-21', 'time': '12:30:22', 'price': 42169}
[2024-09-11 10:37:47,670][__main__][INFO]: Inserted flight: {'name': 'Air India', 'pod': 'Bihar', 'dest': 'Himachal Pradesh', 'class': 'Premium Economy Class', 'date': '2024-02-12', 'time': '02:41:56', 'price': 501545}
[2024-09-11 10:37:47,676][__main__][INFO]: Inserted flight: {'name': 'Star Air', 'pod': 'Jharkhand', 'dest': 'Punjab', 'class': 'First Class', 'date': '2023-05-23', 'time': '00:10:55', 'price': 700157}
[2024-09-11 10:37:47,678][__main__][INFO]: Inserted flight: {'name': 'Alliance Air', 'pod': 'Bihar', 'dest': 'West Bengal', 'class': 'First Class', 'date': '2024-01-30', 'time': '13:05:44', 'price': 631483}
[2024-09-11 10:37:47,680][__main__][INFO]: Inserted flight: {'name': 'Akasa Air', 'pod': 'Tamil Nadu', 'dest': 'Kerala', 'class': 'Economy Class', 'date': '2022-11-08', 'time': '14:34:59', 'price': 64523}
[2024-09-11 10:37:47,684][__main__][INFO]: Inserted flight: {'name': 'Air India Express', 'pod': 'Tripura', 'dest': 'Karnataka', 'class': 'First Class', 'date': '2022-09-21', 'time': '00:42:14', 'price': 29269}
[2024-09-11 10:37:47,689][__main__][INFO]: Inserted flight: {'name': 'AirAsia India', 'pod': 'Mizoram', 'dest': 'Chhattisgarh', 'class': 'First Class', 'date': '2023-03-19', 'time': '03:11:41', 'price': 427352}
[2024-09-11 10:37:47,693][__main__][INFO]: Inserted flight: {'name': 'Star Air', 'pod': 'Assam', 'dest': 'Tripura', 'class': 'First Class', 'date': '2023-09-02', 'time': '03:19:56', 'price': 192252}
[2024-09-11 10:37:47,696][__main__][INFO]: Inserted flight: {'name': 'Alliance Air', 'pod': 'Sikkim', 'dest': 'Goa', 'class': 'Premium Economy Class', 'date': '2024-03-06', 'time': '16:10:31', 'price': 484743}
[2024-09-11 10:37:47,699][__main__][INFO]: Inserted flight: {'name': 'Air India Express', 'pod': 'Mizoram', 'dest': 'Jharkhand', 'class': 'First Class', 'date': '2023-04-26', 'time': '07:52:56', 'price': 204134}
[2024-09-11 10:37:47,701][__main__][INFO]: Inserted flight: {'name': 'Air India', 'pod': 'Tamil Nadu', 'dest': 'Uttarakhand', 'class': 'Economy Class', 'date': '2024-08-18', 'time': '06:19:12', 'price': 751141}
[2024-09-11 10:37:47,704][__main__][INFO]: Inserted flight: {'name': 'Air India Express', 'pod': 'Manipur', 'dest': 'Gujarat', 'class': 'Business Class', 'date': '2023-03-06', 'time': '19:20:20', 'price': 188615}
[2024-09-11 10:37:47,709][__main__][INFO]: Inserted flight: {'name': 'SpiceJet', 'pod': 'Meghalaya', 'dest': 'Tamil Nadu', 'class': 'Business Class', 'date': '2024-04-11', 'time': '15:32:16', 'price': 765576}
[2024-09-11 10:37:47,712][__main__][INFO]: Inserted flight: {'name': 'IndiGo', 'pod': 'Jharkhand', 'dest': 'Tripura', 'class': 'Premium Economy Class', 'date': '2024-02-13', 'time': '16:13:45', 'price': 510485}
[2024-09-11 10:37:47,715][__main__][INFO]: Inserted flight: {'name': 'Vistara', 'pod': 'Mizoram', 'dest': 'Telangana', 'class': 'Business Class', 'date': '2024-06-30', 'time': '02:53:32', 'price': 798418}
[2024-09-11 10:37:47,718][__main__][INFO]: Inserted flight: {'name': 'SpiceJet', 'pod': 'Himachal Pradesh', 'dest': 'Maharashtra', 'class': 'Premium Economy Class', 'date': '2023-10-04', 'time': '11:53:28', 'price': 467520}
[2024-09-11 10:37:47,720][__main__][INFO]: Inserted flight: {'name': 'Air India', 'pod': 'Karnataka', 'dest': 'Manipur', 'class': 'Premium Economy Class', 'date': '2023-01-19', 'time': '16:36:03', 'price': 52844}
[2024-09-11 10:37:47,725][__main__][INFO]: Inserted flight: {'name': 'GoAir', 'pod': 'Sikkim', 'dest': 'Gujarat', 'class': 'Business Class', 'date': '2024-05-06', 'time': '11:43:50', 'price': 498525}
[2024-09-11 10:37:47,726][__main__][INFO]: Inserted flight: {'name': 'AirAsia India', 'pod': 'Uttar Pradesh', 'dest': 'Tamil Nadu', 'class': 'Premium Economy Class', 'date': '2022-10-23', 'time': '15:05:41', 'price': 723920}
[2024-09-11 10:37:47,730][__main__][INFO]: Inserted flight: {'name': 'Vistara', 'pod': 'Punjab', 'dest': 'Himachal Pradesh', 'class': 'First Class', 'date': '2024-04-28', 'time': '17:34:50', 'price': 184600}
[2024-09-11 10:37:47,733][__main__][INFO]: Inserted flight: {'name': 'Air India', 'pod': 'Haryana', 'dest': 'Andhra Pradesh', 'class': 'First Class', 'date': '2024-07-09', 'time': '01:24:14', 'price': 342382}
[2024-09-11 10:37:47,735][__main__][INFO]: Inserted flight: {'name': 'Air India Express', 'pod': 'Arunachal Pradesh', 'dest': 'Telangana', 'class': 'Premium Economy Class', 'date': '2023-10-31', 'time': '20:28:29', 'price': 782841}
[2024-09-11 10:37:47,738][__main__][INFO]: Inserted flight: {'name': 'IndiGo', 'pod': 'Meghalaya', 'dest': 'Tripura', 'class': 'Economy Class', 'date': '2023-11-14', 'time': '01:56:57', 'price': 467764}
[2024-09-11 10:37:47,743][__main__][INFO]: Inserted flight: {'name': 'IndiGo', 'pod': 'Telangana', 'dest': 'Manipur', 'class': 'First Class', 'date': '2024-07-14', 'time': '15:58:16', 'price': 796894}
[2024-09-11 10:37:47,746][__main__][INFO]: Inserted flight: {'name': 'Akasa Air', 'pod': 'Goa', 'dest': 'Haryana', 'class': 'First Class', 'date': '2023-05-17', 'time': '04:36:16', 'price': 105446}
[2024-09-11 10:37:47,748][__main__][INFO]: Inserted flight: {'name': 'Vistara', 'pod': 'Bihar', 'dest': 'Himachal Pradesh', 'class': 'Economy Class', 'date': '2024-07-14', 'time': '07:53:34', 'price': 272325}
[2024-09-11 10:37:47,750][__main__][INFO]: Inserted flight: {'name': 'Air India Express', 'pod': 'Karnataka', 'dest': 'Manipur', 'class': 'Premium Economy Class', 'date': '2023-06-12', 'time': '04:14:34', 'price': 741090}
[2024-09-11 10:37:47,753][__main__][INFO]: Inserted flight: {'name': 'SpiceJet', 'pod': 'Arunachal Pradesh', 'dest': 'Haryana', 'class': 'Business Class', 'date': '2023-06-27', 'time': '11:07:19', 'price': 433144}
[2024-09-11 10:37:47,759][__main__][INFO]: Inserted flight: {'name': 'Akasa Air', 'pod': 'Arunachal Pradesh', 'dest': 'Goa', 'class': 'Premium Economy Class', 'date': '2023-04-23', 'time': '16:05:28', 'price': 401445}
[2024-09-11 10:37:47,761][__main__][INFO]: Inserted flight: {'name': 'Star Air', 'pod': 'Punjab', 'dest': 'Madhya Pradesh', 'class': 'Economy Class', 'date': '2023-11-08', 'time': '21:36:02', 'price': 340775}
[2024-09-11 10:37:47,764][__main__][INFO]: Inserted flight: {'name': 'Vistara', 'pod': 'Telangana', 'dest': 'Sikkim', 'class': 'Business Class', 'date': '2024-07-16', 'time': '05:52:36', 'price': 223938}
[2024-09-11 10:37:47,768][__main__][INFO]: Inserted flight: {'name': 'Alliance Air', 'pod': 'West Bengal', 'dest': 'Rajasthan', 'class': 'Business Class', 'date': '2023-12-28', 'time': '03:28:54', 'price': 204708}
[2024-09-11 10:37:47,776][__main__][INFO]: Inserted flight: {'name': 'Alliance Air', 'pod': 'Assam', 'dest': 'Uttarakhand', 'class': 'Business Class', 'date': '2023-04-26', 'time': '13:02:28', 'price': 441232}
[2024-09-11 10:37:47,782][__main__][INFO]: Inserted flight: {'name': 'Akasa Air', 'pod': 'Andhra Pradesh', 'dest': 'Kerala', 'class': 'Premium Economy Class', 'date': '2022-10-09', 'time': '04:56:56', 'price': 390892}
[2024-09-11 10:37:47,786][__main__][INFO]: Inserted flight: {'name': 'IndiGo', 'pod': 'Assam', 'dest': 'Rajasthan', 'class': 'Economy Class', 'date': '2023-08-04', 'time': '14:26:01', 'price': 450600}
[2024-09-11 10:37:47,793][__main__][INFO]: Inserted flight: {'name': 'Vistara', 'pod': 'Manipur', 'dest': 'Haryana', 'class': 'Business Class', 'date': '2023-10-15', 'time': '18:18:45', 'price': 678529}
[2024-09-11 10:37:47,797][__main__][INFO]: Inserted flight: {'name': 'Air India', 'pod': 'Bihar', 'dest': 'Jharkhand', 'class': 'Business Class', 'date': '2023-06-28', 'time': '22:40:06', 'price': 399326}
[2024-09-11 10:37:47,800][__main__][INFO]: Inserted flight: {'name': 'Akasa Air', 'pod': 'Uttarakhand', 'dest': 'Gujarat', 'class': 'Premium Economy Class', 'date': '2023-11-26', 'time': '09:33:21', 'price': 406885}
[2024-09-11 10:37:47,803][__main__][INFO]: Inserted flight: {'name': 'Akasa Air', 'pod': 'West Bengal', 'dest': 'Kerala', 'class': 'First Class', 'date': '2023-07-26', 'time': '20:24:40', 'price': 55039}
[2024-09-11 10:37:47,807][__main__][INFO]: Inserted flight: {'name': 'GoAir', 'pod': 'Kerala', 'dest': 'Arunachal Pradesh', 'class': 'First Class', 'date': '2024-08-01', 'time': '02:25:41', 'price': 51534}
[2024-09-11 10:37:47,810][__main__][INFO]: Inserted flight: {'name': 'Vistara', 'pod': 'Punjab', 'dest': 'Uttarakhand', 'class': 'Premium Economy Class', 'date': '2023-09-16', 'time': '22:10:50', 'price': 321443}
[2024-09-11 10:37:47,814][__main__][INFO]: Inserted flight: {'name': 'GoAir', 'pod': 'Kerala', 'dest': 'Goa', 'class': 'Premium Economy Class', 'date': '2023-09-06', 'time': '15:28:19', 'price': 458772}
[2024-09-11 10:37:47,816][__main__][INFO]: Inserted flight: {'name': 'Air India Express', 'pod': 'Andhra Pradesh', 'dest': 'Madhya Pradesh', 'class': 'First Class', 'date': '2024-07-22', 'time': '19:36:38', 'price': 782657}
[2024-09-11 10:37:47,818][__main__][INFO]: Inserted flight: {'name': 'IndiGo', 'pod': 'Nagaland', 'dest': 'Uttarakhand', 'class': 'Premium Economy Class', 'date': '2023-01-12', 'time': '09:49:45', 'price': 446549}
[2024-09-11 10:37:47,820][__main__][INFO]: Inserted flight: {'name': 'Akasa Air', 'pod': 'Nagaland', 'dest': 'Tamil Nadu', 'class': 'Business Class', 'date': '2022-11-20', 'time': '09:56:38', 'price': 387609}
[2024-09-11 10:37:47,824][__main__][INFO]: Inserted flight: {'name': 'SpiceJet', 'pod': 'Telangana', 'dest': 'West Bengal', 'class': 'Economy Class', 'date': '2022-10-04', 'time': '08:34:13', 'price': 701761}
[2024-09-11 10:37:47,826][__main__][INFO]: Inserted flight: {'name': 'Air India', 'pod': 'Kerala', 'dest': 'Uttar Pradesh', 'class': 'Business Class', 'date': '2023-05-26', 'time': '11:57:46', 'price': 734334}
[2024-09-11 10:37:47,830][__main__][INFO]: Inserted flight: {'name': 'Star Air', 'pod': 'Bihar', 'dest': 'Uttarakhand', 'class': 'Premium Economy Class', 'date': '2022-09-27', 'time': '14:22:26', 'price': 595144}
[2024-09-11 10:37:47,833][__main__][INFO]: Inserted flight: {'name': 'Air India Express', 'pod': 'Uttarakhand', 'dest': 'Chhattisgarh', 'class': 'Economy Class', 'date': '2022-11-02', 'time': '10:12:52', 'price': 314687}
[2024-09-11 10:37:47,834][__main__][INFO]: Inserted flight: {'name': 'Air India Express', 'pod': 'Mizoram', 'dest': 'Meghalaya', 'class': 'Business Class', 'date': '2023-01-15', 'time': '22:06:45', 'price': 51560}
[2024-09-11 10:37:47,838][__main__][INFO]: Inserted flight: {'name': 'Vistara', 'pod': 'Bihar', 'dest': 'Arunachal Pradesh', 'class': 'Premium Economy Class', 'date': '2022-11-18', 'time': '23:15:29', 'price': 613378}
[2024-09-11 10:37:47,842][__main__][INFO]: Inserted flight: {'name': 'Star Air', 'pod': 'Bihar', 'dest': 'Karnataka', 'class': 'Economy Class', 'date': '2024-06-21', 'time': '15:07:10', 'price': 642411}
[2024-09-11 10:37:47,844][__main__][INFO]: Inserted flight: {'name': 'Alliance Air', 'pod': 'Andhra Pradesh', 'dest': 'Haryana', 'class': 'First Class', 'date': '2023-01-11', 'time': '09:17:08', 'price': 129822}
[2024-09-11 10:37:47,847][__main__][INFO]: Inserted flight: {'name': 'IndiGo', 'pod': 'Haryana', 'dest': 'Punjab', 'class': 'Economy Class', 'date': '2024-09-08', 'time': '00:23:00', 'price': 647843}
[2024-09-11 10:37:47,849][__main__][INFO]: Inserted flight: {'name': 'IndiGo', 'pod': 'Tripura', 'dest': 'Telangana', 'class': 'Economy Class', 'date': '2022-12-06', 'time': '10:58:21', 'price': 55699}
[2024-09-11 10:37:47,851][__main__][INFO]: Inserted flight: {'name': 'Akasa Air', 'pod': 'Assam', 'dest': 'Punjab', 'class': 'Premium Economy Class', 'date': '2022-12-07', 'time': '17:16:11', 'price': 391995}
[2024-09-11 10:37:47,853][__main__][INFO]: Inserted flight: {'name': 'GoAir', 'pod': 'Himachal Pradesh', 'dest': 'Punjab', 'class': 'Premium Economy Class', 'date': '2024-02-02', 'time': '20:57:51', 'price': 167472}
[2024-09-11 10:37:47,858][__main__][INFO]: Inserted flight: {'name': 'IndiGo', 'pod': 'Karnataka', 'dest': 'Odisha', 'class': 'Economy Class', 'date': '2023-05-06', 'time': '06:33:31', 'price': 357129}
[2024-09-11 10:37:47,861][__main__][INFO]: Inserted flight: {'name': 'Akasa Air', 'pod': 'Uttarakhand', 'dest': 'Karnataka', 'class': 'Economy Class', 'date': '2023-10-27', 'time': '12:35:27', 'price': 31889}
[2024-09-11 10:37:47,864][__main__][INFO]: Inserted flight: {'name': 'Star Air', 'pod': 'Sikkim', 'dest': 'Tamil Nadu', 'class': 'Business Class', 'date': '2023-02-19', 'time': '07:00:16', 'price': 743073}
[2024-09-11 10:37:47,866][__main__][INFO]: Inserted flight: {'name': 'AirAsia India', 'pod': 'Sikkim', 'dest': 'Rajasthan', 'class': 'First Class', 'date': '2023-10-27', 'time': '03:22:16', 'price': 488627}
[2024-09-11 10:37:47,869][__main__][INFO]: Inserted flight: {'name': 'Akasa Air', 'pod': 'Assam', 'dest': 'Himachal Pradesh', 'class': 'First Class', 'date': '2024-03-04', 'time': '16:40:46', 'price': 624145}
[2024-09-11 10:37:47,871][__main__][INFO]: Inserted flight: {'name': 'SpiceJet', 'pod': 'Assam', 'dest': 'Gujarat', 'class': 'Business Class', 'date': '2022-11-07', 'time': '06:04:54', 'price': 190064}
[2024-09-11 10:37:47,874][__main__][INFO]: Inserted flight: {'name': 'Star Air', 'pod': 'Jharkhand', 'dest': 'Assam', 'class': 'Economy Class', 'date': '2023-05-26', 'time': '04:33:46', 'price': 117780}
[2024-09-11 10:37:47,877][__main__][INFO]: Inserted flight: {'name': 'SpiceJet', 'pod': 'Tripura', 'dest': 'Meghalaya', 'class': 'Premium Economy Class', 'date': '2023-05-11', 'time': '12:24:56', 'price': 241499}
[2024-09-11 10:37:47,880][__main__][INFO]: Inserted flight: {'name': 'Alliance Air', 'pod': 'Sikkim', 'dest': 'Madhya Pradesh', 'class': 'First Class', 'date': '2024-07-27', 'time': '00:04:55', 'price': 641648}
[2024-09-11 10:37:47,882][__main__][INFO]: Inserted flight: {'name': 'SpiceJet', 'pod': 'Jharkhand', 'dest': 'Himachal Pradesh', 'class': 'Economy Class', 'date': '2023-05-17', 'time': '10:21:19', 'price': 120616}
[2024-09-11 10:37:47,885][__main__][INFO]: Inserted flight: {'name': 'AirAsia India', 'pod': 'Goa', 'dest': 'Kerala', 'class': 'First Class', 'date': '2022-09-14', 'time': '19:09:39', 'price': 111910}
[2024-09-11 10:37:47,887][__main__][INFO]: Inserted flight: {'name': 'GoAir', 'pod': 'Uttarakhand', 'dest': 'Telangana', 'class': 'Premium Economy Class', 'date': '2023-12-22', 'time': '06:53:29', 'price': 109795}
[2024-09-11 10:37:47,890][__main__][INFO]: Inserted flight: {'name': 'AirAsia India', 'pod': 'Gujarat', 'dest': 'Mizoram', 'class': 'Business Class', 'date': '2024-07-25', 'time': '06:47:29', 'price': 760023}
[2024-09-11 10:37:47,893][__main__][INFO]: Inserted flight: {'name': 'IndiGo', 'pod': 'Arunachal Pradesh', 'dest': 'Meghalaya', 'class': 'Economy Class', 'date': '2023-03-16', 'time': '00:20:55', 'price': 260282}
[2024-09-11 10:37:47,896][__main__][INFO]: Inserted flight: {'name': 'Air India', 'pod': 'Himachal Pradesh', 'dest': 'Rajasthan', 'class': 'Economy Class', 'date': '2024-01-18', 'time': '17:48:46', 'price': 50328}
[2024-09-11 10:37:47,898][__main__][INFO]: Inserted flight: {'name': 'Vistara', 'pod': 'Telangana', 'dest': 'Rajasthan', 'class': 'Premium Economy Class', 'date': '2023-11-15', 'time': '06:27:23', 'price': 426382}
[2024-09-11 10:37:47,900][__main__][INFO]: Inserted flight: {'name': 'Air India Express', 'pod': 'Goa', 'dest': 'West Bengal', 'class': 'Economy Class', 'date': '2024-01-21', 'time': '16:31:03', 'price': 33505}
[2024-09-11 10:37:47,903][__main__][INFO]: Inserted flight: {'name': 'GoAir', 'pod': 'Jharkhand', 'dest': 'Nagaland', 'class': 'First Class', 'date': '2023-12-19', 'time': '03:40:30', 'price': 796216}
[2024-09-11 10:37:47,907][__main__][INFO]: Inserted flight: {'name': 'Vistara', 'pod': 'Jharkhand', 'dest': 'Telangana', 'class': 'Business Class', 'date': '2023-10-05', 'time': '02:36:55', 'price': 579285}
[2024-09-11 10:37:47,911][__main__][INFO]: Inserted flight: {'name': 'GoAir', 'pod': 'Tripura', 'dest': 'Chhattisgarh', 'class': 'First Class', 'date': '2022-10-01', 'time': '16:06:23', 'price': 39076}
[2024-09-11 10:37:47,913][__main__][INFO]: Inserted flight: {'name': 'GoAir', 'pod': 'Telangana', 'dest': 'Andhra Pradesh', 'class': 'First Class', 'date': '2023-12-05', 'time': '19:31:15', 'price': 156862}
[2024-09-11 10:37:47,915][__main__][INFO]: Inserted flight: {'name': 'Alliance Air', 'pod': 'Nagaland', 'dest': 'Madhya Pradesh', 'class': 'First Class', 'date': '2024-07-14', 'time': '09:32:30', 'price': 792150}
[2024-09-11 10:37:47,917][__main__][INFO]: Inserted flight: {'name': 'AirAsia India', 'pod': 'Madhya Pradesh', 'dest': 'Maharashtra', 'class': 'Business Class', 'date': '2024-04-25', 'time': '07:38:21', 'price': 650682}
[2024-09-11 10:37:47,920][__main__][INFO]: Inserted flight: {'name': 'GoAir', 'pod': 'Maharashtra', 'dest': 'Mizoram', 'class': 'Business Class', 'date': '2024-04-11', 'time': '04:51:04', 'price': 305853}
[2024-09-11 10:37:47,924][__main__][INFO]: Inserted flight: {'name': 'AirAsia India', 'pod': 'Bihar', 'dest': 'Himachal Pradesh', 'class': 'Business Class', 'date': '2024-05-16', 'time': '12:55:14', 'price': 424225}
[2024-09-11 10:37:47,929][__main__][INFO]: Inserted flight: {'name': 'Air India Express', 'pod': 'Sikkim', 'dest': 'Haryana', 'class': 'Business Class', 'date': '2023-08-07', 'time': '11:41:28', 'price': 563402}
[2024-09-11 10:37:47,931][__main__][INFO]: Inserted flight: {'name': 'Air India', 'pod': 'Uttar Pradesh', 'dest': 'Odisha', 'class': 'First Class', 'date': '2023-02-27', 'time': '12:53:29', 'price': 246941}
[2024-09-11 10:37:47,933][__main__][INFO]: Inserted flight: {'name': 'IndiGo', 'pod': 'Uttarakhand', 'dest': 'Himachal Pradesh', 'class': 'Business Class', 'date': '2024-06-04', 'time': '23:56:15', 'price': 563665}
[2024-09-11 10:37:47,936][__main__][INFO]: Inserted flight: {'name': 'IndiGo', 'pod': 'Tripura', 'dest': 'Maharashtra', 'class': 'First Class', 'date': '2023-01-28', 'time': '09:16:26', 'price': 656009}
[2024-09-11 10:37:47,939][__main__][INFO]: Inserted flight: {'name': 'Alliance Air', 'pod': 'Himachal Pradesh', 'dest': 'Arunachal Pradesh', 'class': 'Economy Class', 'date': '2023-10-05', 'time': '21:31:50', 'price': 446949}
[2024-09-11 10:37:47,943][__main__][INFO]: Inserted flight: {'name': 'SpiceJet', 'pod': 'Gujarat', 'dest': 'Sikkim', 'class': 'Economy Class', 'date': '2022-10-20', 'time': '09:49:05', 'price': 141982}
[2024-09-11 10:37:47,945][__main__][INFO]: Inserted flight: {'name': 'AirAsia India', 'pod': 'Sikkim', 'dest': 'Odisha', 'class': 'Business Class', 'date': '2023-10-18', 'time': '12:09:33', 'price': 167936}
[2024-09-11 10:37:47,947][__main__][WARNING]: Failed to auto log User: k in
[2024-09-11 10:37:48,364][ui.Manager][INFO]: Initialized SignUp
[2024-09-11 10:37:48,433][ui.Manager][INFO]: Initialized Login
[2024-09-11 10:37:48,434][ui.Manager][INFO]: Initialized FrontPage
[2024-09-11 10:37:48,434][ui.Manager][INFO]: Showing FrontPage
[2024-09-11 10:37:49,790][ui.Manager][INFO]: Showing SignUp
[2024-09-11 10:37:54,128][ui.SignUp][INFO]: User: k signed up
[2024-09-11 10:37:54,136][ui.Manager][INFO]: Deleted Login
[2024-09-11 10:37:54,153][ui.Manager][INFO]: Deleted FrontPage
[2024-09-11 10:37:54,167][ui.Manager][INFO]: Deleted SignUp
[2024-09-11 10:37:54,203][ui.Manager][INFO]: Initialized Home
[2024-09-11 10:37:54,204][ui.Manager][INFO]: Showing Home
[2024-09-11 10:37:55,088][ui.Flights][INFO]: Refreshing Flights!
[2024-09-11 10:37:55,091][ui.Flights][INFO]: Extracted available flights from flights
[2024-09-11 10:37:55,101][ui.Manager][INFO]: Initialized Flights
[2024-09-11 10:37:55,102][ui.Manager][INFO]: Showing Flights
[2024-09-11 10:38:28,050][__main__][INFO]: Program terminated!
