[2024-08-11 21:57:03,896][__main__][INFO]: Welcome to AirLine!
[2024-08-11 21:57:03,896][reader.Mysql][INFO]: Connecting to database
[2024-08-11 21:57:04,322][reader.Mysql][INFO]: Connected!
[2024-08-11 21:57:04,322][__main__][WARNING]: Auto logged Admin: admin
[2024-08-11 21:57:04,505][ui.Manager][INFO]: Initialized Home
[2024-08-11 21:57:04,505][ui.Manager][INFO]: Showing Home
[2024-08-11 21:57:06,079][ui.Flights][INFO]: Refreshing Flights!
[2024-08-11 21:57:06,095][ui.Flights][INFO]: Extracted data from flights
[2024-08-11 21:57:06,095][ui.Manager][INFO]: Initialized Flights
[2024-08-11 21:57:06,095][ui.Manager][INFO]: Showing Flights
[2024-08-11 21:57:11,596][ui.Manager][INFO]: Showing Home
[2024-08-11 21:57:13,154][ui.Manager][INFO]: Showing Flights
[2024-08-11 21:57:22,736][ui.Flights][INFO]: Admin: admin booked Flight with id: 4
[2024-08-11 21:57:22,755][ui.Cart][INFO]: Refreshing Cart!
[2024-08-11 21:57:22,759][ui.Cart][INFO]: Extracted data from passengers
[2024-08-11 21:57:22,762][ui.Manager][INFO]: Initialized Cart
[2024-08-11 21:57:22,763][ui.Manager][INFO]: Showing Flights
[2024-08-11 21:57:52,213][ui.Flights][INFO]: Refreshing Flights!
[2024-08-11 21:57:52,213][ui.Flights][INFO]: Extracted data from flights
[2024-08-11 21:57:52,213][ui.Flights][INFO]: Admin: admin inserted {'airline': '1', 'pod': '1', 'destination': '1', 'class': '1', 'date': '2222-01-01', 'time': '10:00:00', 'price': '13423'} to Flights
[2024-08-11 21:58:26,761][ui.Flights][INFO]: Refreshing Flights!
[2024-08-11 21:58:26,761][ui.Flights][INFO]: Extracted data from flights
[2024-08-11 21:58:27,969][ui.Flights][INFO]: Refreshing Flights!
[2024-08-11 21:58:27,969][ui.Flights][INFO]: Extracted data from flights
[2024-08-11 21:58:32,351][ui.Flights][INFO]: Refreshing Flights!
[2024-08-11 21:58:32,351][ui.Flights][INFO]: Extracted data from flights
[2024-08-11 21:58:32,351][ui.Flights][INFO]: Admin: admin deleted flight with id 4
[2024-08-11 21:58:32,351][ui.Manager][INFO]: Deleted Cart
[2024-08-11 21:58:32,383][ui.Cart][INFO]: Refreshing Cart!
[2024-08-11 21:58:32,386][ui.Cart][INFO]: Extracted data from passengers
[2024-08-11 21:58:32,386][ui.Manager][INFO]: Initialized Cart
[2024-08-11 21:58:32,387][ui.Manager][INFO]: Showing Flights
[2024-08-11 21:58:32,387][ui.Flights][INFO]: Refreshing Flights!
[2024-08-11 21:58:32,388][ui.Flights][INFO]: Extracted data from flights
[2024-08-11 21:59:01,325][ui.Flights][INFO]: Refreshing Flights!
[2024-08-11 21:59:01,325][ui.Flights][INFO]: Extracted data from flights
[2024-08-11 21:59:01,325][ui.Flights][INFO]: Admin: admin deleted flight with id 5
[2024-08-11 21:59:01,325][ui.Manager][INFO]: Deleted Cart
[2024-08-11 21:59:01,340][ui.Cart][INFO]: Refreshing Cart!
[2024-08-11 21:59:01,351][ui.Cart][INFO]: Extracted data from passengers
[2024-08-11 21:59:01,352][ui.Manager][INFO]: Initialized Cart
[2024-08-11 21:59:01,352][ui.Manager][INFO]: Showing Flights
[2024-08-11 21:59:01,353][ui.Flights][INFO]: Refreshing Flights!
[2024-08-11 21:59:01,354][ui.Flights][INFO]: Extracted data from flights
[2024-08-11 22:00:23,297][ui.Flights][INFO]: Refreshing Flights!
[2024-08-11 22:00:23,312][ui.Flights][INFO]: Extracted data from flights
[2024-08-11 22:00:24,581][ui.Flights][INFO]: Refreshing Flights!
[2024-08-11 22:00:24,581][ui.Flights][INFO]: Extracted data from flights
[2024-08-11 22:00:30,969][ui.Flights][INFO]: Refreshing Flights!
[2024-08-11 22:00:30,984][ui.Flights][INFO]: Extracted data from flights
[2024-08-11 22:00:30,984][ui.Flights][INFO]: Admin: admin deleted flight with id 2
[2024-08-11 22:00:30,984][ui.Manager][INFO]: Deleted Cart
[2024-08-11 22:00:30,984][ui.Cart][INFO]: Refreshing Cart!
[2024-08-11 22:00:31,000][ui.Cart][INFO]: Extracted data from passengers
[2024-08-11 22:00:31,000][ui.Manager][INFO]: Initialized Cart
[2024-08-11 22:00:31,000][ui.Manager][INFO]: Showing Flights
[2024-08-11 22:00:31,000][ui.Flights][INFO]: Refreshing Flights!
[2024-08-11 22:00:31,000][ui.Flights][INFO]: Extracted data from flights
