[2024-09-07 20:16:35,230][__main__][INFO]: Welcome to AirLine!
[2024-09-07 20:16:35,230][reader.Mysql][INFO]: Connecting to database
[2024-09-07 20:16:35,379][reader.Mysql][INFO]: Connected!
[2024-09-07 20:16:35,379][__main__][WARNING]: Auto logged Admin: k
[2024-09-07 20:16:35,528][ui.Manager][INFO]: Initialized Home
[2024-09-07 20:16:35,543][ui.Manager][INFO]: Showing Home
[2024-09-07 20:16:36,888][ui.Flights][INFO]: Refreshing Flights!
[2024-09-07 20:16:36,992][ui.Flights][INFO]: Extracted flights from Flights!
[2024-09-07 20:16:37,268][ui.Manager][INFO]: Initialized Flights
[2024-09-07 20:16:37,268][ui.Manager][INFO]: Showing Flights
[2024-09-07 20:16:41,512][ui.Flights][INFO]: Refreshing Flights!
[2024-09-07 20:16:41,563][ui.Flights][INFO]: Extracted available flights from flights
[2024-09-07 20:16:42,768][ui.Flights][INFO]: Refreshing Flights!
[2024-09-07 20:16:42,810][ui.Flights][INFO]: Extracted expired flights from Flights!
[2024-09-07 20:16:53,400][ui.Flights][WARNING]: Admin: k tried to book expired flight with id: 10093
[2024-09-07 20:16:56,680][ui.Flights][INFO]: Refreshing Flights!
[2024-09-07 20:16:56,740][ui.Flights][INFO]: Extracted available flights from flights
[2024-09-07 20:17:09,055][ui.Flights][INFO]: Admin: k booked Flight with id: 7902
[2024-09-07 20:17:09,076][ui.Cart][INFO]: Refreshing Cart!
[2024-09-07 20:17:09,083][ui.Cart][INFO]: Extracted data from passengers
[2024-09-07 20:17:09,088][ui.Manager][INFO]: Initialized Cart
[2024-09-07 20:17:09,088][ui.Manager][INFO]: Showing Flights
[2024-09-07 20:17:22,116][ui.Flights][INFO]: Admin: k booked Flight with id: 7900
[2024-09-07 20:17:22,132][ui.Manager][INFO]: Deleted Cart
[2024-09-07 20:17:22,155][ui.Cart][INFO]: Refreshing Cart!
[2024-09-07 20:17:22,155][ui.Cart][INFO]: Extracted data from passengers
[2024-09-07 20:17:22,155][ui.Manager][INFO]: Initialized Cart
[2024-09-07 20:17:22,155][ui.Manager][INFO]: Showing Flights
[2024-09-07 20:17:24,286][ui.Manager][INFO]: Showing Home
[2024-09-07 20:17:25,709][ui.Manager][INFO]: Showing Cart
[2024-09-07 20:17:28,784][ui.Manager][INFO]: Showing Home
[2024-09-07 20:17:29,777][ui.Manager][INFO]: Showing Flights
[2024-09-07 20:17:41,156][ui.Flights][INFO]: Admin: k deleted flight with id 7900
[2024-09-07 20:17:41,156][ui.Flights][INFO]: Refreshing Flights!
[2024-09-07 20:17:41,207][ui.Flights][INFO]: Extracted available flights from flights
[2024-09-07 20:17:41,434][ui.Manager][INFO]: Deleted Cart
[2024-09-07 20:17:41,457][ui.Cart][INFO]: Refreshing Cart!
[2024-09-07 20:17:41,460][ui.Cart][INFO]: Extracted data from passengers
[2024-09-07 20:17:41,461][ui.Manager][INFO]: Initialized Cart
[2024-09-07 20:17:41,462][ui.Manager][INFO]: Showing Flights
[2024-09-07 20:17:45,097][ui.Manager][INFO]: Showing Home
[2024-09-07 20:17:46,536][ui.Manager][INFO]: Showing Cart
[2024-09-07 20:17:50,576][ui.Cart][INFO]: Admin: k canceled flight with id 7902
[2024-09-07 20:17:50,576][ui.Cart][INFO]: Refreshing Cart!
[2024-09-07 20:17:50,576][ui.Cart][INFO]: Extracted data from passengers
[2024-09-07 20:17:54,591][__main__][INFO]: Program terminated!
