[2024-07-22 09:59:28,885][__main__][INFO]: Welcome to AirLine!
[2024-07-22 09:59:28,885][reader.Mysql][INFO]: Connecting to database
[2024-07-22 09:59:28,930][reader.Mysql][INFO]: Connected!
[2024-07-22 09:59:29,362][ui.Manager][INFO]: Showing Home
[2024-07-22 09:59:32,449][ui.Home][INFO]: User: kevin2 logged out
[2024-07-22 09:59:32,562][ui.Manager][INFO]: Reinitialized Login
[2024-07-22 09:59:32,631][ui.Manager][INFO]: Reinitialized FrontPage
[2024-07-22 09:59:32,728][ui.Manager][INFO]: Reinitialized SignUp
[2024-07-22 09:59:32,761][ui.Manager][INFO]: Reinitialized Home
[2024-07-22 09:59:32,764][ui.Manager][INFO]: Reinitialized Flights
[2024-07-22 09:59:32,764][ui.Manager][INFO]: Showing FrontPage
[2024-07-22 09:59:33,597][ui.Manager][INFO]: Showing Login
[2024-07-22 09:59:38,210][ui.Login][INFO]: User: kevin logged in
[2024-07-22 09:59:38,210][ui.Manager][INFO]: Showing Home
[2024-07-22 09:59:39,642][ui.Home][INFO]: User: kevin logged out
[2024-07-22 09:59:39,762][ui.Manager][INFO]: Reinitialized Login
[2024-07-22 09:59:39,828][ui.Manager][INFO]: Reinitialized FrontPage
[2024-07-22 09:59:39,913][ui.Manager][INFO]: Reinitialized SignUp
[2024-07-22 09:59:39,947][ui.Manager][INFO]: Reinitialized Home
[2024-07-22 09:59:39,947][ui.Manager][INFO]: Reinitialized Flights
[2024-07-22 09:59:39,947][ui.Manager][INFO]: Showing FrontPage
[2024-07-22 09:59:40,985][ui.Manager][INFO]: Showing SignUp
[2024-07-22 10:00:13,807][ui.SignUp][INFO]: User: kevin1 signed up
[2024-07-22 10:00:13,807][ui.Manager][INFO]: Showing Home
[2024-07-22 10:00:28,971][ui.Manager][INFO]: Showing Flights
[2024-07-22 10:00:30,671][ui.Manager][INFO]: Showing Home
[2024-07-22 10:00:32,793][ui.Home][INFO]: User: kevin1 logged out
[2024-07-22 10:00:32,926][ui.Manager][INFO]: Reinitialized Login
[2024-07-22 10:00:32,999][ui.Manager][INFO]: Reinitialized FrontPage
[2024-07-22 10:00:33,095][ui.Manager][INFO]: Reinitialized SignUp
[2024-07-22 10:00:33,117][ui.Manager][INFO]: Reinitialized Home
[2024-07-22 10:00:33,131][ui.Manager][INFO]: Reinitialized Flights
[2024-07-22 10:00:33,131][ui.Manager][INFO]: Showing FrontPage
[2024-07-22 10:00:45,855][ui.Manager][INFO]: Showing SignUp
[2024-07-22 10:00:58,806][ui.Manager][INFO]: Reinitialized SignUp
[2024-07-22 10:00:58,806][ui.Manager][INFO]: Showing FrontPage
[2024-07-22 10:00:59,336][ui.Manager][INFO]: Showing Login
[2024-07-22 10:01:07,820][ui.Login][INFO]: User: kevin logged in
[2024-07-22 10:01:07,820][ui.Manager][INFO]: Showing Home
[2024-07-22 10:01:08,540][ui.Home][INFO]: Deleted User: kevin's account
[2024-07-22 10:01:08,693][ui.Manager][INFO]: Reinitialized Login
[2024-07-22 10:01:08,796][ui.Manager][INFO]: Reinitialized FrontPage
[2024-07-22 10:01:08,896][ui.Manager][INFO]: Reinitialized SignUp
[2024-07-22 10:01:08,917][ui.Manager][INFO]: Reinitialized Home
[2024-07-22 10:01:08,930][ui.Manager][INFO]: Reinitialized Flights
[2024-07-22 10:01:08,931][ui.Manager][INFO]: Showing FrontPage
[2024-07-22 10:01:10,015][ui.Manager][INFO]: Showing Login
[2024-07-22 10:01:16,831][ui.Login][WARNING]: kevin1 tried to login but failed
[2024-07-22 10:01:20,070][ui.Login][WARNING]: kevin1 tried to login but failed
[2024-07-22 10:01:26,600][ui.Login][WARNING]: kevin1 tried to login but failed
[2024-07-22 10:01:29,101][ui.Login][WARNING]: kevin1 tried to login but failed
[2024-07-22 10:01:29,837][ui.Manager][INFO]: Reinitialized Login
[2024-07-22 10:01:29,837][ui.Manager][INFO]: Showing FrontPage
[2024-07-22 10:01:31,369][ui.Manager][INFO]: Showing Login
[2024-07-22 10:01:36,119][ui.Login][WARNING]: kevin tried to login but failed
[2024-07-22 10:01:37,776][ui.Login][WARNING]: kevin1 tried to login but failed
[2024-07-22 10:01:41,582][ui.Login][INFO]: User: kevin1 logged in
[2024-07-22 10:01:41,582][ui.Manager][INFO]: Showing Home
[2024-07-22 10:01:42,446][ui.Home][INFO]: Deleted User: kevin1's account
[2024-07-22 10:01:42,563][ui.Manager][INFO]: Reinitialized Login
[2024-07-22 10:01:42,638][ui.Manager][INFO]: Reinitialized FrontPage
[2024-07-22 10:01:42,739][ui.Manager][INFO]: Reinitialized SignUp
[2024-07-22 10:01:42,746][ui.Manager][INFO]: Reinitialized Home
[2024-07-22 10:01:42,771][ui.Manager][INFO]: Reinitialized Flights
[2024-07-22 10:01:42,772][ui.Manager][INFO]: Showing FrontPage
[2024-07-22 10:02:25,369][ui.Manager][INFO]: Showing Login
[2024-07-22 10:02:29,716][ui.Login][INFO]: User: kevin2 logged in
[2024-07-22 10:02:29,716][ui.Manager][INFO]: Showing Home
[2024-07-22 10:02:30,844][ui.Home][INFO]: Deleted User: kevin2's account
[2024-07-22 10:02:30,963][ui.Manager][INFO]: Reinitialized Login
[2024-07-22 10:02:31,045][ui.Manager][INFO]: Reinitialized FrontPage
[2024-07-22 10:02:31,145][ui.Manager][INFO]: Reinitialized SignUp
[2024-07-22 10:02:31,167][ui.Manager][INFO]: Reinitialized Home
[2024-07-22 10:02:31,184][ui.Manager][INFO]: Reinitialized Flights
[2024-07-22 10:02:31,185][ui.Manager][INFO]: Showing FrontPage
