[2024-08-17 13:56:24,106][__main__][INFO]: Welcome to AirLine!
[2024-08-17 13:56:24,106][reader.Mysql][INFO]: Connecting to database
[2024-08-17 13:56:24,128][reader.Mysql][WARNING]: Failed!
[2024-08-17 13:56:24,128][reader.Mysql][INFO]: Creating Database
[2024-08-17 13:56:24,285][__main__][WARNING]: Failed to auto log Admin: admin in
[2024-08-17 13:56:24,729][ui.Manager][INFO]: Initialized SignUp
[2024-08-17 13:56:25,005][ui.Manager][INFO]: Initialized Login
[2024-08-17 13:56:25,006][ui.Manager][INFO]: Initialized FrontPage
[2024-08-17 13:56:25,006][ui.Manager][INFO]: Showing FrontPage
[2024-08-17 13:56:26,909][ui.Manager][INFO]: Showing Login
[2024-08-17 13:56:28,168][ui.Manager][INFO]: Deleted Login
[2024-08-17 13:56:28,235][ui.Manager][INFO]: Initialized Login
[2024-08-17 13:56:28,236][ui.Manager][INFO]: Showing FrontPage
[2024-08-17 13:56:28,904][ui.Manager][INFO]: Showing SignUp
[2024-08-17 13:56:40,489][ui.SignUp][INFO]: Admin: admin signed up
[2024-08-17 13:56:40,493][ui.Manager][INFO]: Deleted Login
[2024-08-17 13:56:40,497][ui.Manager][INFO]: Deleted FrontPage
[2024-08-17 13:56:40,504][ui.Manager][INFO]: Deleted SignUp
[2024-08-17 13:56:40,533][ui.Manager][INFO]: Initialized Home
[2024-08-17 13:56:40,534][ui.Manager][INFO]: Showing Home
[2024-08-17 13:56:41,764][ui.Flights][INFO]: Refreshing Flights!
[2024-08-17 13:56:41,767][ui.Flights][INFO]: Extracted flights from Flights!
[2024-08-17 13:56:41,767][ui.Manager][INFO]: Initialized Flights
[2024-08-17 13:56:41,768][ui.Manager][INFO]: Showing Flights
[2024-08-17 13:57:25,462][ui.Flights][INFO]: Admin: admin inserted {'airline': 'expired', 'place_of_departure': 'a', 'destination': 'c', 'class': '2', 'date': '1000-01-01', 'time': '10:00:00', 'price': '1235'} to Flights
[2024-08-17 13:57:25,463][ui.Flights][INFO]: Refreshing Flights!
[2024-08-17 13:57:25,464][ui.Flights][INFO]: Extracted flights from Flights!
[2024-08-17 13:57:55,912][ui.Flights][INFO]: Admin: admin inserted {'airline': 'available', 'place_of_departure': 'a', 'destination': 'b', 'class': '1', 'date': '2222-01-01', 'time': '10:00:00', 'price': '1356'} to Flights
[2024-08-17 13:57:55,913][ui.Flights][INFO]: Refreshing Flights!
[2024-08-17 13:57:55,914][ui.Flights][INFO]: Extracted flights from Flights!
[2024-08-17 13:58:00,266][ui.Flights][INFO]: Refreshing Flights!
[2024-08-17 13:58:00,267][ui.Flights][INFO]: Extracted available flights from flights
[2024-08-17 13:58:01,345][ui.Flights][INFO]: Refreshing Flights!
[2024-08-17 13:58:01,348][ui.Flights][INFO]: Extracted expired flights from Flights!
[2024-08-17 13:58:02,423][ui.Flights][INFO]: Refreshing Flights!
[2024-08-17 13:58:02,424][ui.Flights][INFO]: Extracted flights from Flights!
[2024-08-17 13:58:05,320][ui.Flights][WARNING]: Admin: admin tried to book expired flight with id: 1
[2024-08-17 13:58:10,682][ui.Flights][INFO]: Admin: admin booked Flight with id: 2
[2024-08-17 13:58:10,694][ui.Cart][INFO]: Refreshing Cart!
[2024-08-17 13:58:10,699][ui.Cart][INFO]: Extracted data from passengers
[2024-08-17 13:58:10,702][ui.Manager][INFO]: Initialized Cart
[2024-08-17 13:58:10,703][ui.Manager][INFO]: Showing Flights
[2024-08-17 13:58:15,191][ui.Manager][INFO]: Showing Home
[2024-08-17 13:58:16,326][ui.Manager][INFO]: Showing Cart
[2024-08-17 13:58:18,846][ui.Cart][INFO]: Refreshing Cart!
[2024-08-17 13:58:18,848][ui.Cart][INFO]: Extracted data from passengers
[2024-08-17 13:58:27,782][ui.Cart][INFO]: Refreshing Cart!
[2024-08-17 13:58:27,783][ui.Cart][INFO]: Extracted data from passengers
[2024-08-17 13:58:31,344][ui.Cart][INFO]: Admin: admin canceled flight with id 2
[2024-08-17 13:58:31,344][ui.Cart][INFO]: Refreshing Cart!
[2024-08-17 13:58:31,346][ui.Cart][INFO]: Extracted data from passengers
[2024-08-17 13:58:32,497][ui.Manager][INFO]: Showing Home
[2024-08-17 13:58:34,137][ui.Manager][INFO]: Showing Flights
[2024-08-17 13:58:42,747][ui.Flights][INFO]: Admin: admin deleted flight with id 1
[2024-08-17 13:58:42,748][ui.Flights][INFO]: Refreshing Flights!
[2024-08-17 13:58:42,748][ui.Flights][INFO]: Extracted flights from Flights!
[2024-08-17 13:58:42,752][ui.Manager][INFO]: Deleted Cart
[2024-08-17 13:58:42,766][ui.Cart][INFO]: Refreshing Cart!
[2024-08-17 13:58:42,768][ui.Cart][INFO]: Extracted data from passengers
[2024-08-17 13:58:42,769][ui.Manager][INFO]: Initialized Cart
[2024-08-17 13:58:42,769][ui.Manager][INFO]: Showing Flights
[2024-08-17 13:58:55,468][ui.Flights][INFO]: Admin: admin booked Flight with id: 2
[2024-08-17 13:58:55,471][ui.Manager][INFO]: Deleted Cart
[2024-08-17 13:58:55,485][ui.Cart][INFO]: Refreshing Cart!
[2024-08-17 13:58:55,487][ui.Cart][INFO]: Extracted data from passengers
[2024-08-17 13:58:55,488][ui.Manager][INFO]: Initialized Cart
[2024-08-17 13:58:55,488][ui.Manager][INFO]: Showing Flights
[2024-08-17 13:59:00,743][ui.Manager][INFO]: Showing Home
[2024-08-17 13:59:02,268][ui.Home][INFO]: Admin: admin logged out
[2024-08-17 13:59:02,292][ui.Manager][INFO]: Deleted Home
[2024-08-17 13:59:02,302][ui.Manager][INFO]: Deleted Flights
[2024-08-17 13:59:02,305][ui.Manager][INFO]: Deleted Cart
[2024-08-17 13:59:02,468][ui.Manager][INFO]: Initialized SignUp
[2024-08-17 13:59:02,529][ui.Manager][INFO]: Initialized Login
[2024-08-17 13:59:02,530][ui.Manager][INFO]: Initialized FrontPage
[2024-08-17 13:59:02,530][ui.Manager][INFO]: Showing FrontPage
[2024-08-17 13:59:03,649][ui.Manager][INFO]: Showing Login
[2024-08-17 13:59:07,635][ui.Manager][INFO]: Deleted Login
[2024-08-17 13:59:07,697][ui.Manager][INFO]: Initialized Login
[2024-08-17 13:59:07,698][ui.Manager][INFO]: Showing FrontPage
[2024-08-17 13:59:08,410][ui.Manager][INFO]: Showing SignUp
[2024-08-17 13:59:17,387][ui.SignUp][INFO]: User: user signed up
[2024-08-17 13:59:17,391][ui.Manager][INFO]: Deleted Login
[2024-08-17 13:59:17,394][ui.Manager][INFO]: Deleted FrontPage
[2024-08-17 13:59:17,403][ui.Manager][INFO]: Deleted SignUp
[2024-08-17 13:59:17,429][ui.Manager][INFO]: Initialized Home
[2024-08-17 13:59:17,430][ui.Manager][INFO]: Showing Home
[2024-08-17 13:59:18,573][ui.Flights][INFO]: Refreshing Flights!
[2024-08-17 13:59:18,574][ui.Flights][INFO]: Extracted flights from Flights!
[2024-08-17 13:59:18,575][ui.Manager][INFO]: Initialized Flights
[2024-08-17 13:59:18,575][ui.Manager][INFO]: Showing Flights
[2024-08-17 13:59:20,055][ui.Flights][INFO]: Refreshing Flights!
[2024-08-17 13:59:20,056][ui.Flights][INFO]: Extracted flights from Flights!
[2024-08-17 13:59:22,336][ui.Flights][INFO]: Refreshing Flights!
[2024-08-17 13:59:22,337][ui.Flights][INFO]: Extracted available flights from flights
[2024-08-17 13:59:23,151][ui.Flights][INFO]: Refreshing Flights!
[2024-08-17 13:59:23,153][ui.Flights][INFO]: Extracted expired flights from Flights!
[2024-08-17 13:59:24,216][ui.Flights][INFO]: Refreshing Flights!
[2024-08-17 13:59:24,217][ui.Flights][INFO]: Extracted flights from Flights!
[2024-08-17 13:59:25,420][ui.Flights][INFO]: Refreshing Flights!
[2024-08-17 13:59:25,421][ui.Flights][INFO]: Extracted available flights from flights
[2024-08-17 13:59:26,287][ui.Flights][INFO]: Refreshing Flights!
[2024-08-17 13:59:26,288][ui.Flights][INFO]: Extracted expired flights from Flights!
[2024-08-17 13:59:27,268][ui.Flights][INFO]: Refreshing Flights!
[2024-08-17 13:59:27,269][ui.Flights][INFO]: Extracted flights from Flights!
[2024-08-17 13:59:32,426][__main__][INFO]: Program terminated!
