[2024-09-07 20:18:06,432][__main__][INFO]: Welcome to AirLine!
[2024-09-07 20:18:06,432][reader.Mysql][INFO]: Connecting to database
[2024-09-07 20:18:06,448][reader.Mysql][WARNING]: Failed!
[2024-09-07 20:18:06,448][reader.Mysql][INFO]: Creating Database
[2024-09-07 20:18:06,472][__main__][INFO]: Inserting default flights...
[2024-09-07 20:18:07,662][__main__][INFO]: Inserted flight: {'name': 'Alliance Air', 'pod': 'Mizoram', 'dest': 'Goa', 'class': 'Premium Economy Class', 'date': '2025-08-06', 'time': '10:29:04', 'price': 603877}
[2024-09-07 20:18:07,731][__main__][INFO]: Inserted flight: {'name': 'Akasa Air', 'pod': 'Goa', 'dest': 'Haryana', 'class': 'First Class', 'date': '2025-07-30', 'time': '20:43:32', 'price': 713627}
[2024-09-07 20:18:07,798][__main__][INFO]: Inserted flight: {'name': 'Star Air', 'pod': 'Himachal Pradesh', 'dest': 'Kerala', 'class': 'First Class', 'date': '2026-08-29', 'time': '23:01:45', 'price': 487439}
[2024-09-07 20:18:07,880][__main__][INFO]: Inserted flight: {'name': 'Alliance Air', 'pod': 'Gujarat', 'dest': 'Chhattisgarh', 'class': 'Business Class', 'date': '2025-03-08', 'time': '14:29:02', 'price': 403051}
[2024-09-07 20:18:07,948][__main__][INFO]: Inserted flight: {'name': 'Star Air', 'pod': 'Tripura', 'dest': 'Odisha', 'class': 'First Class', 'date': '2026-05-28', 'time': '03:52:46', 'price': 740005}
[2024-09-07 20:18:08,015][__main__][INFO]: Inserted flight: {'name': 'Air India Express', 'pod': 'Karnataka', 'dest': 'Manipur', 'class': 'Economy Class', 'date': '2025-04-15', 'time': '17:49:13', 'price': 661547}
[2024-09-07 20:18:08,100][__main__][INFO]: Inserted flight: {'name': 'IndiGo', 'pod': 'Odisha', 'dest': 'Haryana', 'class': 'First Class', 'date': '2026-01-27', 'time': '21:58:28', 'price': 401552}
[2024-09-07 20:18:08,164][__main__][INFO]: Inserted flight: {'name': 'Vistara', 'pod': 'Rajasthan', 'dest': 'Haryana', 'class': 'Premium Economy Class', 'date': '2025-05-23', 'time': '20:38:16', 'price': 472470}
[2024-09-07 20:18:08,231][__main__][INFO]: Inserted flight: {'name': 'Akasa Air', 'pod': 'Jharkhand', 'dest': 'Assam, Bihar', 'class': 'Economy Class', 'date': '2024-10-16', 'time': '19:33:33', 'price': 495799}
[2024-09-07 20:18:08,314][__main__][INFO]: Inserted flight: {'name': 'GoAir', 'pod': 'Manipur', 'dest': 'Jharkhand', 'class': 'Premium Economy Class', 'date': '2025-03-07', 'time': '15:57:17', 'price': 359404}
[2024-09-07 20:18:08,382][__main__][INFO]: Inserted flight: {'name': 'Alliance Air', 'pod': 'Manipur', 'dest': 'Jharkhand', 'class': 'Business Class', 'date': '2025-04-22', 'time': '09:25:33', 'price': 32335}
[2024-09-07 20:18:08,482][__main__][INFO]: Inserted flight: {'name': 'Air India Express', 'pod': 'Punjab', 'dest': 'Chhattisgarh', 'class': 'Premium Economy Class', 'date': '2026-05-18', 'time': '14:53:08', 'price': 604138}
[2024-09-07 20:18:08,568][__main__][INFO]: Inserted flight: {'name': 'GoAir', 'pod': 'Punjab', 'dest': 'Meghalaya', 'class': 'Business Class', 'date': '2025-11-11', 'time': '03:57:36', 'price': 75185}
[2024-09-07 20:18:08,638][__main__][INFO]: Inserted flight: {'name': 'Akasa Air', 'pod': 'Odisha', 'dest': 'Tamil Nadu', 'class': 'Economy Class', 'date': '2025-06-10', 'time': '13:06:09', 'price': 574841}
[2024-09-07 20:18:08,698][__main__][INFO]: Inserted flight: {'name': 'Vistara', 'pod': 'Odisha', 'dest': 'Goa', 'class': 'First Class', 'date': '2026-08-23', 'time': '15:56:06', 'price': 527752}
[2024-09-07 20:18:08,765][__main__][INFO]: Inserted flight: {'name': 'Star Air', 'pod': 'Chhattisgarh', 'dest': 'Uttarakhand', 'class': 'Economy Class', 'date': '2026-02-18', 'time': '05:20:13', 'price': 361713}
[2024-09-07 20:18:08,831][__main__][INFO]: Inserted flight: {'name': 'Air India', 'pod': 'Uttar Pradesh', 'dest': 'Andhra Pradesh', 'class': 'Business Class', 'date': '2026-08-07', 'time': '22:40:04', 'price': 44108}
[2024-09-07 20:18:08,915][__main__][INFO]: Inserted flight: {'name': 'SpiceJet', 'pod': 'Tamil Nadu', 'dest': 'Goa', 'class': 'First Class', 'date': '2024-10-15', 'time': '03:21:40', 'price': 627432}
[2024-09-07 20:18:08,986][__main__][INFO]: Inserted flight: {'name': 'GoAir', 'pod': 'Haryana', 'dest': 'Himachal Pradesh', 'class': 'First Class', 'date': '2026-06-04', 'time': '21:02:23', 'price': 273262}
[2024-09-07 20:18:09,047][__main__][INFO]: Inserted flight: {'name': 'GoAir', 'pod': 'Madhya Pradesh', 'dest': 'Karnataka', 'class': 'Premium Economy Class', 'date': '2025-07-16', 'time': '18:34:57', 'price': 317366}
[2024-09-07 20:18:09,114][__main__][INFO]: Inserted flight: {'name': 'Akasa Air', 'pod': 'Tripura', 'dest': 'Uttar Pradesh', 'class': 'Economy Class', 'date': '2025-11-18', 'time': '08:06:05', 'price': 156892}
[2024-09-07 20:18:09,197][__main__][INFO]: Inserted flight: {'name': 'GoAir', 'pod': 'Maharashtra', 'dest': 'Rajasthan', 'class': 'Business Class', 'date': '2025-11-07', 'time': '13:13:30', 'price': 278190}
[2024-09-07 20:18:09,269][__main__][INFO]: Inserted flight: {'name': 'IndiGo', 'pod': 'Madhya Pradesh', 'dest': 'Sikkim', 'class': 'Premium Economy Class', 'date': '2025-02-03', 'time': '20:51:05', 'price': 378533}
[2024-09-07 20:18:09,334][__main__][INFO]: Inserted flight: {'name': 'Vistara', 'pod': 'Arunachal Pradesh', 'dest': 'Manipur', 'class': 'Economy Class', 'date': '2026-04-09', 'time': '00:00:21', 'price': 695712}
[2024-09-07 20:18:09,397][__main__][INFO]: Inserted flight: {'name': 'AirAsia India', 'pod': 'Assam, Bihar', 'dest': 'Uttarakhand', 'class': 'First Class', 'date': '2025-06-29', 'time': '02:05:45', 'price': 435603}
[2024-09-07 20:18:09,464][__main__][INFO]: Inserted flight: {'name': 'Air India', 'pod': 'Uttar Pradesh', 'dest': 'Meghalaya', 'class': 'First Class', 'date': '2025-06-21', 'time': '05:54:12', 'price': 579388}
[2024-09-07 20:18:09,540][__main__][INFO]: Inserted flight: {'name': 'SpiceJet', 'pod': 'Himachal Pradesh', 'dest': 'Nagaland', 'class': 'First Class', 'date': '2025-10-07', 'time': '21:18:31', 'price': 372244}
[2024-09-07 20:18:09,602][__main__][INFO]: Inserted flight: {'name': 'Star Air', 'pod': 'Uttarakhand', 'dest': 'Meghalaya', 'class': 'Economy Class', 'date': '2024-11-12', 'time': '20:19:02', 'price': 596641}
[2024-09-07 20:18:09,665][__main__][INFO]: Inserted flight: {'name': 'Akasa Air', 'pod': 'Arunachal Pradesh', 'dest': 'Gujarat', 'class': 'Business Class', 'date': '2025-04-05', 'time': '07:14:27', 'price': 786304}
[2024-09-07 20:18:09,747][__main__][INFO]: Inserted flight: {'name': 'SpiceJet', 'pod': 'Uttar Pradesh', 'dest': 'Meghalaya', 'class': 'First Class', 'date': '2026-02-15', 'time': '20:33:44', 'price': 492095}
[2024-09-07 20:18:09,814][__main__][INFO]: Inserted flight: {'name': 'Air India', 'pod': 'Goa', 'dest': 'Himachal Pradesh', 'class': 'First Class', 'date': '2024-10-06', 'time': '16:56:36', 'price': 361005}
[2024-09-07 20:18:09,880][__main__][INFO]: Inserted flight: {'name': 'GoAir', 'pod': 'Himachal Pradesh', 'dest': 'Odisha', 'class': 'Premium Economy Class', 'date': '2025-08-05', 'time': '08:46:35', 'price': 542245}
[2024-09-07 20:18:09,964][__main__][INFO]: Inserted flight: {'name': 'Akasa Air', 'pod': 'Jharkhand', 'dest': 'Tripura', 'class': 'Premium Economy Class', 'date': '2025-11-19', 'time': '23:16:59', 'price': 459782}
[2024-09-07 20:18:10,036][__main__][INFO]: Inserted flight: {'name': 'Air India Express', 'pod': 'Mizoram', 'dest': 'Tripura', 'class': 'Economy Class', 'date': '2026-01-06', 'time': '10:43:37', 'price': 81515}
[2024-09-07 20:18:10,097][__main__][INFO]: Inserted flight: {'name': 'Air India Express', 'pod': 'Arunachal Pradesh', 'dest': 'Maharashtra', 'class': 'First Class', 'date': '2024-10-25', 'time': '08:07:37', 'price': 561973}
[2024-09-07 20:18:10,179][__main__][INFO]: Inserted flight: {'name': 'Air India', 'pod': 'Maharashtra', 'dest': 'Chhattisgarh', 'class': 'Premium Economy Class', 'date': '2025-06-17', 'time': '14:14:15', 'price': 573682}
[2024-09-07 20:18:10,247][__main__][INFO]: Inserted flight: {'name': 'Air India Express', 'pod': 'Uttarakhand', 'dest': 'Mizoram', 'class': 'Business Class', 'date': '2026-06-12', 'time': '05:38:26', 'price': 561058}
[2024-09-07 20:18:10,314][__main__][INFO]: Inserted flight: {'name': 'Alliance Air', 'pod': 'Himachal Pradesh', 'dest': 'Madhya Pradesh', 'class': 'Premium Economy Class', 'date': '2025-12-28', 'time': '19:47:09', 'price': 422339}
[2024-09-07 20:18:10,386][__main__][INFO]: Inserted flight: {'name': 'Vistara', 'pod': 'Rajasthan', 'dest': 'Telangana', 'class': 'First Class', 'date': '2026-05-15', 'time': '18:07:37', 'price': 194448}
[2024-09-07 20:18:10,447][__main__][INFO]: Inserted flight: {'name': 'Vistara', 'pod': 'Uttarakhand', 'dest': 'Mizoram', 'class': 'Business Class', 'date': '2025-12-27', 'time': '22:09:22', 'price': 233547}
[2024-09-07 20:18:10,515][__main__][INFO]: Inserted flight: {'name': 'Air India Express', 'pod': 'Odisha', 'dest': 'Assam, Bihar', 'class': 'Business Class', 'date': '2026-03-31', 'time': '05:36:05', 'price': 463313}
[2024-09-07 20:18:10,600][__main__][INFO]: Inserted flight: {'name': 'AirAsia India', 'pod': 'Karnataka', 'dest': 'Assam, Bihar', 'class': 'First Class', 'date': '2025-01-22', 'time': '16:52:14', 'price': 371441}
[2024-09-07 20:18:10,664][__main__][INFO]: Inserted flight: {'name': 'Alliance Air', 'pod': 'Arunachal Pradesh', 'dest': 'Andhra Pradesh', 'class': 'Business Class', 'date': '2025-01-27', 'time': '08:38:31', 'price': 230238}
[2024-09-07 20:18:10,737][__main__][INFO]: Inserted flight: {'name': 'IndiGo', 'pod': 'Odisha', 'dest': 'Kerala', 'class': 'Premium Economy Class', 'date': '2025-03-23', 'time': '21:10:44', 'price': 599658}
[2024-09-07 20:18:10,797][__main__][INFO]: Inserted flight: {'name': 'SpiceJet', 'pod': 'Goa', 'dest': 'Telangana', 'class': 'Economy Class', 'date': '2025-10-20', 'time': '01:23:05', 'price': 199316}
[2024-09-07 20:18:10,864][__main__][INFO]: Inserted flight: {'name': 'AirAsia India', 'pod': 'Chhattisgarh', 'dest': 'West Bengal', 'class': 'First Class', 'date': '2026-06-02', 'time': '04:33:08', 'price': 650224}
[2024-09-07 20:18:10,930][__main__][INFO]: Inserted flight: {'name': 'Akasa Air', 'pod': 'Maharashtra', 'dest': 'Meghalaya', 'class': 'Business Class', 'date': '2025-01-16', 'time': '14:11:40', 'price': 167286}
[2024-09-07 20:18:11,014][__main__][INFO]: Inserted flight: {'name': 'GoAir', 'pod': 'Punjab', 'dest': 'Odisha', 'class': 'First Class', 'date': '2025-07-20', 'time': '18:42:44', 'price': 724455}
[2024-09-07 20:18:11,080][__main__][INFO]: Inserted flight: {'name': 'Vistara', 'pod': 'Nagaland', 'dest': 'Telangana', 'class': 'Economy Class', 'date': '2025-05-18', 'time': '17:47:44', 'price': 799737}
[2024-09-07 20:18:11,147][__main__][INFO]: Inserted flight: {'name': 'IndiGo', 'pod': 'Punjab', 'dest': 'Mizoram', 'class': 'First Class', 'date': '2026-06-10', 'time': '12:08:23', 'price': 624145}
[2024-09-07 20:18:11,214][__main__][INFO]: Inserted flight: {'name': 'Alliance Air', 'pod': 'Goa', 'dest': 'Kerala', 'class': 'Economy Class', 'date': '2026-07-07', 'time': '14:16:11', 'price': 638736}
[2024-09-07 20:18:11,296][__main__][INFO]: Inserted flight: {'name': 'Air India', 'pod': 'Nagaland', 'dest': 'Rajasthan', 'class': 'Economy Class', 'date': '2026-02-15', 'time': '20:26:43', 'price': 607894}
[2024-09-07 20:18:11,364][__main__][INFO]: Inserted flight: {'name': 'IndiGo', 'pod': 'Himachal Pradesh', 'dest': 'Uttarakhand', 'class': 'Economy Class', 'date': '2026-03-14', 'time': '16:14:58', 'price': 771424}
[2024-09-07 20:18:11,438][__main__][INFO]: Inserted flight: {'name': 'Akasa Air', 'pod': 'Andhra Pradesh', 'dest': 'Gujarat', 'class': 'Economy Class', 'date': '2025-08-23', 'time': '21:57:31', 'price': 627708}
[2024-09-07 20:18:11,500][__main__][INFO]: Inserted flight: {'name': 'SpiceJet', 'pod': 'Madhya Pradesh', 'dest': 'Kerala', 'class': 'Premium Economy Class', 'date': '2025-01-13', 'time': '17:33:20', 'price': 267915}
[2024-09-07 20:18:11,568][__main__][INFO]: Inserted flight: {'name': 'Air India', 'pod': 'Sikkim', 'dest': 'Karnataka', 'class': 'Business Class', 'date': '2026-04-05', 'time': '08:00:51', 'price': 331645}
[2024-09-07 20:18:11,714][__main__][INFO]: Inserted flight: {'name': 'Alliance Air', 'pod': 'Karnataka', 'dest': 'Mizoram', 'class': 'Business Class', 'date': '2025-10-09', 'time': '00:54:51', 'price': 176586}
[2024-09-07 20:18:11,785][__main__][INFO]: Inserted flight: {'name': 'Vistara', 'pod': 'Punjab', 'dest': 'Haryana', 'class': 'Economy Class', 'date': '2025-07-08', 'time': '19:51:59', 'price': 485858}
[2024-09-07 20:18:11,849][__main__][INFO]: Inserted flight: {'name': 'AirAsia India', 'pod': 'Punjab', 'dest': 'Odisha', 'class': 'First Class', 'date': '2025-04-23', 'time': '16:28:07', 'price': 52387}
[2024-09-07 20:18:11,916][__main__][INFO]: Inserted flight: {'name': 'Vistara', 'pod': 'Kerala', 'dest': 'Nagaland', 'class': 'Business Class', 'date': '2025-05-18', 'time': '04:23:59', 'price': 649430}
[2024-09-07 20:18:11,982][__main__][INFO]: Inserted flight: {'name': 'Alliance Air', 'pod': 'Arunachal Pradesh', 'dest': 'Madhya Pradesh', 'class': 'Business Class', 'date': '2024-12-23', 'time': '19:44:28', 'price': 287377}
[2024-09-07 20:18:12,049][__main__][INFO]: Inserted flight: {'name': 'Vistara', 'pod': 'Uttar Pradesh', 'dest': 'Meghalaya', 'class': 'Premium Economy Class', 'date': '2026-02-03', 'time': '13:17:04', 'price': 495880}
[2024-09-07 20:18:12,113][__main__][INFO]: Inserted flight: {'name': 'SpiceJet', 'pod': 'Uttar Pradesh', 'dest': 'Madhya Pradesh', 'class': 'Economy Class', 'date': '2026-08-15', 'time': '05:15:19', 'price': 604084}
[2024-09-07 20:18:12,180][__main__][INFO]: Inserted flight: {'name': 'SpiceJet', 'pod': 'Nagaland', 'dest': 'Madhya Pradesh', 'class': 'Economy Class', 'date': '2026-07-31', 'time': '07:04:23', 'price': 452207}
[2024-09-07 20:18:12,247][__main__][INFO]: Inserted flight: {'name': 'Air India', 'pod': 'Tripura', 'dest': 'Uttar Pradesh', 'class': 'Business Class', 'date': '2025-04-08', 'time': '15:07:34', 'price': 599983}
[2024-09-07 20:18:12,330][__main__][INFO]: Inserted flight: {'name': 'IndiGo', 'pod': 'Jharkhand', 'dest': 'Arunachal Pradesh', 'class': 'Premium Economy Class', 'date': '2024-12-21', 'time': '09:44:19', 'price': 465914}
[2024-09-07 20:18:12,395][__main__][INFO]: Inserted flight: {'name': 'AirAsia India', 'pod': 'Assam, Bihar', 'dest': 'Tripura', 'class': 'Business Class', 'date': '2025-03-27', 'time': '05:48:58', 'price': 457233}
[2024-09-07 20:18:12,447][__main__][INFO]: Inserted flight: {'name': 'GoAir', 'pod': 'Kerala', 'dest': 'Maharashtra', 'class': 'Business Class', 'date': '2026-08-25', 'time': '05:42:40', 'price': 317610}
[2024-09-07 20:18:12,529][__main__][INFO]: Inserted flight: {'name': 'AirAsia India', 'pod': 'Arunachal Pradesh', 'dest': 'Tamil Nadu', 'class': 'Business Class', 'date': '2025-03-02', 'time': '22:43:20', 'price': 433046}
[2024-09-07 20:18:12,600][__main__][INFO]: Inserted flight: {'name': 'Star Air', 'pod': 'Chhattisgarh', 'dest': 'Mizoram', 'class': 'Premium Economy Class', 'date': '2026-06-06', 'time': '02:43:49', 'price': 442109}
[2024-09-07 20:18:12,663][__main__][INFO]: Inserted flight: {'name': 'Vistara', 'pod': 'Gujarat', 'dest': 'Jharkhand', 'class': 'Premium Economy Class', 'date': '2024-10-17', 'time': '12:21:09', 'price': 563135}
[2024-09-07 20:18:12,730][__main__][INFO]: Inserted flight: {'name': 'Air India Express', 'pod': 'Meghalaya', 'dest': 'Mizoram', 'class': 'Business Class', 'date': '2025-04-23', 'time': '01:46:53', 'price': 273673}
[2024-09-07 20:18:12,802][__main__][INFO]: Inserted flight: {'name': 'Air India Express', 'pod': 'Karnataka', 'dest': 'West Bengal', 'class': 'Business Class', 'date': '2024-09-15', 'time': '03:33:56', 'price': 110332}
[2024-09-07 20:18:12,863][__main__][INFO]: Inserted flight: {'name': 'Star Air', 'pod': 'Madhya Pradesh', 'dest': 'Meghalaya', 'class': 'First Class', 'date': '2026-08-22', 'time': '23:24:39', 'price': 633562}
[2024-09-07 20:18:12,930][__main__][INFO]: Inserted flight: {'name': 'AirAsia India', 'pod': 'Jharkhand', 'dest': 'Maharashtra', 'class': 'First Class', 'date': '2024-12-14', 'time': '07:18:12', 'price': 57672}
[2024-09-07 20:18:12,996][__main__][INFO]: Inserted flight: {'name': 'Vistara', 'pod': 'Odisha', 'dest': 'Maharashtra', 'class': 'Premium Economy Class', 'date': '2024-12-21', 'time': '23:32:03', 'price': 486082}
[2024-09-07 20:18:13,072][__main__][INFO]: Inserted flight: {'name': 'Star Air', 'pod': 'Nagaland', 'dest': 'Karnataka', 'class': 'First Class', 'date': '2024-10-13', 'time': '15:46:16', 'price': 267176}
[2024-09-07 20:18:13,147][__main__][INFO]: Inserted flight: {'name': 'IndiGo', 'pod': 'Kerala', 'dest': 'Punjab', 'class': 'Premium Economy Class', 'date': '2025-11-29', 'time': '15:19:38', 'price': 343095}
[2024-09-07 20:18:13,213][__main__][INFO]: Inserted flight: {'name': 'AirAsia India', 'pod': 'Manipur', 'dest': 'Tripura', 'class': 'Premium Economy Class', 'date': '2025-02-04', 'time': '13:51:41', 'price': 34638}
[2024-09-07 20:18:13,280][__main__][INFO]: Inserted flight: {'name': 'SpiceJet', 'pod': 'Mizoram', 'dest': 'Andhra Pradesh', 'class': 'Premium Economy Class', 'date': '2026-03-09', 'time': '08:11:31', 'price': 759486}
[2024-09-07 20:18:13,346][__main__][INFO]: Inserted flight: {'name': 'AirAsia India', 'pod': 'Maharashtra', 'dest': 'Uttarakhand', 'class': 'First Class', 'date': '2024-09-13', 'time': '10:11:23', 'price': 609730}
[2024-09-07 20:18:13,413][__main__][INFO]: Inserted flight: {'name': 'Air India', 'pod': 'Arunachal Pradesh', 'dest': 'Madhya Pradesh', 'class': 'Economy Class', 'date': '2025-06-17', 'time': '23:17:24', 'price': 77059}
[2024-09-07 20:18:13,479][__main__][INFO]: Inserted flight: {'name': 'Star Air', 'pod': 'Punjab', 'dest': 'Sikkim', 'class': 'Economy Class', 'date': '2024-11-04', 'time': '10:23:24', 'price': 417429}
[2024-09-07 20:18:13,546][__main__][INFO]: Inserted flight: {'name': 'AirAsia India', 'pod': 'Uttar Pradesh', 'dest': 'Jharkhand', 'class': 'First Class', 'date': '2025-11-20', 'time': '00:17:35', 'price': 704039}
[2024-09-07 20:18:13,630][__main__][INFO]: Inserted flight: {'name': 'Vistara', 'pod': 'Madhya Pradesh', 'dest': 'Jharkhand', 'class': 'Premium Economy Class', 'date': '2026-07-22', 'time': '19:28:26', 'price': 344087}
[2024-09-07 20:18:13,703][__main__][INFO]: Inserted flight: {'name': 'Alliance Air', 'pod': 'Nagaland', 'dest': 'Sikkim', 'class': 'Business Class', 'date': '2025-10-19', 'time': '03:08:32', 'price': 24033}
[2024-09-07 20:18:13,763][__main__][INFO]: Inserted flight: {'name': 'Akasa Air', 'pod': 'Assam, Bihar', 'dest': 'Jharkhand', 'class': 'First Class', 'date': '2024-10-27', 'time': '14:52:21', 'price': 113070}
[2024-09-07 20:18:13,830][__main__][INFO]: Inserted flight: {'name': 'IndiGo', 'pod': 'Assam, Bihar', 'dest': 'Meghalaya', 'class': 'First Class', 'date': '2026-07-05', 'time': '02:14:54', 'price': 789906}
[2024-09-07 20:18:13,896][__main__][INFO]: Inserted flight: {'name': 'Air India Express', 'pod': 'Jharkhand', 'dest': 'Tamil Nadu', 'class': 'First Class', 'date': '2024-09-28', 'time': '23:57:52', 'price': 289162}
[2024-09-07 20:18:13,979][__main__][INFO]: Inserted flight: {'name': 'Star Air', 'pod': 'Telangana', 'dest': 'Assam, Bihar', 'class': 'First Class', 'date': '2026-08-07', 'time': '19:41:30', 'price': 442689}
[2024-09-07 20:18:14,046][__main__][INFO]: Inserted flight: {'name': 'Alliance Air', 'pod': 'Himachal Pradesh', 'dest': 'Punjab', 'class': 'Economy Class', 'date': '2024-10-17', 'time': '16:50:05', 'price': 335737}
[2024-09-07 20:18:14,113][__main__][INFO]: Inserted flight: {'name': 'Star Air', 'pod': 'Maharashtra', 'dest': 'Uttarakhand', 'class': 'Premium Economy Class', 'date': '2025-07-15', 'time': '07:59:16', 'price': 247328}
[2024-09-07 20:18:14,179][__main__][INFO]: Inserted flight: {'name': 'Akasa Air', 'pod': 'Punjab', 'dest': 'Chhattisgarh', 'class': 'Business Class', 'date': '2025-10-22', 'time': '07:20:15', 'price': 140018}
[2024-09-07 20:18:14,246][__main__][INFO]: Inserted flight: {'name': 'IndiGo', 'pod': 'Manipur', 'dest': 'Karnataka', 'class': 'Economy Class', 'date': '2026-01-30', 'time': '13:08:16', 'price': 639013}
[2024-09-07 20:18:14,313][__main__][INFO]: Inserted flight: {'name': 'GoAir', 'pod': 'West Bengal', 'dest': 'Uttarakhand', 'class': 'Business Class', 'date': '2025-06-05', 'time': '12:28:40', 'price': 787952}
[2024-09-07 20:18:14,380][__main__][INFO]: Inserted flight: {'name': 'Air India', 'pod': 'Maharashtra', 'dest': 'Odisha', 'class': 'First Class', 'date': '2024-11-17', 'time': '14:14:25', 'price': 487141}
[2024-09-07 20:18:14,463][__main__][INFO]: Inserted flight: {'name': 'Akasa Air', 'pod': 'Tamil Nadu', 'dest': 'Telangana', 'class': 'Premium Economy Class', 'date': '2024-12-22', 'time': '10:40:18', 'price': 509865}
[2024-09-07 20:18:14,529][__main__][INFO]: Inserted flight: {'name': 'Vistara', 'pod': 'Punjab', 'dest': 'Goa', 'class': 'Economy Class', 'date': '2026-04-23', 'time': '03:48:38', 'price': 432708}
[2024-09-07 20:18:14,596][__main__][INFO]: Inserted flight: {'name': 'Star Air', 'pod': 'Himachal Pradesh', 'dest': 'Haryana', 'class': 'Premium Economy Class', 'date': '2025-06-11', 'time': '13:41:40', 'price': 64180}
[2024-09-07 20:18:14,662][__main__][INFO]: Inserted flight: {'name': 'AirAsia India', 'pod': 'Nagaland', 'dest': 'Mizoram', 'class': 'Economy Class', 'date': '2024-12-17', 'time': '23:28:21', 'price': 90964}
[2024-09-07 20:18:14,730][__main__][INFO]: Inserted flight: {'name': 'IndiGo', 'pod': 'Karnataka', 'dest': 'Rajasthan', 'class': 'Business Class', 'date': '2023-12-27', 'time': '14:10:50', 'price': 499320}
[2024-09-07 20:18:14,810][__main__][INFO]: Inserted flight: {'name': 'IndiGo', 'pod': 'Nagaland', 'dest': 'Himachal Pradesh', 'class': 'Business Class', 'date': '2023-03-30', 'time': '13:29:26', 'price': 144120}
[2024-09-07 20:18:14,879][__main__][INFO]: Inserted flight: {'name': 'Star Air', 'pod': 'Arunachal Pradesh', 'dest': 'Nagaland', 'class': 'Economy Class', 'date': '2023-09-02', 'time': '02:41:17', 'price': 685202}
[2024-09-07 20:18:14,946][__main__][INFO]: Inserted flight: {'name': 'SpiceJet', 'pod': 'West Bengal', 'dest': 'Himachal Pradesh', 'class': 'Economy Class', 'date': '2024-02-27', 'time': '19:32:26', 'price': 533115}
[2024-09-07 20:18:15,012][__main__][INFO]: Inserted flight: {'name': 'Akasa Air', 'pod': 'Chhattisgarh', 'dest': 'Rajasthan', 'class': 'Premium Economy Class', 'date': '2022-12-14', 'time': '10:52:13', 'price': 409832}
[2024-09-07 20:18:15,079][__main__][INFO]: Inserted flight: {'name': 'GoAir', 'pod': 'Chhattisgarh', 'dest': 'Kerala', 'class': 'Economy Class', 'date': '2022-12-26', 'time': '17:27:18', 'price': 486329}
[2024-09-07 20:18:15,146][__main__][INFO]: Inserted flight: {'name': 'GoAir', 'pod': 'Madhya Pradesh', 'dest': 'Rajasthan', 'class': 'Economy Class', 'date': '2023-04-03', 'time': '14:38:56', 'price': 44966}
[2024-09-07 20:18:15,213][__main__][INFO]: Inserted flight: {'name': 'Star Air', 'pod': 'Tamil Nadu', 'dest': 'Chhattisgarh', 'class': 'Business Class', 'date': '2023-12-23', 'time': '08:50:29', 'price': 753924}
[2024-09-07 20:18:15,279][__main__][INFO]: Inserted flight: {'name': 'Star Air', 'pod': 'Andhra Pradesh', 'dest': 'Mizoram', 'class': 'First Class', 'date': '2024-01-21', 'time': '07:19:52', 'price': 134089}
[2024-09-07 20:18:15,346][__main__][INFO]: Inserted flight: {'name': 'Air India', 'pod': 'Gujarat', 'dest': 'Kerala', 'class': 'Economy Class', 'date': '2022-10-13', 'time': '21:47:05', 'price': 265222}
[2024-09-07 20:18:15,413][__main__][INFO]: Inserted flight: {'name': 'IndiGo', 'pod': 'West Bengal', 'dest': 'Manipur', 'class': 'Premium Economy Class', 'date': '2024-04-29', 'time': '11:54:04', 'price': 143526}
[2024-09-07 20:18:15,479][__main__][INFO]: Inserted flight: {'name': 'Star Air', 'pod': 'Telangana', 'dest': 'Tamil Nadu', 'class': 'First Class', 'date': '2023-12-17', 'time': '10:35:08', 'price': 671708}
[2024-09-07 20:18:15,562][__main__][INFO]: Inserted flight: {'name': 'Air India Express', 'pod': 'Tamil Nadu', 'dest': 'Assam, Bihar', 'class': 'Premium Economy Class', 'date': '2023-12-22', 'time': '11:24:46', 'price': 417342}
[2024-09-07 20:18:15,631][__main__][INFO]: Inserted flight: {'name': 'GoAir', 'pod': 'Tamil Nadu', 'dest': 'Manipur', 'class': 'Business Class', 'date': '2024-08-14', 'time': '17:02:01', 'price': 435433}
[2024-09-07 20:18:15,696][__main__][INFO]: Inserted flight: {'name': 'Vistara', 'pod': 'Andhra Pradesh', 'dest': 'Nagaland', 'class': 'Business Class', 'date': '2024-05-03', 'time': '02:16:53', 'price': 396662}
[2024-09-07 20:18:15,762][__main__][INFO]: Inserted flight: {'name': 'Star Air', 'pod': 'Uttarakhand', 'dest': 'Tamil Nadu', 'class': 'First Class', 'date': '2024-08-03', 'time': '19:09:16', 'price': 476696}
[2024-09-07 20:18:15,829][__main__][INFO]: Inserted flight: {'name': 'Alliance Air', 'pod': 'Uttar Pradesh', 'dest': 'Tamil Nadu', 'class': 'Business Class', 'date': '2024-04-12', 'time': '09:57:15', 'price': 447967}
[2024-09-07 20:18:15,901][__main__][INFO]: Inserted flight: {'name': 'GoAir', 'pod': 'Telangana', 'dest': 'Gujarat', 'class': 'Business Class', 'date': '2024-08-14', 'time': '04:09:36', 'price': 732405}
[2024-09-07 20:18:15,962][__main__][INFO]: Inserted flight: {'name': 'Star Air', 'pod': 'Haryana', 'dest': 'Odisha', 'class': 'Economy Class', 'date': '2022-10-13', 'time': '16:55:35', 'price': 110981}
[2024-09-07 20:18:16,029][__main__][INFO]: Inserted flight: {'name': 'GoAir', 'pod': 'Tripura', 'dest': 'Assam, Bihar', 'class': 'Business Class', 'date': '2023-08-23', 'time': '10:56:42', 'price': 73172}
[2024-09-07 20:18:16,095][__main__][INFO]: Inserted flight: {'name': 'Air India', 'pod': 'Rajasthan', 'dest': 'Karnataka', 'class': 'Economy Class', 'date': '2024-01-27', 'time': '23:03:50', 'price': 621217}
[2024-09-07 20:18:16,178][__main__][INFO]: Inserted flight: {'name': 'Star Air', 'pod': 'Rajasthan', 'dest': 'Himachal Pradesh', 'class': 'Business Class', 'date': '2023-12-08', 'time': '03:26:14', 'price': 606808}
[2024-09-07 20:18:16,247][__main__][INFO]: Inserted flight: {'name': 'Vistara', 'pod': 'Meghalaya', 'dest': 'Jharkhand', 'class': 'First Class', 'date': '2024-03-16', 'time': '03:31:11', 'price': 394953}
[2024-09-07 20:18:16,311][__main__][INFO]: Inserted flight: {'name': 'Star Air', 'pod': 'Odisha', 'dest': 'Kerala', 'class': 'Business Class', 'date': '2024-03-28', 'time': '12:40:22', 'price': 437205}
[2024-09-07 20:18:16,379][__main__][INFO]: Inserted flight: {'name': 'IndiGo', 'pod': 'Jharkhand', 'dest': 'Gujarat', 'class': 'Business Class', 'date': '2023-10-05', 'time': '05:05:32', 'price': 405482}
[2024-09-07 20:18:16,445][__main__][INFO]: Inserted flight: {'name': 'Air India Express', 'pod': 'Goa', 'dest': 'Gujarat', 'class': 'Premium Economy Class', 'date': '2022-10-28', 'time': '04:17:38', 'price': 116195}
[2024-09-07 20:18:16,513][__main__][INFO]: Inserted flight: {'name': 'IndiGo', 'pod': 'Himachal Pradesh', 'dest': 'Haryana', 'class': 'Premium Economy Class', 'date': '2023-03-28', 'time': '13:52:14', 'price': 147619}
[2024-09-07 20:18:16,581][__main__][INFO]: Inserted flight: {'name': 'Star Air', 'pod': 'Chhattisgarh', 'dest': 'Manipur', 'class': 'First Class', 'date': '2023-05-03', 'time': '09:58:32', 'price': 23247}
[2024-09-07 20:18:16,645][__main__][INFO]: Inserted flight: {'name': 'Akasa Air', 'pod': 'Haryana', 'dest': 'Jharkhand', 'class': 'Economy Class', 'date': '2023-05-20', 'time': '10:02:20', 'price': 349286}
[2024-09-07 20:18:16,712][__main__][INFO]: Inserted flight: {'name': 'Vistara', 'pod': 'Punjab', 'dest': 'Karnataka', 'class': 'Premium Economy Class', 'date': '2023-02-15', 'time': '06:34:49', 'price': 530336}
[2024-09-07 20:18:16,779][__main__][INFO]: Inserted flight: {'name': 'Air India', 'pod': 'Sikkim', 'dest': 'Mizoram', 'class': 'Business Class', 'date': '2023-12-02', 'time': '14:15:17', 'price': 708145}
[2024-09-07 20:18:16,862][__main__][INFO]: Inserted flight: {'name': 'Air India Express', 'pod': 'Kerala', 'dest': 'Sikkim', 'class': 'First Class', 'date': '2023-08-23', 'time': '06:16:56', 'price': 476131}
[2024-09-07 20:18:16,927][__main__][INFO]: Inserted flight: {'name': 'Vistara', 'pod': 'Tripura', 'dest': 'Kerala', 'class': 'Economy Class', 'date': '2023-10-26', 'time': '05:46:33', 'price': 273716}
[2024-09-07 20:18:16,979][__main__][INFO]: Inserted flight: {'name': 'IndiGo', 'pod': 'Andhra Pradesh', 'dest': 'Mizoram', 'class': 'Economy Class', 'date': '2023-10-22', 'time': '21:22:47', 'price': 86348}
[2024-09-07 20:18:17,061][__main__][INFO]: Inserted flight: {'name': 'Star Air', 'pod': 'Tamil Nadu', 'dest': 'Haryana', 'class': 'Premium Economy Class', 'date': '2024-06-04', 'time': '00:32:19', 'price': 206712}
[2024-09-07 20:18:17,128][__main__][INFO]: Inserted flight: {'name': 'IndiGo', 'pod': 'Madhya Pradesh', 'dest': 'Goa', 'class': 'Economy Class', 'date': '2023-10-02', 'time': '06:14:32', 'price': 658020}
[2024-09-07 20:18:17,194][__main__][INFO]: Inserted flight: {'name': 'Star Air', 'pod': 'Meghalaya', 'dest': 'Himachal Pradesh', 'class': 'Premium Economy Class', 'date': '2024-07-18', 'time': '19:30:20', 'price': 398625}
[2024-09-07 20:18:17,261][__main__][INFO]: Inserted flight: {'name': 'Akasa Air', 'pod': 'Nagaland', 'dest': 'Sikkim', 'class': 'Premium Economy Class', 'date': '2023-09-08', 'time': '06:09:14', 'price': 269526}
[2024-09-07 20:18:17,327][__main__][INFO]: Inserted flight: {'name': 'GoAir', 'pod': 'Andhra Pradesh', 'dest': 'Manipur', 'class': 'Economy Class', 'date': '2024-07-31', 'time': '00:26:54', 'price': 522680}
[2024-09-07 20:18:17,395][__main__][INFO]: Inserted flight: {'name': 'IndiGo', 'pod': 'Assam, Bihar', 'dest': 'Meghalaya', 'class': 'Business Class', 'date': '2024-02-23', 'time': '17:40:21', 'price': 787322}
[2024-09-07 20:18:17,462][__main__][INFO]: Inserted flight: {'name': 'GoAir', 'pod': 'Uttar Pradesh', 'dest': 'Jharkhand', 'class': 'First Class', 'date': '2024-06-29', 'time': '01:19:55', 'price': 363651}
[2024-09-07 20:18:17,528][__main__][INFO]: Inserted flight: {'name': 'SpiceJet', 'pod': 'Rajasthan', 'dest': 'Odisha', 'class': 'Economy Class', 'date': '2024-02-14', 'time': '22:27:54', 'price': 356615}
[2024-09-07 20:18:17,598][__main__][INFO]: Inserted flight: {'name': 'SpiceJet', 'pod': 'Meghalaya', 'dest': 'Arunachal Pradesh', 'class': 'Premium Economy Class', 'date': '2024-05-01', 'time': '11:24:24', 'price': 520502}
[2024-09-07 20:18:17,662][__main__][INFO]: Inserted flight: {'name': 'Air India Express', 'pod': 'Meghalaya', 'dest': 'Karnataka', 'class': 'Business Class', 'date': '2023-12-06', 'time': '23:31:01', 'price': 505699}
[2024-09-07 20:18:17,743][__main__][INFO]: Inserted flight: {'name': 'Air India', 'pod': 'Tamil Nadu', 'dest': 'Chhattisgarh', 'class': 'Premium Economy Class', 'date': '2023-08-29', 'time': '10:25:33', 'price': 398300}
[2024-09-07 20:18:17,855][__main__][INFO]: Inserted flight: {'name': 'Air India Express', 'pod': 'Madhya Pradesh', 'dest': 'Karnataka', 'class': 'First Class', 'date': '2024-07-28', 'time': '13:57:14', 'price': 686855}
[2024-09-07 20:18:17,928][__main__][INFO]: Inserted flight: {'name': 'Air India Express', 'pod': 'Mizoram', 'dest': 'Gujarat', 'class': 'Premium Economy Class', 'date': '2024-02-16', 'time': '01:16:35', 'price': 273995}
[2024-09-07 20:18:17,995][__main__][INFO]: Inserted flight: {'name': 'Vistara', 'pod': 'Jharkhand', 'dest': 'Assam, Bihar', 'class': 'Economy Class', 'date': '2023-08-20', 'time': '14:27:36', 'price': 28364}
[2024-09-07 20:18:18,061][__main__][INFO]: Inserted flight: {'name': 'Air India', 'pod': 'Sikkim', 'dest': 'Madhya Pradesh', 'class': 'Business Class', 'date': '2023-05-16', 'time': '03:14:53', 'price': 560841}
[2024-09-07 20:18:18,134][__main__][INFO]: Inserted flight: {'name': 'Akasa Air', 'pod': 'Tamil Nadu', 'dest': 'Manipur', 'class': 'Premium Economy Class', 'date': '2024-08-11', 'time': '07:31:58', 'price': 25594}
[2024-09-07 20:18:18,195][__main__][INFO]: Inserted flight: {'name': 'Air India', 'pod': 'Uttar Pradesh', 'dest': 'Meghalaya', 'class': 'Economy Class', 'date': '2024-04-17', 'time': '18:54:52', 'price': 728569}
[2024-09-07 20:18:18,277][__main__][INFO]: Inserted flight: {'name': 'Alliance Air', 'pod': 'Tripura', 'dest': 'Manipur', 'class': 'Premium Economy Class', 'date': '2024-07-28', 'time': '01:31:41', 'price': 672995}
[2024-09-07 20:18:18,345][__main__][INFO]: Inserted flight: {'name': 'IndiGo', 'pod': 'Haryana', 'dest': 'Madhya Pradesh', 'class': 'Economy Class', 'date': '2022-09-08', 'time': '09:18:17', 'price': 333300}
[2024-09-07 20:18:18,411][__main__][INFO]: Inserted flight: {'name': 'Alliance Air', 'pod': 'Gujarat', 'dest': 'Assam, Bihar', 'class': 'Premium Economy Class', 'date': '2024-07-04', 'time': '11:06:49', 'price': 683788}
[2024-09-07 20:18:18,478][__main__][INFO]: Inserted flight: {'name': 'Alliance Air', 'pod': 'Odisha', 'dest': 'Madhya Pradesh', 'class': 'Business Class', 'date': '2022-09-12', 'time': '16:06:32', 'price': 247167}
[2024-09-07 20:18:18,545][__main__][INFO]: Inserted flight: {'name': 'AirAsia India', 'pod': 'Maharashtra', 'dest': 'Tripura', 'class': 'Premium Economy Class', 'date': '2023-12-21', 'time': '03:53:24', 'price': 289708}
[2024-09-07 20:18:18,611][__main__][INFO]: Inserted flight: {'name': 'Vistara', 'pod': 'Himachal Pradesh', 'dest': 'Jharkhand', 'class': 'First Class', 'date': '2024-05-10', 'time': '13:27:48', 'price': 212215}
[2024-09-07 20:18:18,694][__main__][INFO]: Inserted flight: {'name': 'SpiceJet', 'pod': 'Tamil Nadu', 'dest': 'Haryana', 'class': 'Business Class', 'date': '2023-12-09', 'time': '06:20:25', 'price': 544450}
[2024-09-07 20:18:18,761][__main__][INFO]: Inserted flight: {'name': 'GoAir', 'pod': 'Chhattisgarh', 'dest': 'Assam, Bihar', 'class': 'Economy Class', 'date': '2022-09-18', 'time': '18:19:42', 'price': 148667}
[2024-09-07 20:18:18,828][__main__][INFO]: Inserted flight: {'name': 'GoAir', 'pod': 'Haryana', 'dest': 'Kerala', 'class': 'Premium Economy Class', 'date': '2024-01-08', 'time': '03:32:06', 'price': 735268}
[2024-09-07 20:18:18,894][__main__][INFO]: Inserted flight: {'name': 'Air India', 'pod': 'Manipur', 'dest': 'Uttar Pradesh', 'class': 'Business Class', 'date': '2023-06-06', 'time': '10:29:58', 'price': 659003}
[2024-09-07 20:18:18,961][__main__][INFO]: Inserted flight: {'name': 'Akasa Air', 'pod': 'Assam, Bihar', 'dest': 'Maharashtra', 'class': 'Business Class', 'date': '2023-06-01', 'time': '17:56:16', 'price': 444499}
[2024-09-07 20:18:19,028][__main__][INFO]: Inserted flight: {'name': 'GoAir', 'pod': 'Rajasthan', 'dest': 'Madhya Pradesh', 'class': 'First Class', 'date': '2023-10-04', 'time': '06:58:54', 'price': 487794}
[2024-09-07 20:18:19,095][__main__][INFO]: Inserted flight: {'name': 'IndiGo', 'pod': 'Uttar Pradesh', 'dest': 'Chhattisgarh', 'class': 'First Class', 'date': '2022-09-13', 'time': '19:44:10', 'price': 663866}
[2024-09-07 20:18:19,178][__main__][INFO]: Inserted flight: {'name': 'SpiceJet', 'pod': 'Gujarat', 'dest': 'Nagaland', 'class': 'First Class', 'date': '2024-01-14', 'time': '15:56:05', 'price': 398516}
[2024-09-07 20:18:19,244][__main__][INFO]: Inserted flight: {'name': 'IndiGo', 'pod': 'Chhattisgarh', 'dest': 'Sikkim', 'class': 'Premium Economy Class', 'date': '2024-06-17', 'time': '05:01:02', 'price': 763599}
[2024-09-07 20:18:19,311][__main__][INFO]: Inserted flight: {'name': 'Vistara', 'pod': 'Andhra Pradesh', 'dest': 'Gujarat', 'class': 'Premium Economy Class', 'date': '2024-09-06', 'time': '06:31:46', 'price': 546491}
[2024-09-07 20:18:19,378][__main__][INFO]: Inserted flight: {'name': 'AirAsia India', 'pod': 'Tripura', 'dest': 'Jharkhand', 'class': 'First Class', 'date': '2023-03-26', 'time': '05:33:54', 'price': 62476}
[2024-09-07 20:18:19,444][__main__][INFO]: Inserted flight: {'name': 'GoAir', 'pod': 'Uttarakhand', 'dest': 'Nagaland', 'class': 'Business Class', 'date': '2023-03-10', 'time': '09:44:23', 'price': 275550}
[2024-09-07 20:18:19,515][__main__][INFO]: Inserted flight: {'name': 'Alliance Air', 'pod': 'Chhattisgarh', 'dest': 'Sikkim', 'class': 'Economy Class', 'date': '2024-08-04', 'time': '22:12:16', 'price': 492016}
[2024-09-07 20:18:19,580][__main__][INFO]: Inserted flight: {'name': 'AirAsia India', 'pod': 'Arunachal Pradesh', 'dest': 'Tripura', 'class': 'First Class', 'date': '2023-06-22', 'time': '18:25:32', 'price': 342748}
[2024-09-07 20:18:19,644][__main__][INFO]: Inserted flight: {'name': 'Alliance Air', 'pod': 'Tripura', 'dest': 'Uttarakhand', 'class': 'Business Class', 'date': '2022-12-24', 'time': '11:10:56', 'price': 674982}
[2024-09-07 20:18:19,711][__main__][INFO]: Inserted flight: {'name': 'Air India Express', 'pod': 'Karnataka', 'dest': 'Manipur', 'class': 'First Class', 'date': '2022-10-19', 'time': '04:48:51', 'price': 323888}
[2024-09-07 20:18:19,778][__main__][INFO]: Inserted flight: {'name': 'SpiceJet', 'pod': 'Gujarat', 'dest': 'Sikkim', 'class': 'Premium Economy Class', 'date': '2022-10-01', 'time': '00:16:32', 'price': 497256}
[2024-09-07 20:18:19,861][__main__][INFO]: Inserted flight: {'name': 'Air India Express', 'pod': 'Tripura', 'dest': 'Odisha', 'class': 'First Class', 'date': '2023-12-01', 'time': '12:10:01', 'price': 270448}
[2024-09-07 20:18:19,927][__main__][INFO]: Inserted flight: {'name': 'Alliance Air', 'pod': 'Gujarat', 'dest': 'Odisha', 'class': 'First Class', 'date': '2023-06-04', 'time': '07:50:20', 'price': 722095}
[2024-09-07 20:18:19,994][__main__][INFO]: Inserted flight: {'name': 'Akasa Air', 'pod': 'Himachal Pradesh', 'dest': 'Odisha', 'class': 'Business Class', 'date': '2024-06-22', 'time': '13:38:15', 'price': 111159}
[2024-09-07 20:18:20,061][__main__][INFO]: Inserted flight: {'name': 'Akasa Air', 'pod': 'Maharashtra', 'dest': 'Assam, Bihar', 'class': 'Business Class', 'date': '2024-01-29', 'time': '03:56:40', 'price': 336118}
[2024-09-07 20:18:20,127][__main__][INFO]: Inserted flight: {'name': 'Akasa Air', 'pod': 'Meghalaya', 'dest': 'Uttar Pradesh', 'class': 'Business Class', 'date': '2024-06-25', 'time': '18:55:47', 'price': 508355}
[2024-09-07 20:18:20,194][__main__][INFO]: Inserted flight: {'name': 'Air India Express', 'pod': 'Maharashtra', 'dest': 'Jharkhand', 'class': 'First Class', 'date': '2023-01-19', 'time': '13:44:02', 'price': 125140}
[2024-09-07 20:18:20,276][__main__][INFO]: Inserted flight: {'name': 'Star Air', 'pod': 'Chhattisgarh', 'dest': 'Goa', 'class': 'Premium Economy Class', 'date': '2023-05-18', 'time': '15:39:46', 'price': 572665}
[2024-09-07 20:18:20,344][__main__][INFO]: Inserted flight: {'name': 'IndiGo', 'pod': 'Mizoram', 'dest': 'Arunachal Pradesh', 'class': 'Business Class', 'date': '2024-01-27', 'time': '04:21:10', 'price': 211903}
[2024-09-07 20:18:20,410][__main__][INFO]: Inserted flight: {'name': 'AirAsia India', 'pod': 'West Bengal', 'dest': 'Goa', 'class': 'Business Class', 'date': '2023-01-09', 'time': '11:49:42', 'price': 168751}
[2024-09-07 20:18:20,477][__main__][INFO]: Inserted flight: {'name': 'SpiceJet', 'pod': 'Tamil Nadu', 'dest': 'Sikkim', 'class': 'Economy Class', 'date': '2023-12-15', 'time': '18:53:34', 'price': 526251}
[2024-09-07 20:18:20,544][__main__][INFO]: Inserted flight: {'name': 'Vistara', 'pod': 'Assam, Bihar', 'dest': 'Manipur', 'class': 'First Class', 'date': '2023-04-23', 'time': '07:36:40', 'price': 66640}
[2024-09-07 20:18:20,610][__main__][INFO]: Inserted flight: {'name': 'IndiGo', 'pod': 'Odisha', 'dest': 'Punjab', 'class': 'Economy Class', 'date': '2022-10-07', 'time': '07:25:46', 'price': 734446}
[2024-09-07 20:18:20,677][__main__][INFO]: Inserted flight: {'name': 'AirAsia India', 'pod': 'Meghalaya', 'dest': 'Chhattisgarh', 'class': 'Premium Economy Class', 'date': '2023-06-17', 'time': '10:12:15', 'price': 314920}
[2024-09-07 20:18:20,744][__main__][INFO]: Inserted flight: {'name': 'Air India', 'pod': 'Maharashtra', 'dest': 'Karnataka', 'class': 'Economy Class', 'date': '2024-05-22', 'time': '11:25:32', 'price': 735334}
[2024-09-07 20:18:20,811][__main__][INFO]: Inserted flight: {'name': 'SpiceJet', 'pod': 'Assam, Bihar', 'dest': 'Jharkhand', 'class': 'Premium Economy Class', 'date': '2022-11-26', 'time': '01:27:01', 'price': 645945}
[2024-09-07 20:18:20,878][__main__][INFO]: Inserted flight: {'name': 'Vistara', 'pod': 'Uttarakhand', 'dest': 'Gujarat', 'class': 'First Class', 'date': '2023-04-20', 'time': '11:31:06', 'price': 413350}
[2024-09-07 20:18:20,945][__main__][INFO]: Inserted flight: {'name': 'Air India', 'pod': 'Kerala', 'dest': 'West Bengal', 'class': 'Premium Economy Class', 'date': '2024-03-05', 'time': '00:35:47', 'price': 794341}
[2024-09-07 20:18:21,011][__main__][INFO]: Inserted flight: {'name': 'Akasa Air', 'pod': 'Madhya Pradesh', 'dest': 'Uttarakhand', 'class': 'Premium Economy Class', 'date': '2024-09-07', 'time': '17:25:11', 'price': 279042}
[2024-09-07 20:18:21,094][__main__][INFO]: Inserted flight: {'name': 'Star Air', 'pod': 'Rajasthan', 'dest': 'Arunachal Pradesh', 'class': 'First Class', 'date': '2024-03-06', 'time': '12:22:04', 'price': 314822}
[2024-09-07 20:18:21,166][__main__][INFO]: Inserted flight: {'name': 'Vistara', 'pod': 'Madhya Pradesh', 'dest': 'Assam, Bihar', 'class': 'First Class', 'date': '2023-12-25', 'time': '03:39:12', 'price': 287486}
[2024-09-07 20:18:21,243][__main__][INFO]: Inserted flight: {'name': 'Air India Express', 'pod': 'Nagaland', 'dest': 'Telangana', 'class': 'Economy Class', 'date': '2023-06-03', 'time': '10:42:10', 'price': 767005}
[2024-09-07 20:18:21,316][__main__][INFO]: Inserted flight: {'name': 'Alliance Air', 'pod': 'Nagaland', 'dest': 'Arunachal Pradesh', 'class': 'First Class', 'date': '2023-06-12', 'time': '02:32:32', 'price': 158488}
[2024-09-07 20:18:21,383][__main__][INFO]: Inserted flight: {'name': 'Air India', 'pod': 'Meghalaya', 'dest': 'Andhra Pradesh', 'class': 'Business Class', 'date': '2024-05-01', 'time': '16:54:00', 'price': 538294}
[2024-09-07 20:18:21,444][__main__][INFO]: Inserted flight: {'name': 'Air India', 'pod': 'Maharashtra', 'dest': 'Karnataka', 'class': 'Premium Economy Class', 'date': '2023-10-28', 'time': '00:48:58', 'price': 546414}
[2024-09-07 20:18:21,516][__main__][INFO]: Inserted flight: {'name': 'Vistara', 'pod': 'Assam, Bihar', 'dest': 'Gujarat', 'class': 'Economy Class', 'date': '2023-12-27', 'time': '16:30:24', 'price': 622638}
[2024-09-07 20:18:21,597][__main__][INFO]: Inserted flight: {'name': 'Akasa Air', 'pod': 'Rajasthan', 'dest': 'Manipur', 'class': 'Premium Economy Class', 'date': '2022-09-12', 'time': '04:23:46', 'price': 74950}
[2024-09-07 20:18:21,599][__main__][WARNING]: Failed to auto log Admin: k in
[2024-09-07 20:18:21,887][ui.Manager][INFO]: Initialized SignUp
[2024-09-07 20:18:21,960][ui.Manager][INFO]: Initialized Login
[2024-09-07 20:18:21,961][ui.Manager][INFO]: Initialized FrontPage
[2024-09-07 20:18:21,961][ui.Manager][INFO]: Showing FrontPage
[2024-09-07 20:18:24,634][ui.Manager][INFO]: Showing SignUp
[2024-09-07 20:18:34,278][ui.SignUp][INFO]: Admin: k signed up
[2024-09-07 20:18:34,278][ui.Manager][INFO]: Deleted Login
[2024-09-07 20:18:34,305][ui.Manager][INFO]: Deleted FrontPage
[2024-09-07 20:18:34,316][ui.Manager][INFO]: Deleted SignUp
[2024-09-07 20:18:34,340][ui.Manager][INFO]: Initialized Home
[2024-09-07 20:18:34,340][ui.Manager][INFO]: Showing Home
[2024-09-07 20:18:35,444][ui.Flights][INFO]: Refreshing Flights!
[2024-09-07 20:18:35,444][ui.Flights][INFO]: Extracted available flights from flights
[2024-09-07 20:18:35,444][ui.Manager][INFO]: Initialized Flights
[2024-09-07 20:18:35,444][ui.Manager][INFO]: Showing Flights
[2024-09-07 20:18:38,010][ui.Flights][INFO]: Refreshing Flights!
[2024-09-07 20:18:38,010][ui.Flights][INFO]: Extracted flights from Flights!
[2024-09-07 20:18:39,245][ui.Flights][INFO]: Refreshing Flights!
[2024-09-07 20:18:39,245][ui.Flights][INFO]: Extracted expired flights from Flights!
[2024-09-07 20:18:41,995][ui.Flights][INFO]: Refreshing Flights!
[2024-09-07 20:18:41,995][ui.Flights][INFO]: Extracted flights from Flights!
[2024-09-07 20:18:50,422][ui.Manager][INFO]: Showing Home
[2024-09-07 20:18:51,926][ui.Manager][INFO]: Showing Flights
[2024-09-07 20:18:52,990][ui.Manager][INFO]: Showing Home
[2024-09-07 20:18:53,971][ui.Cart][INFO]: Refreshing Cart!
[2024-09-07 20:18:53,971][ui.Cart][INFO]: Extracted data from passengers
[2024-09-07 20:18:53,971][ui.Manager][INFO]: Initialized Cart
[2024-09-07 20:18:53,971][ui.Manager][INFO]: Showing Cart
[2024-09-07 20:18:55,630][ui.Manager][INFO]: Showing Home
[2024-09-07 20:19:00,688][ui.Manager][INFO]: Showing Flights
[2024-09-07 20:19:41,134][__main__][INFO]: Program terminated!
